<?xml version="1.0" encoding="UTF-8"?>
<testsuites>
  <testsuite name="/home/steve/dev/hot-tub-controller/backend/phpunit.xml" tests="646" assertions="3430" errors="0" failures="0" skipped="4" time="16.731820">
    <testsuite name="unit" tests="265" assertions="1020" errors="0" failures="0" skipped="2" time="2.509702">
      <testsuite name="HotTubController\Tests\Unit\Application\Actions\Admin\CreateUserActionTest" file="/home/steve/dev/hot-tub-controller/backend/tests/Unit/Application/Actions/Admin/CreateUserActionTest.php" tests="8" assertions="34" errors="0" failures="0" skipped="0" time="0.061157">
        <testcase name="testCreateUserFailsWithUserToken" file="/home/steve/dev/hot-tub-controller/backend/tests/Unit/Application/Actions/Admin/CreateUserActionTest.php" line="137" class="HotTubController\Tests\Unit\Application\Actions\Admin\CreateUserActionTest" classname="HotTubController.Tests.Unit.Application.Actions.Admin.CreateUserActionTest" assertions="3" time="0.055923"/>
        <testcase name="testCreateUserFailsWithInvalidNameLength" file="/home/steve/dev/hot-tub-controller/backend/tests/Unit/Application/Actions/Admin/CreateUserActionTest.php" line="181" class="HotTubController\Tests\Unit\Application\Actions\Admin\CreateUserActionTest" classname="HotTubController.Tests.Unit.Application.Actions.Admin.CreateUserActionTest" assertions="3" time="0.000714"/>
        <testcase name="testCreateUserWithAdminTokenSucceeds" file="/home/steve/dev/hot-tub-controller/backend/tests/Unit/Application/Actions/Admin/CreateUserActionTest.php" line="34" class="HotTubController\Tests\Unit\Application\Actions\Admin\CreateUserActionTest" classname="HotTubController.Tests.Unit.Application.Actions.Admin.CreateUserActionTest" assertions="10" time="0.000982"/>
        <testcase name="testCreateUserCanCreateAdminToken" file="/home/steve/dev/hot-tub-controller/backend/tests/Unit/Application/Actions/Admin/CreateUserActionTest.php" line="79" class="HotTubController\Tests\Unit\Application\Actions\Admin\CreateUserActionTest" classname="HotTubController.Tests.Unit.Application.Actions.Admin.CreateUserActionTest" assertions="5" time="0.000594"/>
        <testcase name="testCreateUserFailsWithoutAuthentication" file="/home/steve/dev/hot-tub-controller/backend/tests/Unit/Application/Actions/Admin/CreateUserActionTest.php" line="119" class="HotTubController\Tests\Unit\Application\Actions\Admin\CreateUserActionTest" classname="HotTubController.Tests.Unit.Application.Actions.Admin.CreateUserActionTest" assertions="2" time="0.000767"/>
        <testcase name="testCreateUserFailsWithMissingName" file="/home/steve/dev/hot-tub-controller/backend/tests/Unit/Application/Actions/Admin/CreateUserActionTest.php" line="162" class="HotTubController\Tests\Unit\Application\Actions\Admin\CreateUserActionTest" classname="HotTubController.Tests.Unit.Application.Actions.Admin.CreateUserActionTest" assertions="3" time="0.000640"/>
        <testcase name="testCreateUserFailsWithInvalidRole" file="/home/steve/dev/hot-tub-controller/backend/tests/Unit/Application/Actions/Admin/CreateUserActionTest.php" line="202" class="HotTubController\Tests\Unit\Application\Actions\Admin\CreateUserActionTest" classname="HotTubController.Tests.Unit.Application.Actions.Admin.CreateUserActionTest" assertions="3" time="0.000530"/>
        <testcase name="testCreateUserHandlesTokenServiceException" file="/home/steve/dev/hot-tub-controller/backend/tests/Unit/Application/Actions/Admin/CreateUserActionTest.php" line="224" class="HotTubController\Tests\Unit\Application\Actions\Admin\CreateUserActionTest" classname="HotTubController.Tests.Unit.Application.Actions.Admin.CreateUserActionTest" assertions="5" time="0.001006"/>
      </testsuite>
      <testsuite name="HotTubController\Tests\Unit\Application\Actions\Admin\ListUsersActionTest" file="/home/steve/dev/hot-tub-controller/backend/tests/Unit/Application/Actions/Admin/ListUsersActionTest.php" tests="6" assertions="40" errors="0" failures="0" skipped="0" time="0.004891">
        <testcase name="testListUsersFailsWithUserToken" file="/home/steve/dev/hot-tub-controller/backend/tests/Unit/Application/Actions/Admin/ListUsersActionTest.php" line="117" class="HotTubController\Tests\Unit\Application\Actions\Admin\ListUsersActionTest" classname="HotTubController.Tests.Unit.Application.Actions.Admin.ListUsersActionTest" assertions="3" time="0.000856"/>
        <testcase name="testListUsersWithAdminTokenSucceeds" file="/home/steve/dev/hot-tub-controller/backend/tests/Unit/Application/Actions/Admin/ListUsersActionTest.php" line="34" class="HotTubController\Tests\Unit\Application\Actions\Admin\ListUsersActionTest" classname="HotTubController.Tests.Unit.Application.Actions.Admin.ListUsersActionTest" assertions="23" time="0.001704"/>
        <testcase name="testListUsersFailsWithoutAuthentication" file="/home/steve/dev/hot-tub-controller/backend/tests/Unit/Application/Actions/Admin/ListUsersActionTest.php" line="102" class="HotTubController\Tests\Unit\Application\Actions\Admin\ListUsersActionTest" classname="HotTubController.Tests.Unit.Application.Actions.Admin.ListUsersActionTest" assertions="2" time="0.000541"/>
        <testcase name="testListUsersWithEmptyTokenList" file="/home/steve/dev/hot-tub-controller/backend/tests/Unit/Application/Actions/Admin/ListUsersActionTest.php" line="139" class="HotTubController\Tests\Unit\Application\Actions\Admin\ListUsersActionTest" classname="HotTubController.Tests.Unit.Application.Actions.Admin.ListUsersActionTest" assertions="5" time="0.000660"/>
        <testcase name="testListUsersHandlesTokenServiceException" file="/home/steve/dev/hot-tub-controller/backend/tests/Unit/Application/Actions/Admin/ListUsersActionTest.php" line="164" class="HotTubController\Tests\Unit\Application\Actions\Admin\ListUsersActionTest" classname="HotTubController.Tests.Unit.Application.Actions.Admin.ListUsersActionTest" assertions="5" time="0.000590"/>
        <testcase name="testListUsersLogsSuccessfulRequest" file="/home/steve/dev/hot-tub-controller/backend/tests/Unit/Application/Actions/Admin/ListUsersActionTest.php" line="193" class="HotTubController\Tests\Unit\Application\Actions\Admin\ListUsersActionTest" classname="HotTubController.Tests.Unit.Application.Actions.Admin.ListUsersActionTest" assertions="2" time="0.000540"/>
      </testsuite>
      <testsuite name="HotTubController\Tests\Unit\Application\Actions\Heating\HeatingStatusActionTest" file="/home/steve/dev/hot-tub-controller/backend/tests/Unit/Application/Actions/Heating/HeatingStatusActionTest.php" tests="5" assertions="42" errors="0" failures="0" skipped="0" time="0.012394">
        <testcase name="testStatusWithNoActiveCycleOrScheduledEvents" file="/home/steve/dev/hot-tub-controller/backend/tests/Unit/Application/Actions/Heating/HeatingStatusActionTest.php" line="170" class="HotTubController\Tests\Unit\Application\Actions\Heating\HeatingStatusActionTest" classname="HotTubController.Tests.Unit.Application.Actions.Heating.HeatingStatusActionTest" assertions="6" time="0.005674"/>
        <testcase name="testStatusWithTemperatureSensorFailure" file="/home/steve/dev/hot-tub-controller/backend/tests/Unit/Application/Actions/Heating/HeatingStatusActionTest.php" line="216" class="HotTubController\Tests\Unit\Application\Actions\Heating\HeatingStatusActionTest" classname="HotTubController.Tests.Unit.Application.Actions.Heating.HeatingStatusActionTest" assertions="1" time="0.000255"/>
        <testcase name="testSystemHealthWithIssues" file="/home/steve/dev/hot-tub-controller/backend/tests/Unit/Application/Actions/Heating/HeatingStatusActionTest.php" line="245" class="HotTubController\Tests\Unit\Application\Actions\Heating\HeatingStatusActionTest" classname="HotTubController.Tests.Unit.Application.Actions.Heating.HeatingStatusActionTest" assertions="4" time="0.004486"/>
        <testcase name="testActionHandlesExceptionsGracefully" file="/home/steve/dev/hot-tub-controller/backend/tests/Unit/Application/Actions/Heating/HeatingStatusActionTest.php" line="293" class="HotTubController\Tests\Unit\Application\Actions\Heating\HeatingStatusActionTest" classname="HotTubController.Tests.Unit.Application.Actions.Heating.HeatingStatusActionTest" assertions="6" time="0.001220"/>
        <testcase name="testFullSystemStatus" file="/home/steve/dev/hot-tub-controller/backend/tests/Unit/Application/Actions/Heating/HeatingStatusActionTest.php" line="50" class="HotTubController\Tests\Unit\Application\Actions\Heating\HeatingStatusActionTest" classname="HotTubController.Tests.Unit.Application.Actions.Heating.HeatingStatusActionTest" assertions="25" time="0.000759"/>
      </testsuite>
      <testsuite name="HotTubController\Tests\Unit\Application\Actions\StatusActionTest" file="/home/steve/dev/hot-tub-controller/backend/tests/Unit/Application/Actions/StatusActionTest.php" tests="10" assertions="87" errors="0" failures="0" skipped="0" time="0.016225">
        <testcase name="testStatusReturnsExpectedStructure" file="/home/steve/dev/hot-tub-controller/backend/tests/Unit/Application/Actions/StatusActionTest.php" line="53" class="HotTubController\Tests\Unit\Application\Actions\StatusActionTest" classname="HotTubController.Tests.Unit.Application.Actions.StatusActionTest" assertions="14" time="0.001237"/>
        <testcase name="testMemoryMetricsStructure" file="/home/steve/dev/hot-tub-controller/backend/tests/Unit/Application/Actions/StatusActionTest.php" line="86" class="HotTubController\Tests\Unit\Application\Actions\StatusActionTest" classname="HotTubController.Tests.Unit.Application.Actions.StatusActionTest" assertions="21" time="0.001687"/>
        <testcase name="testSystemMetricsStructure" file="/home/steve/dev/hot-tub-controller/backend/tests/Unit/Application/Actions/StatusActionTest.php" line="121" class="HotTubController\Tests\Unit\Application\Actions\StatusActionTest" classname="HotTubController.Tests.Unit.Application.Actions.StatusActionTest" assertions="13" time="0.001061"/>
        <testcase name="testResponseTimeIsTracked" file="/home/steve/dev/hot-tub-controller/backend/tests/Unit/Application/Actions/StatusActionTest.php" line="149" class="HotTubController\Tests\Unit\Application\Actions\StatusActionTest" classname="HotTubController.Tests.Unit.Application.Actions.StatusActionTest" assertions="5" time="0.000254"/>
        <testcase name="testStatusDeterminationLogic" file="/home/steve/dev/hot-tub-controller/backend/tests/Unit/Application/Actions/StatusActionTest.php" line="188" class="HotTubController\Tests\Unit\Application\Actions\StatusActionTest" classname="HotTubController.Tests.Unit.Application.Actions.StatusActionTest" assertions="2" time="0.000198"/>
        <testcase name="testTimestampFormat" file="/home/steve/dev/hot-tub-controller/backend/tests/Unit/Application/Actions/StatusActionTest.php" line="209" class="HotTubController\Tests\Unit\Application\Actions\StatusActionTest" classname="HotTubController.Tests.Unit.Application.Actions.StatusActionTest" assertions="3" time="0.000452"/>
        <testcase name="testStatusRequiresAuthentication" file="/home/steve/dev/hot-tub-controller/backend/tests/Unit/Application/Actions/StatusActionTest.php" line="249" class="HotTubController\Tests\Unit\Application\Actions\StatusActionTest" classname="HotTubController.Tests.Unit.Application.Actions.StatusActionTest" assertions="3" time="0.000198"/>
        <testcase name="testStatusRejectsInvalidToken" file="/home/steve/dev/hot-tub-controller/backend/tests/Unit/Application/Actions/StatusActionTest.php" line="265" class="HotTubController\Tests\Unit\Application\Actions\StatusActionTest" classname="HotTubController.Tests.Unit.Application.Actions.StatusActionTest" assertions="3" time="0.000192"/>
        <testcase name="testConsistentResponseStructure" file="/home/steve/dev/hot-tub-controller/backend/tests/Unit/Application/Actions/StatusActionTest.php" line="228" class="HotTubController\Tests\Unit\Application\Actions\StatusActionTest" classname="HotTubController.Tests.Unit.Application.Actions.StatusActionTest" assertions="18" time="0.000453"/>
        <testcase name="testUptimeTracking" file="/home/steve/dev/hot-tub-controller/backend/tests/Unit/Application/Actions/StatusActionTest.php" line="164" class="HotTubController\Tests\Unit\Application\Actions\StatusActionTest" classname="HotTubController.Tests.Unit.Application.Actions.StatusActionTest" assertions="5" time="0.010492"/>
      </testsuite>
      <testsuite name="HotTubController\Tests\Unit\Domain\Heating\CronJobBuilderTest" file="/home/steve/dev/hot-tub-controller/backend/tests/Unit/Domain/Heating/CronJobBuilderTest.php" tests="16" assertions="57" errors="0" failures="0" skipped="0" time="0.014530">
        <testcase name="testConstructorCreatesConfigDirectory" file="/home/steve/dev/hot-tub-controller/backend/tests/Unit/Domain/Heating/CronJobBuilderTest.php" line="38" class="HotTubController\Tests\Unit\Domain\Heating\CronJobBuilderTest" classname="HotTubController.Tests.Unit.Domain.Heating.CronJobBuilderTest" assertions="2" time="0.002917"/>
        <testcase name="testBuildStartHeatingCron" file="/home/steve/dev/hot-tub-controller/backend/tests/Unit/Domain/Heating/CronJobBuilderTest.php" line="49" class="HotTubController\Tests\Unit\Domain\Heating\CronJobBuilderTest" classname="HotTubController.Tests.Unit.Domain.Heating.CronJobBuilderTest" assertions="13" time="0.001907"/>
        <testcase name="testBuildMonitorTempCron" file="/home/steve/dev/hot-tub-controller/backend/tests/Unit/Domain/Heating/CronJobBuilderTest.php" line="81" class="HotTubController\Tests\Unit\Domain\Heating\CronJobBuilderTest" classname="HotTubController.Tests.Unit.Domain.Heating.CronJobBuilderTest" assertions="9" time="0.000600"/>
        <testcase name="testBuildStopHeatingCron" file="/home/steve/dev/hot-tub-controller/backend/tests/Unit/Domain/Heating/CronJobBuilderTest.php" line="106" class="HotTubController\Tests\Unit\Domain\Heating\CronJobBuilderTest" classname="HotTubController.Tests.Unit.Domain.Heating.CronJobBuilderTest" assertions="7" time="0.001023"/>
        <testcase name="testValidateEventIdInvalid" file="/home/steve/dev/hot-tub-controller/backend/tests/Unit/Domain/Heating/CronJobBuilderTest.php" line="126" class="HotTubController\Tests\Unit\Domain\Heating\CronJobBuilderTest" classname="HotTubController.Tests.Unit.Domain.Heating.CronJobBuilderTest" assertions="2" time="0.001346"/>
        <testcase name="testValidateEventIdTooShort" file="/home/steve/dev/hot-tub-controller/backend/tests/Unit/Domain/Heating/CronJobBuilderTest.php" line="136" class="HotTubController\Tests\Unit\Domain\Heating\CronJobBuilderTest" classname="HotTubController.Tests.Unit.Domain.Heating.CronJobBuilderTest" assertions="2" time="0.000579"/>
        <testcase name="testValidateEventIdTooLong" file="/home/steve/dev/hot-tub-controller/backend/tests/Unit/Domain/Heating/CronJobBuilderTest.php" line="146" class="HotTubController\Tests\Unit\Domain\Heating\CronJobBuilderTest" classname="HotTubController.Tests.Unit.Domain.Heating.CronJobBuilderTest" assertions="2" time="0.000404"/>
        <testcase name="testValidateTargetTempTooLow" file="/home/steve/dev/hot-tub-controller/backend/tests/Unit/Domain/Heating/CronJobBuilderTest.php" line="157" class="HotTubController\Tests\Unit\Domain\Heating\CronJobBuilderTest" classname="HotTubController.Tests.Unit.Domain.Heating.CronJobBuilderTest" assertions="2" time="0.000385"/>
        <testcase name="testValidateTargetTempTooHigh" file="/home/steve/dev/hot-tub-controller/backend/tests/Unit/Domain/Heating/CronJobBuilderTest.php" line="167" class="HotTubController\Tests\Unit\Domain\Heating\CronJobBuilderTest" classname="HotTubController.Tests.Unit.Domain.Heating.CronJobBuilderTest" assertions="2" time="0.000410"/>
        <testcase name="testCalculateHeatingTime" file="/home/steve/dev/hot-tub-controller/backend/tests/Unit/Domain/Heating/CronJobBuilderTest.php" line="177" class="HotTubController\Tests\Unit\Domain\Heating\CronJobBuilderTest" classname="HotTubController.Tests.Unit.Domain.Heating.CronJobBuilderTest" assertions="5" time="0.000396"/>
        <testcase name="testCalculateNextCheckTimeCoarse" file="/home/steve/dev/hot-tub-controller/backend/tests/Unit/Domain/Heating/CronJobBuilderTest.php" line="199" class="HotTubController\Tests\Unit\Domain\Heating\CronJobBuilderTest" classname="HotTubController.Tests.Unit.Domain.Heating.CronJobBuilderTest" assertions="4" time="0.001053"/>
        <testcase name="testCalculateNextCheckTimePrecision" file="/home/steve/dev/hot-tub-controller/backend/tests/Unit/Domain/Heating/CronJobBuilderTest.php" line="222" class="HotTubController\Tests\Unit\Domain\Heating\CronJobBuilderTest" classname="HotTubController.Tests.Unit.Domain.Heating.CronJobBuilderTest" assertions="1" time="0.000872"/>
        <testcase name="testCalculateNextCheckTimeAutoPrecsion" file="/home/steve/dev/hot-tub-controller/backend/tests/Unit/Domain/Heating/CronJobBuilderTest.php" line="242" class="HotTubController\Tests\Unit\Domain\Heating\CronJobBuilderTest" classname="HotTubController.Tests.Unit.Domain.Heating.CronJobBuilderTest" assertions="1" time="0.000846"/>
        <testcase name="testCalculateNextCheckTimeMedium" file="/home/steve/dev/hot-tub-controller/backend/tests/Unit/Domain/Heating/CronJobBuilderTest.php" line="262" class="HotTubController\Tests\Unit\Domain\Heating\CronJobBuilderTest" classname="HotTubController.Tests.Unit.Domain.Heating.CronJobBuilderTest" assertions="1" time="0.000451"/>
        <testcase name="testCleanupConfigFile" file="/home/steve/dev/hot-tub-controller/backend/tests/Unit/Domain/Heating/CronJobBuilderTest.php" line="282" class="HotTubController\Tests\Unit\Domain\Heating\CronJobBuilderTest" classname="HotTubController.Tests.Unit.Domain.Heating.CronJobBuilderTest" assertions="3" time="0.000761"/>
        <testcase name="testCleanupConfigFileNonExistent" file="/home/steve/dev/hot-tub-controller/backend/tests/Unit/Domain/Heating/CronJobBuilderTest.php" line="296" class="HotTubController\Tests\Unit\Domain\Heating\CronJobBuilderTest" classname="HotTubController.Tests.Unit.Domain.Heating.CronJobBuilderTest" assertions="1" time="0.000581"/>
      </testsuite>
      <testsuite name="Tests\Unit\Fixtures\TemperatureSequenceBuilderTest" file="/home/steve/dev/hot-tub-controller/backend/tests/Unit/Fixtures/TemperatureSequenceBuilderTest.php" tests="9" assertions="109" errors="0" failures="0" skipped="0" time="0.003009">
        <testcase name="testBuildHeatingSequence" file="/home/steve/dev/hot-tub-controller/backend/tests/Unit/Fixtures/TemperatureSequenceBuilderTest.php" line="29" class="Tests\Unit\Fixtures\TemperatureSequenceBuilderTest" classname="Tests.Unit.Fixtures.TemperatureSequenceBuilderTest" assertions="33" time="0.002079"/>
        <testcase name="testPrecisionThreshold" file="/home/steve/dev/hot-tub-controller/backend/tests/Unit/Fixtures/TemperatureSequenceBuilderTest.php" line="105" class="Tests\Unit\Fixtures\TemperatureSequenceBuilderTest" classname="Tests.Unit.Fixtures.TemperatureSequenceBuilderTest" assertions="1" time="0.000104"/>
        <testcase name="testBuildSensorFailureSequence" file="/home/steve/dev/hot-tub-controller/backend/tests/Unit/Fixtures/TemperatureSequenceBuilderTest.php" line="114" class="Tests\Unit\Fixtures\TemperatureSequenceBuilderTest" classname="Tests.Unit.Fixtures.TemperatureSequenceBuilderTest" assertions="7" time="0.000153"/>
        <testcase name="testInvalidParametersThrowExceptions" file="/home/steve/dev/hot-tub-controller/backend/tests/Unit/Fixtures/TemperatureSequenceBuilderTest.php" line="140" class="Tests\Unit\Fixtures\TemperatureSequenceBuilderTest" classname="Tests.Unit.Fixtures.TemperatureSequenceBuilderTest" assertions="1" time="0.000065"/>
        <testcase name="testTemperatureConversions" file="/home/steve/dev/hot-tub-controller/backend/tests/Unit/Fixtures/TemperatureSequenceBuilderTest.php" line="152" class="Tests\Unit\Fixtures\TemperatureSequenceBuilderTest" classname="Tests.Unit.Fixtures.TemperatureSequenceBuilderTest" assertions="2" time="0.000072"/>
        <testcase name="testTimestampGeneration" file="/home/steve/dev/hot-tub-controller/backend/tests/Unit/Fixtures/TemperatureSequenceBuilderTest.php" line="168" class="Tests\Unit\Fixtures\TemperatureSequenceBuilderTest" classname="Tests.Unit.Fixtures.TemperatureSequenceBuilderTest" assertions="8" time="0.000079"/>
        <testcase name="testSensorDataGeneration" file="/home/steve/dev/hot-tub-controller/backend/tests/Unit/Fixtures/TemperatureSequenceBuilderTest.php" line="185" class="Tests\Unit\Fixtures\TemperatureSequenceBuilderTest" classname="Tests.Unit.Fixtures.TemperatureSequenceBuilderTest" assertions="18" time="0.000112"/>
        <testcase name="testHeatingRateCalculation" file="/home/steve/dev/hot-tub-controller/backend/tests/Unit/Fixtures/TemperatureSequenceBuilderTest.php" line="59" class="Tests\Unit\Fixtures\TemperatureSequenceBuilderTest" classname="Tests.Unit.Fixtures.TemperatureSequenceBuilderTest" assertions="3" time="0.000061"/>
        <testcase name="testBuildPrecisionSequence" file="/home/steve/dev/hot-tub-controller/backend/tests/Unit/Fixtures/TemperatureSequenceBuilderTest.php" line="75" class="Tests\Unit\Fixtures\TemperatureSequenceBuilderTest" classname="Tests.Unit.Fixtures.TemperatureSequenceBuilderTest" assertions="36" time="0.000284"/>
      </testsuite>
      <testsuite name="HotTubController\Tests\Unit\Services\CronManagerTest" file="/home/steve/dev/hot-tub-controller/backend/tests/Unit/Services/CronManagerTest.php" tests="13" assertions="38" errors="0" failures="0" skipped="0" time="0.009271">
        <testcase name="testParseCronLine" file="/home/steve/dev/hot-tub-controller/backend/tests/Unit/Services/CronManagerTest.php" line="185" class="HotTubController\Tests\Unit\Services\CronManagerTest" classname="HotTubController.Tests.Unit.Services.CronManagerTest" assertions="5" time="0.001383"/>
        <testcase name="testBuildCronCommand" file="/home/steve/dev/hot-tub-controller/backend/tests/Unit/Services/CronManagerTest.php" line="108" class="HotTubController\Tests\Unit\Services\CronManagerTest" classname="HotTubController.Tests.Unit.Services.CronManagerTest" assertions="1" time="0.000585"/>
        <testcase name="testConstructorCreatesDirectories" file="/home/steve/dev/hot-tub-controller/backend/tests/Unit/Services/CronManagerTest.php" line="37" class="HotTubController\Tests\Unit\Services\CronManagerTest" classname="HotTubController.Tests.Unit.Services.CronManagerTest" assertions="4" time="0.000804"/>
        <testcase name="testValidateTag" file="/home/steve/dev/hot-tub-controller/backend/tests/Unit/Services/CronManagerTest.php" line="52" class="HotTubController\Tests\Unit\Services\CronManagerTest" classname="HotTubController.Tests.Unit.Services.CronManagerTest" assertions="1" time="0.000727"/>
        <testcase name="testValidateIdentifier" file="/home/steve/dev/hot-tub-controller/backend/tests/Unit/Services/CronManagerTest.php" line="67" class="HotTubController\Tests\Unit\Services\CronManagerTest" classname="HotTubController.Tests.Unit.Services.CronManagerTest" assertions="1" time="0.000567"/>
        <testcase name="testValidateIdentifierTooLong" file="/home/steve/dev/hot-tub-controller/backend/tests/Unit/Services/CronManagerTest.php" line="83" class="HotTubController\Tests\Unit\Services\CronManagerTest" classname="HotTubController.Tests.Unit.Services.CronManagerTest" assertions="2" time="0.000565"/>
        <testcase name="testBuildCronExpression" file="/home/steve/dev/hot-tub-controller/backend/tests/Unit/Services/CronManagerTest.php" line="96" class="HotTubController\Tests\Unit\Services\CronManagerTest" classname="HotTubController.Tests.Unit.Services.CronManagerTest" assertions="1" time="0.000591"/>
        <testcase name="testIsCronLine" file="/home/steve/dev/hot-tub-controller/backend/tests/Unit/Services/CronManagerTest.php" line="125" class="HotTubController\Tests\Unit\Services\CronManagerTest" classname="HotTubController.Tests.Unit.Services.CronManagerTest" assertions="5" time="0.000682"/>
        <testcase name="testIsApplicationCron" file="/home/steve/dev/hot-tub-controller/backend/tests/Unit/Services/CronManagerTest.php" line="141" class="HotTubController\Tests\Unit\Services\CronManagerTest" classname="HotTubController.Tests.Unit.Services.CronManagerTest" assertions="4" time="0.000614"/>
        <testcase name="testMatchesTagPattern" file="/home/steve/dev/hot-tub-controller/backend/tests/Unit/Services/CronManagerTest.php" line="168" class="HotTubController\Tests\Unit\Services\CronManagerTest" classname="HotTubController.Tests.Unit.Services.CronManagerTest" assertions="4" time="0.000571"/>
        <testcase name="testParseCronLineInvalid" file="/home/steve/dev/hot-tub-controller/backend/tests/Unit/Services/CronManagerTest.php" line="202" class="HotTubController\Tests\Unit\Services\CronManagerTest" classname="HotTubController.Tests.Unit.Services.CronManagerTest" assertions="1" time="0.000579"/>
        <testcase name="testAddSelfDeletingCronValidation" file="/home/steve/dev/hot-tub-controller/backend/tests/Unit/Services/CronManagerTest.php" line="215" class="HotTubController\Tests\Unit\Services\CronManagerTest" classname="HotTubController.Tests.Unit.Services.CronManagerTest" assertions="2" time="0.000572"/>
        <testcase name="testAddSelfDeletingCronValidatesInputs" file="/home/steve/dev/hot-tub-controller/backend/tests/Unit/Services/CronManagerTest.php" line="232" class="HotTubController\Tests\Unit\Services\CronManagerTest" classname="HotTubController.Tests.Unit.Services.CronManagerTest" assertions="7" time="0.001030"/>
      </testsuite>
      <testsuite name="HotTubController\Tests\Unit\Application\Actions\Admin\BootstrapActionTest" file="/home/steve/dev/hot-tub-controller/backend/tests/Unit/Application/Actions/Admin/BootstrapActionTest.php" tests="6" assertions="33" errors="0" failures="0" skipped="0" time="0.403686">
        <testcase name="testBootstrapFailsWithMissingName" file="/home/steve/dev/hot-tub-controller/backend/tests/Unit/Application/Actions/Admin/BootstrapActionTest.php" line="121" class="HotTubController\Tests\Unit\Application\Actions\Admin\BootstrapActionTest" classname="HotTubController.Tests.Unit.Application.Actions.Admin.BootstrapActionTest" assertions="4" time="0.040364"/>
        <testcase name="testBootstrapSuccessfullyCreatesAdminToken" file="/home/steve/dev/hot-tub-controller/backend/tests/Unit/Application/Actions/Admin/BootstrapActionTest.php" line="33" class="HotTubController\Tests\Unit\Application\Actions\Admin\BootstrapActionTest" classname="HotTubController.Tests.Unit.Application.Actions.Admin.BootstrapActionTest" assertions="12" time="0.080278"/>
        <testcase name="testBootstrapHandlesTokenServiceException" file="/home/steve/dev/hot-tub-controller/backend/tests/Unit/Application/Actions/Admin/BootstrapActionTest.php" line="164" class="HotTubController\Tests\Unit\Application\Actions\Admin\BootstrapActionTest" classname="HotTubController.Tests.Unit.Application.Actions.Admin.BootstrapActionTest" assertions="5" time="0.079282"/>
        <testcase name="testBootstrapFailsWithInvalidMasterPassword" file="/home/steve/dev/hot-tub-controller/backend/tests/Unit/Application/Actions/Admin/BootstrapActionTest.php" line="78" class="HotTubController\Tests\Unit\Application\Actions\Admin\BootstrapActionTest" classname="HotTubController.Tests.Unit.Application.Actions.Admin.BootstrapActionTest" assertions="4" time="0.082041"/>
        <testcase name="testBootstrapFailsWithInvalidNameLength" file="/home/steve/dev/hot-tub-controller/backend/tests/Unit/Application/Actions/Admin/BootstrapActionTest.php" line="142" class="HotTubController\Tests\Unit\Application\Actions\Admin\BootstrapActionTest" classname="HotTubController.Tests.Unit.Application.Actions.Admin.BootstrapActionTest" assertions="4" time="0.080606"/>
        <testcase name="testBootstrapFailsWithMissingMasterPassword" file="/home/steve/dev/hot-tub-controller/backend/tests/Unit/Application/Actions/Admin/BootstrapActionTest.php" line="100" class="HotTubController\Tests\Unit\Application\Actions\Admin\BootstrapActionTest" classname="HotTubController.Tests.Unit.Application.Actions.Admin.BootstrapActionTest" assertions="4" time="0.041115"/>
      </testsuite>
      <testsuite name="HotTubController\Tests\Unit\Application\Actions\Heating\ScheduleHeatingActionTest" file="/home/steve/dev/hot-tub-controller/backend/tests/Unit/Application/Actions/Heating/ScheduleHeatingActionTest.php" tests="7" assertions="17" errors="0" failures="0" skipped="2" time="0.003718">
        <testcase name="testSuccessfulHeatingSchedule" file="/home/steve/dev/hot-tub-controller/backend/tests/Unit/Application/Actions/Heating/ScheduleHeatingActionTest.php" line="48" class="HotTubController\Tests\Unit\Application\Actions\Heating\ScheduleHeatingActionTest" classname="HotTubController.Tests.Unit.Application.Actions.Heating.ScheduleHeatingActionTest" assertions="7" time="0.002125"/>
        <testcase name="testSchedulingFailsWithPastTime" file="/home/steve/dev/hot-tub-controller/backend/tests/Unit/Application/Actions/Heating/ScheduleHeatingActionTest.php" line="118" class="HotTubController\Tests\Unit\Application\Actions\Heating\ScheduleHeatingActionTest" classname="HotTubController.Tests.Unit.Application.Actions.Heating.ScheduleHeatingActionTest" assertions="2" time="0.000184"/>
        <testcase name="testSchedulingFailsWithTemperatureOutOfRange" file="/home/steve/dev/hot-tub-controller/backend/tests/Unit/Application/Actions/Heating/ScheduleHeatingActionTest.php" line="138" class="HotTubController\Tests\Unit\Application\Actions\Heating\ScheduleHeatingActionTest" classname="HotTubController.Tests.Unit.Application.Actions.Heating.ScheduleHeatingActionTest" assertions="2" time="0.000145"/>
        <testcase name="testSchedulingFailsWithOverlappingEvent" file="/home/steve/dev/hot-tub-controller/backend/tests/Unit/Application/Actions/Heating/ScheduleHeatingActionTest.php" line="156" class="HotTubController\Tests\Unit\Application\Actions\Heating\ScheduleHeatingActionTest" classname="HotTubController.Tests.Unit.Application.Actions.Heating.ScheduleHeatingActionTest" assertions="3" time="0.000198"/>
        <testcase name="testSchedulingWithDefaultValues" file="/home/steve/dev/hot-tub-controller/backend/tests/Unit/Application/Actions/Heating/ScheduleHeatingActionTest.php" line="185" class="HotTubController\Tests\Unit\Application\Actions\Heating\ScheduleHeatingActionTest" classname="HotTubController.Tests.Unit.Application.Actions.Heating.ScheduleHeatingActionTest" assertions="3" time="0.000207"/>
        <testcase name="testSchedulingFailsWithMissingAuthHeader" file="/home/steve/dev/hot-tub-controller/backend/tests/Unit/Application/Actions/Heating/ScheduleHeatingActionTest.php" line="98" class="HotTubController\Tests\Unit\Application\Actions\Heating\ScheduleHeatingActionTest" classname="HotTubController.Tests.Unit.Application.Actions.Heating.ScheduleHeatingActionTest" assertions="0" time="0.000766">
          <skipped/>
        </testcase>
        <testcase name="testSchedulingFailsWithInvalidToken" file="/home/steve/dev/hot-tub-controller/backend/tests/Unit/Application/Actions/Heating/ScheduleHeatingActionTest.php" line="108" class="HotTubController\Tests\Unit\Application\Actions\Heating\ScheduleHeatingActionTest" classname="HotTubController.Tests.Unit.Application.Actions.Heating.ScheduleHeatingActionTest" assertions="0" time="0.000093">
          <skipped/>
        </testcase>
      </testsuite>
      <testsuite name="Tests\Unit\Domain\Heating\Models\HeatingCycleTest" file="/home/steve/dev/hot-tub-controller/backend/tests/Unit/Domain/Heating/Models/HeatingCycleTest.php" tests="20" assertions="68" errors="0" failures="0" skipped="0" time="1.001910">
        <testcase name="testElapsedTime" file="/home/steve/dev/hot-tub-controller/backend/tests/Unit/Domain/Heating/Models/HeatingCycleTest.php" line="103" class="Tests\Unit\Domain\Heating\Models\HeatingCycleTest" classname="Tests.Unit.Domain.Heating.Models.HeatingCycleTest" assertions="8" time="1.000541"/>
        <testcase name="testInitialization" file="/home/steve/dev/hot-tub-controller/backend/tests/Unit/Domain/Heating/Models/HeatingCycleTest.php" line="20" class="Tests\Unit\Domain\Heating\Models\HeatingCycleTest" classname="Tests.Unit.Domain.Heating.Models.HeatingCycleTest" assertions="6" time="0.000117"/>
        <testcase name="testAutoGeneratedId" file="/home/steve/dev/hot-tub-controller/backend/tests/Unit/Domain/Heating/Models/HeatingCycleTest.php" line="30" class="Tests\Unit\Domain\Heating\Models\HeatingCycleTest" classname="Tests.Unit.Domain.Heating.Models.HeatingCycleTest" assertions="1" time="0.000075"/>
        <testcase name="testTargetTemperatureSetting" file="/home/steve/dev/hot-tub-controller/backend/tests/Unit/Domain/Heating/Models/HeatingCycleTest.php" line="36" class="Tests\Unit\Domain\Heating\Models\HeatingCycleTest" classname="Tests.Unit.Domain.Heating.Models.HeatingCycleTest" assertions="1" time="0.000059"/>
        <testcase name="testCurrentTemperatureSetting" file="/home/steve/dev/hot-tub-controller/backend/tests/Unit/Domain/Heating/Models/HeatingCycleTest.php" line="42" class="Tests\Unit\Domain\Heating\Models\HeatingCycleTest" classname="Tests.Unit.Domain.Heating.Models.HeatingCycleTest" assertions="2" time="0.000056"/>
        <testcase name="testStatusTransitions" file="/home/steve/dev/hot-tub-controller/backend/tests/Unit/Domain/Heating/Models/HeatingCycleTest.php" line="49" class="Tests\Unit\Domain\Heating\Models\HeatingCycleTest" classname="Tests.Unit.Domain.Heating.Models.HeatingCycleTest" assertions="10" time="0.000084"/>
        <testcase name="testInvalidStatus" file="/home/steve/dev/hot-tub-controller/backend/tests/Unit/Domain/Heating/Models/HeatingCycleTest.php" line="73" class="Tests\Unit\Domain\Heating\Models\HeatingCycleTest" classname="Tests.Unit.Domain.Heating.Models.HeatingCycleTest" assertions="1" time="0.000057"/>
        <testcase name="testEstimatedCompletion" file="/home/steve/dev/hot-tub-controller/backend/tests/Unit/Domain/Heating/Models/HeatingCycleTest.php" line="79" class="Tests\Unit\Domain\Heating\Models\HeatingCycleTest" classname="Tests.Unit.Domain.Heating.Models.HeatingCycleTest" assertions="3" time="0.000066"/>
        <testcase name="testTemperatureDifference" file="/home/steve/dev/hot-tub-controller/backend/tests/Unit/Domain/Heating/Models/HeatingCycleTest.php" line="89" class="Tests\Unit\Domain\Heating\Models\HeatingCycleTest" classname="Tests.Unit.Domain.Heating.Models.HeatingCycleTest" assertions="1" time="0.000049"/>
        <testcase name="testTemperatureDifferenceWithoutCurrentTemp" file="/home/steve/dev/hot-tub-controller/backend/tests/Unit/Domain/Heating/Models/HeatingCycleTest.php" line="97" class="Tests\Unit\Domain\Heating\Models\HeatingCycleTest" classname="Tests.Unit.Domain.Heating.Models.HeatingCycleTest" assertions="1" time="0.000051"/>
        <testcase name="testMetadata" file="/home/steve/dev/hot-tub-controller/backend/tests/Unit/Domain/Heating/Models/HeatingCycleTest.php" line="124" class="Tests\Unit\Domain\Heating\Models\HeatingCycleTest" classname="Tests.Unit.Domain.Heating.Models.HeatingCycleTest" assertions="2" time="0.000068"/>
        <testcase name="testToArray" file="/home/steve/dev/hot-tub-controller/backend/tests/Unit/Domain/Heating/Models/HeatingCycleTest.php" line="135" class="Tests\Unit\Domain\Heating\Models\HeatingCycleTest" classname="Tests.Unit.Domain.Heating.Models.HeatingCycleTest" assertions="10" time="0.000135"/>
        <testcase name="testFromArray" file="/home/steve/dev/hot-tub-controller/backend/tests/Unit/Domain/Heating/Models/HeatingCycleTest.php" line="156" class="Tests\Unit\Domain\Heating\Models\HeatingCycleTest" classname="Tests.Unit.Domain.Heating.Models.HeatingCycleTest" assertions="5" time="0.000079"/>
        <testcase name="testValidation" file="/home/steve/dev/hot-tub-controller/backend/tests/Unit/Domain/Heating/Models/HeatingCycleTest.php" line="180" class="Tests\Unit\Domain\Heating\Models\HeatingCycleTest" classname="Tests.Unit.Domain.Heating.Models.HeatingCycleTest" assertions="5" time="0.000094"/>
        <testcase name="testValidationWithNegativeCurrentTemp" file="/home/steve/dev/hot-tub-controller/backend/tests/Unit/Domain/Heating/Models/HeatingCycleTest.php" line="199" class="Tests\Unit\Domain\Heating\Models\HeatingCycleTest" classname="Tests.Unit.Domain.Heating.Models.HeatingCycleTest" assertions="2" time="0.000066"/>
        <testcase name="testValidationWithInvalidEstimatedCompletion" file="/home/steve/dev/hot-tub-controller/backend/tests/Unit/Domain/Heating/Models/HeatingCycleTest.php" line="209" class="Tests\Unit\Domain\Heating\Models\HeatingCycleTest" classname="Tests.Unit.Domain.Heating.Models.HeatingCycleTest" assertions="2" time="0.000067"/>
        <testcase name="testJsonSerialization" file="/home/steve/dev/hot-tub-controller/backend/tests/Unit/Domain/Heating/Models/HeatingCycleTest.php" line="220" class="Tests\Unit\Domain\Heating\Models\HeatingCycleTest" classname="Tests.Unit.Domain.Heating.Models.HeatingCycleTest" assertions="4" time="0.000095"/>
        <testcase name="testStorageKey" file="/home/steve/dev/hot-tub-controller/backend/tests/Unit/Domain/Heating/Models/HeatingCycleTest.php" line="234" class="Tests\Unit\Domain\Heating\Models\HeatingCycleTest" classname="Tests.Unit.Domain.Heating.Models.HeatingCycleTest" assertions="1" time="0.000046"/>
        <testcase name="testTimeHandling" file="/home/steve/dev/hot-tub-controller/backend/tests/Unit/Domain/Heating/Models/HeatingCycleTest.php" line="239" class="Tests\Unit\Domain\Heating\Models\HeatingCycleTest" classname="Tests.Unit.Domain.Heating.Models.HeatingCycleTest" assertions="2" time="0.000051"/>
        <testcase name="testEstimatedTimeRemainingPastDue" file="/home/steve/dev/hot-tub-controller/backend/tests/Unit/Domain/Heating/Models/HeatingCycleTest.php" line="248" class="Tests\Unit\Domain\Heating\Models\HeatingCycleTest" classname="Tests.Unit.Domain.Heating.Models.HeatingCycleTest" assertions="1" time="0.000052"/>
      </testsuite>
      <testsuite name="Tests\Unit\Domain\Heating\Models\HeatingEventTest" file="/home/steve/dev/hot-tub-controller/backend/tests/Unit/Domain/Heating/Models/HeatingEventTest.php" tests="24" assertions="71" errors="0" failures="0" skipped="0" time="0.001768">
        <testcase name="testCancel" file="/home/steve/dev/hot-tub-controller/backend/tests/Unit/Domain/Heating/Models/HeatingEventTest.php" line="167" class="Tests\Unit\Domain\Heating\Models\HeatingEventTest" classname="Tests.Unit.Domain.Heating.Models.HeatingEventTest" assertions="2" time="0.000088"/>
        <testcase name="testTrigger" file="/home/steve/dev/hot-tub-controller/backend/tests/Unit/Domain/Heating/Models/HeatingEventTest.php" line="179" class="Tests\Unit\Domain\Heating\Models\HeatingEventTest" classname="Tests.Unit.Domain.Heating.Models.HeatingEventTest" assertions="2" time="0.000050"/>
        <testcase name="testValidationMonitorEventWithoutCycle" file="/home/steve/dev/hot-tub-controller/backend/tests/Unit/Domain/Heating/Models/HeatingEventTest.php" line="278" class="Tests\Unit\Domain\Heating\Models\HeatingEventTest" classname="Tests.Unit.Domain.Heating.Models.HeatingEventTest" assertions="2" time="0.000080"/>
        <testcase name="testInitialization" file="/home/steve/dev/hot-tub-controller/backend/tests/Unit/Domain/Heating/Models/HeatingEventTest.php" line="20" class="Tests\Unit\Domain\Heating\Models\HeatingEventTest" classname="Tests.Unit.Domain.Heating.Models.HeatingEventTest" assertions="7" time="0.000072"/>
        <testcase name="testEventTypes" file="/home/steve/dev/hot-tub-controller/backend/tests/Unit/Domain/Heating/Models/HeatingEventTest.php" line="31" class="Tests\Unit\Domain\Heating\Models\HeatingEventTest" classname="Tests.Unit.Domain.Heating.Models.HeatingEventTest" assertions="4" time="0.000055"/>
        <testcase name="testInvalidEventType" file="/home/steve/dev/hot-tub-controller/backend/tests/Unit/Domain/Heating/Models/HeatingEventTest.php" line="44" class="Tests\Unit\Domain\Heating\Models\HeatingEventTest" classname="Tests.Unit.Domain.Heating.Models.HeatingEventTest" assertions="1" time="0.000054"/>
        <testcase name="testStatusTransitions" file="/home/steve/dev/hot-tub-controller/backend/tests/Unit/Domain/Heating/Models/HeatingEventTest.php" line="50" class="Tests\Unit\Domain\Heating\Models\HeatingEventTest" classname="Tests.Unit.Domain.Heating.Models.HeatingEventTest" assertions="8" time="0.000066"/>
        <testcase name="testInvalidStatus" file="/home/steve/dev/hot-tub-controller/backend/tests/Unit/Domain/Heating/Models/HeatingEventTest.php" line="72" class="Tests\Unit\Domain\Heating\Models\HeatingEventTest" classname="Tests.Unit.Domain.Heating.Models.HeatingEventTest" assertions="1" time="0.000048"/>
        <testcase name="testScheduledFor" file="/home/steve/dev/hot-tub-controller/backend/tests/Unit/Domain/Heating/Models/HeatingEventTest.php" line="78" class="Tests\Unit\Domain\Heating\Models\HeatingEventTest" classname="Tests.Unit.Domain.Heating.Models.HeatingEventTest" assertions="1" time="0.000045"/>
        <testcase name="testTargetTemperature" file="/home/steve/dev/hot-tub-controller/backend/tests/Unit/Domain/Heating/Models/HeatingEventTest.php" line="86" class="Tests\Unit\Domain\Heating\Models\HeatingEventTest" classname="Tests.Unit.Domain.Heating.Models.HeatingEventTest" assertions="1" time="0.000047"/>
        <testcase name="testCronExpression" file="/home/steve/dev/hot-tub-controller/backend/tests/Unit/Domain/Heating/Models/HeatingEventTest.php" line="92" class="Tests\Unit\Domain\Heating\Models\HeatingEventTest" classname="Tests.Unit.Domain.Heating.Models.HeatingEventTest" assertions="1" time="0.000057"/>
        <testcase name="testCycleId" file="/home/steve/dev/hot-tub-controller/backend/tests/Unit/Domain/Heating/Models/HeatingEventTest.php" line="100" class="Tests\Unit\Domain\Heating\Models\HeatingEventTest" classname="Tests.Unit.Domain.Heating.Models.HeatingEventTest" assertions="1" time="0.000045"/>
        <testcase name="testMetadata" file="/home/steve/dev/hot-tub-controller/backend/tests/Unit/Domain/Heating/Models/HeatingEventTest.php" line="108" class="Tests\Unit\Domain\Heating\Models\HeatingEventTest" classname="Tests.Unit.Domain.Heating.Models.HeatingEventTest" assertions="2" time="0.000059"/>
        <testcase name="testPastDueDetection" file="/home/steve/dev/hot-tub-controller/backend/tests/Unit/Domain/Heating/Models/HeatingEventTest.php" line="119" class="Tests\Unit\Domain\Heating\Models\HeatingEventTest" classname="Tests.Unit.Domain.Heating.Models.HeatingEventTest" assertions="3" time="0.000261"/>
        <testcase name="testTimeUntilExecution" file="/home/steve/dev/hot-tub-controller/backend/tests/Unit/Domain/Heating/Models/HeatingEventTest.php" line="136" class="Tests\Unit\Domain\Heating\Models\HeatingEventTest" classname="Tests.Unit.Domain.Heating.Models.HeatingEventTest" assertions="2" time="0.000065"/>
        <testcase name="testTimeUntilExecutionPastEvent" file="/home/steve/dev/hot-tub-controller/backend/tests/Unit/Domain/Heating/Models/HeatingEventTest.php" line="146" class="Tests\Unit\Domain\Heating\Models\HeatingEventTest" classname="Tests.Unit.Domain.Heating.Models.HeatingEventTest" assertions="1" time="0.000051"/>
        <testcase name="testGenerateCronComment" file="/home/steve/dev/hot-tub-controller/backend/tests/Unit/Domain/Heating/Models/HeatingEventTest.php" line="154" class="Tests\Unit\Domain\Heating\Models\HeatingEventTest" classname="Tests.Unit.Domain.Heating.Models.HeatingEventTest" assertions="2" time="0.000058"/>
        <testcase name="testToArray" file="/home/steve/dev/hot-tub-controller/backend/tests/Unit/Domain/Heating/Models/HeatingEventTest.php" line="191" class="Tests\Unit\Domain\Heating\Models\HeatingEventTest" classname="Tests.Unit.Domain.Heating.Models.HeatingEventTest" assertions="11" time="0.000133"/>
        <testcase name="testFromArray" file="/home/steve/dev/hot-tub-controller/backend/tests/Unit/Domain/Heating/Models/HeatingEventTest.php" line="216" class="Tests\Unit\Domain\Heating\Models\HeatingEventTest" classname="Tests.Unit.Domain.Heating.Models.HeatingEventTest" assertions="7" time="0.000094"/>
        <testcase name="testValidation" file="/home/steve/dev/hot-tub-controller/backend/tests/Unit/Domain/Heating/Models/HeatingEventTest.php" line="242" class="Tests\Unit\Domain\Heating\Models\HeatingEventTest" classname="Tests.Unit.Domain.Heating.Models.HeatingEventTest" assertions="1" time="0.000051"/>
        <testcase name="testValidationInvalidTemperature" file="/home/steve/dev/hot-tub-controller/backend/tests/Unit/Domain/Heating/Models/HeatingEventTest.php" line="252" class="Tests\Unit\Domain\Heating\Models\HeatingEventTest" classname="Tests.Unit.Domain.Heating.Models.HeatingEventTest" assertions="4" time="0.000085"/>
        <testcase name="testValidationPastSchedule" file="/home/steve/dev/hot-tub-controller/backend/tests/Unit/Domain/Heating/Models/HeatingEventTest.php" line="267" class="Tests\Unit\Domain\Heating\Models\HeatingEventTest" classname="Tests.Unit.Domain.Heating.Models.HeatingEventTest" assertions="2" time="0.000063"/>
        <testcase name="testJsonSerialization" file="/home/steve/dev/hot-tub-controller/backend/tests/Unit/Domain/Heating/Models/HeatingEventTest.php" line="290" class="Tests\Unit\Domain\Heating\Models\HeatingEventTest" classname="Tests.Unit.Domain.Heating.Models.HeatingEventTest" assertions="4" time="0.000096"/>
        <testcase name="testStorageKey" file="/home/steve/dev/hot-tub-controller/backend/tests/Unit/Domain/Heating/Models/HeatingEventTest.php" line="303" class="Tests\Unit\Domain\Heating\Models\HeatingEventTest" classname="Tests.Unit.Domain.Heating.Models.HeatingEventTest" assertions="1" time="0.000046"/>
      </testsuite>
      <testsuite name="Tests\Unit\Domain\Storage\JsonStorageManagerTest" file="/home/steve/dev/hot-tub-controller/backend/tests/Unit/Domain/Storage/JsonStorageManagerTest.php" tests="14" assertions="31" errors="0" failures="0" skipped="0" time="0.018388">
        <testcase name="testCleanupOldFiles" file="/home/steve/dev/hot-tub-controller/backend/tests/Unit/Domain/Storage/JsonStorageManagerTest.php" line="116" class="Tests\Unit\Domain\Storage\JsonStorageManagerTest" classname="Tests.Unit.Domain.Storage.JsonStorageManagerTest" assertions="3" time="0.001489"/>
        <testcase name="testSaveAndLoadBasicData" file="/home/steve/dev/hot-tub-controller/backend/tests/Unit/Domain/Storage/JsonStorageManagerTest.php" line="42" class="Tests\Unit\Domain\Storage\JsonStorageManagerTest" classname="Tests.Unit.Domain.Storage.JsonStorageManagerTest" assertions="2" time="0.000259"/>
        <testcase name="testLoadNonExistentFile" file="/home/steve/dev/hot-tub-controller/backend/tests/Unit/Domain/Storage/JsonStorageManagerTest.php" line="50" class="Tests\Unit\Domain\Storage\JsonStorageManagerTest" classname="Tests.Unit.Domain.Storage.JsonStorageManagerTest" assertions="1" time="0.000212"/>
        <testcase name="testSaveEmptyArray" file="/home/steve/dev/hot-tub-controller/backend/tests/Unit/Domain/Storage/JsonStorageManagerTest.php" line="56" class="Tests\Unit\Domain\Storage\JsonStorageManagerTest" classname="Tests.Unit.Domain.Storage.JsonStorageManagerTest" assertions="2" time="0.000213"/>
        <testcase name="testExists" file="/home/steve/dev/hot-tub-controller/backend/tests/Unit/Domain/Storage/JsonStorageManagerTest.php" line="62" class="Tests\Unit\Domain\Storage\JsonStorageManagerTest" classname="Tests.Unit.Domain.Storage.JsonStorageManagerTest" assertions="2" time="0.000200"/>
        <testcase name="testDelete" file="/home/steve/dev/hot-tub-controller/backend/tests/Unit/Domain/Storage/JsonStorageManagerTest.php" line="70" class="Tests\Unit\Domain\Storage\JsonStorageManagerTest" classname="Tests.Unit.Domain.Storage.JsonStorageManagerTest" assertions="3" time="0.000217"/>
        <testcase name="testDeleteNonExistentFile" file="/home/steve/dev/hot-tub-controller/backend/tests/Unit/Domain/Storage/JsonStorageManagerTest.php" line="79" class="Tests\Unit\Domain\Storage\JsonStorageManagerTest" classname="Tests.Unit.Domain.Storage.JsonStorageManagerTest" assertions="1" time="0.000164"/>
        <testcase name="testNestedDirectoryCreation" file="/home/steve/dev/hot-tub-controller/backend/tests/Unit/Domain/Storage/JsonStorageManagerTest.php" line="84" class="Tests\Unit\Domain\Storage\JsonStorageManagerTest" classname="Tests.Unit.Domain.Storage.JsonStorageManagerTest" assertions="2" time="0.000444"/>
        <testcase name="testInvalidJsonHandling" file="/home/steve/dev/hot-tub-controller/backend/tests/Unit/Domain/Storage/JsonStorageManagerTest.php" line="92" class="Tests\Unit\Domain\Storage\JsonStorageManagerTest" classname="Tests.Unit.Domain.Storage.JsonStorageManagerTest" assertions="2" time="0.001240"/>
        <testcase name="testComplexDataStructures" file="/home/steve/dev/hot-tub-controller/backend/tests/Unit/Domain/Storage/JsonStorageManagerTest.php" line="139" class="Tests\Unit\Domain\Storage\JsonStorageManagerTest" classname="Tests.Unit.Domain.Storage.JsonStorageManagerTest" assertions="2" time="0.000312"/>
        <testcase name="testUnicodeSupport" file="/home/steve/dev/hot-tub-controller/backend/tests/Unit/Domain/Storage/JsonStorageManagerTest.php" line="202" class="Tests\Unit\Domain\Storage\JsonStorageManagerTest" classname="Tests.Unit.Domain.Storage.JsonStorageManagerTest" assertions="2" time="0.000269"/>
        <testcase name="testRotationByKey" file="/home/steve/dev/hot-tub-controller/backend/tests/Unit/Domain/Storage/JsonStorageManagerTest.php" line="104" class="Tests\Unit\Domain\Storage\JsonStorageManagerTest" classname="Tests.Unit.Domain.Storage.JsonStorageManagerTest" assertions="2" time="0.000298"/>
        <testcase name="testConcurrentAccess" file="/home/steve/dev/hot-tub-controller/backend/tests/Unit/Domain/Storage/JsonStorageManagerTest.php" line="159" class="Tests\Unit\Domain\Storage\JsonStorageManagerTest" classname="Tests.Unit.Domain.Storage.JsonStorageManagerTest" assertions="3" time="0.000664"/>
        <testcase name="testLargDataHandling" file="/home/steve/dev/hot-tub-controller/backend/tests/Unit/Domain/Storage/JsonStorageManagerTest.php" line="176" class="Tests\Unit\Domain\Storage\JsonStorageManagerTest" classname="Tests.Unit.Domain.Storage.JsonStorageManagerTest" assertions="4" time="0.012407"/>
      </testsuite>
      <testsuite name="Tests\Unit\Domain\Storage\QueryBuilderTest" file="/home/steve/dev/hot-tub-controller/backend/tests/Unit/Domain/Storage/QueryBuilderTest.php" tests="23" assertions="51" errors="0" failures="0" skipped="0" time="0.001526">
        <testcase name="testWhereBetween" file="/home/steve/dev/hot-tub-controller/backend/tests/Unit/Domain/Storage/QueryBuilderTest.php" line="76" class="Tests\Unit\Domain\Storage\QueryBuilderTest" classname="Tests.Unit.Domain.Storage.QueryBuilderTest" assertions="9" time="0.000163"/>
        <testcase name="testLikeOperator" file="/home/steve/dev/hot-tub-controller/backend/tests/Unit/Domain/Storage/QueryBuilderTest.php" line="222" class="Tests\Unit\Domain\Storage\QueryBuilderTest" classname="Tests.Unit.Domain.Storage.QueryBuilderTest" assertions="3" time="0.000154"/>
        <testcase name="testBasicWhereClause" file="/home/steve/dev/hot-tub-controller/backend/tests/Unit/Domain/Storage/QueryBuilderTest.php" line="25" class="Tests\Unit\Domain\Storage\QueryBuilderTest" classname="Tests.Unit.Domain.Storage.QueryBuilderTest" assertions="3" time="0.000067"/>
        <testcase name="testWhereWithOperator" file="/home/steve/dev/hot-tub-controller/backend/tests/Unit/Domain/Storage/QueryBuilderTest.php" line="37" class="Tests\Unit\Domain\Storage\QueryBuilderTest" classname="Tests.Unit.Domain.Storage.QueryBuilderTest" assertions="3" time="0.000063"/>
        <testcase name="testWhereIn" file="/home/steve/dev/hot-tub-controller/backend/tests/Unit/Domain/Storage/QueryBuilderTest.php" line="49" class="Tests\Unit\Domain\Storage\QueryBuilderTest" classname="Tests.Unit.Domain.Storage.QueryBuilderTest" assertions="1" time="0.000051"/>
        <testcase name="testWhereNotNull" file="/home/steve/dev/hot-tub-controller/backend/tests/Unit/Domain/Storage/QueryBuilderTest.php" line="58" class="Tests\Unit\Domain\Storage\QueryBuilderTest" classname="Tests.Unit.Domain.Storage.QueryBuilderTest" assertions="1" time="0.000050"/>
        <testcase name="testWhereNull" file="/home/steve/dev/hot-tub-controller/backend/tests/Unit/Domain/Storage/QueryBuilderTest.php" line="67" class="Tests\Unit\Domain\Storage\QueryBuilderTest" classname="Tests.Unit.Domain.Storage.QueryBuilderTest" assertions="1" time="0.000047"/>
        <testcase name="testWhereBetweenInvalidRange" file="/home/steve/dev/hot-tub-controller/backend/tests/Unit/Domain/Storage/QueryBuilderTest.php" line="89" class="Tests\Unit\Domain\Storage\QueryBuilderTest" classname="Tests.Unit.Domain.Storage.QueryBuilderTest" assertions="2" time="0.000061"/>
        <testcase name="testMultipleWhereConditions" file="/home/steve/dev/hot-tub-controller/backend/tests/Unit/Domain/Storage/QueryBuilderTest.php" line="97" class="Tests\Unit\Domain\Storage\QueryBuilderTest" classname="Tests.Unit.Domain.Storage.QueryBuilderTest" assertions="1" time="0.000053"/>
        <testcase name="testOrderByAscending" file="/home/steve/dev/hot-tub-controller/backend/tests/Unit/Domain/Storage/QueryBuilderTest.php" line="107" class="Tests\Unit\Domain\Storage\QueryBuilderTest" classname="Tests.Unit.Domain.Storage.QueryBuilderTest" assertions="1" time="0.000060"/>
        <testcase name="testOrderByDescending" file="/home/steve/dev/hot-tub-controller/backend/tests/Unit/Domain/Storage/QueryBuilderTest.php" line="120" class="Tests\Unit\Domain\Storage\QueryBuilderTest" classname="Tests.Unit.Domain.Storage.QueryBuilderTest" assertions="1" time="0.000053"/>
        <testcase name="testInvalidOrderDirection" file="/home/steve/dev/hot-tub-controller/backend/tests/Unit/Domain/Storage/QueryBuilderTest.php" line="133" class="Tests\Unit\Domain\Storage\QueryBuilderTest" classname="Tests.Unit.Domain.Storage.QueryBuilderTest" assertions="2" time="0.000052"/>
        <testcase name="testLimit" file="/home/steve/dev/hot-tub-controller/backend/tests/Unit/Domain/Storage/QueryBuilderTest.php" line="141" class="Tests\Unit\Domain\Storage\QueryBuilderTest" classname="Tests.Unit.Domain.Storage.QueryBuilderTest" assertions="1" time="0.000048"/>
        <testcase name="testOffset" file="/home/steve/dev/hot-tub-controller/backend/tests/Unit/Domain/Storage/QueryBuilderTest.php" line="151" class="Tests\Unit\Domain\Storage\QueryBuilderTest" classname="Tests.Unit.Domain.Storage.QueryBuilderTest" assertions="2" time="0.000059"/>
        <testcase name="testLimitWithOffset" file="/home/steve/dev/hot-tub-controller/backend/tests/Unit/Domain/Storage/QueryBuilderTest.php" line="166" class="Tests\Unit\Domain\Storage\QueryBuilderTest" classname="Tests.Unit.Domain.Storage.QueryBuilderTest" assertions="1" time="0.000051"/>
        <testcase name="testFirst" file="/home/steve/dev/hot-tub-controller/backend/tests/Unit/Domain/Storage/QueryBuilderTest.php" line="177" class="Tests\Unit\Domain\Storage\QueryBuilderTest" classname="Tests.Unit.Domain.Storage.QueryBuilderTest" assertions="2" time="0.000079"/>
        <testcase name="testFirstReturnsNull" file="/home/steve/dev/hot-tub-controller/backend/tests/Unit/Domain/Storage/QueryBuilderTest.php" line="188" class="Tests\Unit\Domain\Storage\QueryBuilderTest" classname="Tests.Unit.Domain.Storage.QueryBuilderTest" assertions="1" time="0.000048"/>
        <testcase name="testCount" file="/home/steve/dev/hot-tub-controller/backend/tests/Unit/Domain/Storage/QueryBuilderTest.php" line="197" class="Tests\Unit\Domain\Storage\QueryBuilderTest" classname="Tests.Unit.Domain.Storage.QueryBuilderTest" assertions="1" time="0.000047"/>
        <testcase name="testExists" file="/home/steve/dev/hot-tub-controller/backend/tests/Unit/Domain/Storage/QueryBuilderTest.php" line="206" class="Tests\Unit\Domain\Storage\QueryBuilderTest" classname="Tests.Unit.Domain.Storage.QueryBuilderTest" assertions="2" time="0.000050"/>
        <testcase name="testNestedFieldAccess" file="/home/steve/dev/hot-tub-controller/backend/tests/Unit/Domain/Storage/QueryBuilderTest.php" line="212" class="Tests\Unit\Domain\Storage\QueryBuilderTest" classname="Tests.Unit.Domain.Storage.QueryBuilderTest" assertions="2" time="0.000055"/>
        <testcase name="testUnsupportedOperator" file="/home/steve/dev/hot-tub-controller/backend/tests/Unit/Domain/Storage/QueryBuilderTest.php" line="234" class="Tests\Unit\Domain\Storage\QueryBuilderTest" classname="Tests.Unit.Domain.Storage.QueryBuilderTest" assertions="2" time="0.000055"/>
        <testcase name="testOrderByWithNullValues" file="/home/steve/dev/hot-tub-controller/backend/tests/Unit/Domain/Storage/QueryBuilderTest.php" line="244" class="Tests\Unit\Domain\Storage\QueryBuilderTest" classname="Tests.Unit.Domain.Storage.QueryBuilderTest" assertions="1" time="0.000055"/>
        <testcase name="testComplexQuery" file="/home/steve/dev/hot-tub-controller/backend/tests/Unit/Domain/Storage/QueryBuilderTest.php" line="264" class="Tests\Unit\Domain\Storage\QueryBuilderTest" classname="Tests.Unit.Domain.Storage.QueryBuilderTest" assertions="8" time="0.000105"/>
      </testsuite>
      <testsuite name="Tests\Unit\Services\WirelessTagClientTest" file="/home/steve/dev/hot-tub-controller/backend/tests/Unit/Services/WirelessTagClientTest.php" tests="15" assertions="56" errors="0" failures="0" skipped="0" time="0.001465">
        <testcase name="testProcessTemperatureDataWithInvalidDeviceIndex" file="/home/steve/dev/hot-tub-controller/backend/tests/Unit/Services/WirelessTagClientTest.php" line="121" class="Tests\Unit\Services\WirelessTagClientTest" classname="Tests.Unit.Services.WirelessTagClientTest" assertions="2" time="0.000100"/>
        <testcase name="testTemperatureValidationWithValidTemperatures" file="/home/steve/dev/hot-tub-controller/backend/tests/Unit/Services/WirelessTagClientTest.php" line="136" class="Tests\Unit\Services\WirelessTagClientTest" classname="Tests.Unit.Services.WirelessTagClientTest" assertions="6" time="0.000066"/>
        <testcase name="testCelsiusToFahrenheitConversion" file="/home/steve/dev/hot-tub-controller/backend/tests/Unit/Services/WirelessTagClientTest.php" line="189" class="Tests\Unit\Services\WirelessTagClientTest" classname="Tests.Unit.Services.WirelessTagClientTest" assertions="5" time="0.000076"/>
        <testcase name="testWirelessTagTimestampConversion" file="/home/steve/dev/hot-tub-controller/backend/tests/Unit/Services/WirelessTagClientTest.php" line="206" class="Tests\Unit\Services\WirelessTagClientTest" classname="Tests.Unit.Services.WirelessTagClientTest" assertions="1" time="0.000051"/>
        <testcase name="testProcessTemperatureDataWithMalformedData" file="/home/steve/dev/hot-tub-controller/backend/tests/Unit/Services/WirelessTagClientTest.php" line="238" class="Tests\Unit\Services\WirelessTagClientTest" classname="Tests.Unit.Services.WirelessTagClientTest" assertions="1" time="0.000057"/>
        <testcase name="testProcessTemperatureDataWithMissingFields" file="/home/steve/dev/hot-tub-controller/backend/tests/Unit/Services/WirelessTagClientTest.php" line="219" class="Tests\Unit\Services\WirelessTagClientTest" classname="Tests.Unit.Services.WirelessTagClientTest" assertions="1" time="0.000073"/>
        <testcase name="testClientInitializationWithValidToken" file="/home/steve/dev/hot-tub-controller/backend/tests/Unit/Services/WirelessTagClientTest.php" line="31" class="Tests\Unit\Services\WirelessTagClientTest" classname="Tests.Unit.Services.WirelessTagClientTest" assertions="1" time="0.000050"/>
        <testcase name="testClientInitializationWithEmptyTokenCreatesTestMode" file="/home/steve/dev/hot-tub-controller/backend/tests/Unit/Services/WirelessTagClientTest.php" line="40" class="Tests\Unit\Services\WirelessTagClientTest" classname="Tests.Unit.Services.WirelessTagClientTest" assertions="2" time="0.000057"/>
        <testcase name="testClientInitializationWithNullTokenCreatesTestMode" file="/home/steve/dev/hot-tub-controller/backend/tests/Unit/Services/WirelessTagClientTest.php" line="50" class="Tests\Unit\Services\WirelessTagClientTest" classname="Tests.Unit.Services.WirelessTagClientTest" assertions="2" time="0.000052"/>
        <testcase name="testClientInitializationWithValidTokenCreatesProductionMode" file="/home/steve/dev/hot-tub-controller/backend/tests/Unit/Services/WirelessTagClientTest.php" line="60" class="Tests\Unit\Services\WirelessTagClientTest" classname="Tests.Unit.Services.WirelessTagClientTest" assertions="2" time="0.000054"/>
        <testcase name="testProcessTemperatureDataWithValidData" file="/home/steve/dev/hot-tub-controller/backend/tests/Unit/Services/WirelessTagClientTest.php" line="70" class="Tests\Unit\Services\WirelessTagClientTest" classname="Tests.Unit.Services.WirelessTagClientTest" assertions="15" time="0.000163"/>
        <testcase name="testTemperatureValidationWithInvalidTemperatures" file="/home/steve/dev/hot-tub-controller/backend/tests/Unit/Services/WirelessTagClientTest.php" line="152" class="Tests\Unit\Services\WirelessTagClientTest" classname="Tests.Unit.Services.WirelessTagClientTest" assertions="5" time="0.000465"/>
        <testcase name="testAmbientTemperatureCalibration" file="/home/steve/dev/hot-tub-controller/backend/tests/Unit/Services/WirelessTagClientTest.php" line="167" class="Tests\Unit\Services\WirelessTagClientTest" classname="Tests.Unit.Services.WirelessTagClientTest" assertions="3" time="0.000078"/>
        <testcase name="testBatteryLevelAssessment" file="/home/steve/dev/hot-tub-controller/backend/tests/Unit/Services/WirelessTagClientTest.php" line="258" class="Tests\Unit\Services\WirelessTagClientTest" classname="Tests.Unit.Services.WirelessTagClientTest" assertions="5" time="0.000065"/>
        <testcase name="testSignalStrengthAssessment" file="/home/steve/dev/hot-tub-controller/backend/tests/Unit/Services/WirelessTagClientTest.php" line="275" class="Tests\Unit\Services\WirelessTagClientTest" classname="Tests.Unit.Services.WirelessTagClientTest" assertions="5" time="0.000058"/>
      </testsuite>
      <testsuite name="HotTubController\Tests\Unit\Application\Middleware\CorsMiddlewareTest" file="/home/steve/dev/hot-tub-controller/backend/tests/Unit/Application/Middleware/CorsMiddlewareTest.php" tests="5" assertions="14" errors="0" failures="0" skipped="0" time="0.001235">
        <testcase name="testOptionsRequestReturnsCorrectCorsHeaders" file="/home/steve/dev/hot-tub-controller/backend/tests/Unit/Application/Middleware/CorsMiddlewareTest.php" line="28" class="HotTubController\Tests\Unit\Application\Middleware\CorsMiddlewareTest" classname="HotTubController.Tests.Unit.Application.Middleware.CorsMiddlewareTest" assertions="5" time="0.000747"/>
        <testcase name="testNonOptionsRequestPassesThroughWithCorsHeaders" file="/home/steve/dev/hot-tub-controller/backend/tests/Unit/Application/Middleware/CorsMiddlewareTest.php" line="44" class="HotTubController\Tests\Unit\Application\Middleware\CorsMiddlewareTest" classname="HotTubController.Tests.Unit.Application.Middleware.CorsMiddlewareTest" assertions="4" time="0.000170"/>
        <testcase name="testDisallowedOriginDoesNotReceiveCorsHeaders" file="/home/steve/dev/hot-tub-controller/backend/tests/Unit/Application/Middleware/CorsMiddlewareTest.php" line="65" class="HotTubController\Tests\Unit\Application\Middleware\CorsMiddlewareTest" classname="HotTubController.Tests.Unit.Application.Middleware.CorsMiddlewareTest" assertions="2" time="0.000122"/>
        <testcase name="testWildcardOriginAllowsAll" file="/home/steve/dev/hot-tub-controller/backend/tests/Unit/Application/Middleware/CorsMiddlewareTest.php" line="83" class="HotTubController\Tests\Unit\Application\Middleware\CorsMiddlewareTest" classname="HotTubController.Tests.Unit.Application.Middleware.CorsMiddlewareTest" assertions="2" time="0.000107"/>
        <testcase name="testNoOriginHeaderAllowsWildcard" file="/home/steve/dev/hot-tub-controller/backend/tests/Unit/Application/Middleware/CorsMiddlewareTest.php" line="99" class="HotTubController\Tests\Unit\Application\Middleware\CorsMiddlewareTest" classname="HotTubController.Tests.Unit.Application.Middleware.CorsMiddlewareTest" assertions="1" time="0.000088"/>
      </testsuite>
      <testsuite name="HotTubController\Tests\Unit\Application\Middleware\ResponseTimeMiddlewareTest" file="/home/steve/dev/hot-tub-controller/backend/tests/Unit/Application/Middleware/ResponseTimeMiddlewareTest.php" tests="11" assertions="37" errors="0" failures="0" skipped="0" time="0.090470">
        <testcase name="testAddsResponseTimeHeader" file="/home/steve/dev/hot-tub-controller/backend/tests/Unit/Application/Middleware/ResponseTimeMiddlewareTest.php" line="35" class="HotTubController\Tests\Unit\Application\Middleware\ResponseTimeMiddlewareTest" classname="HotTubController.Tests.Unit.Application.Middleware.ResponseTimeMiddlewareTest" assertions="5" time="0.000655"/>
        <testcase name="testHandlerIsCalled" file="/home/steve/dev/hot-tub-controller/backend/tests/Unit/Application/Middleware/ResponseTimeMiddlewareTest.php" line="53" class="HotTubController\Tests\Unit\Application\Middleware\ResponseTimeMiddlewareTest" classname="HotTubController.Tests.Unit.Application.Middleware.ResponseTimeMiddlewareTest" assertions="1" time="0.000125"/>
        <testcase name="testLoggingCanBeDisabled" file="/home/steve/dev/hot-tub-controller/backend/tests/Unit/Application/Middleware/ResponseTimeMiddlewareTest.php" line="89" class="HotTubController\Tests\Unit\Application\Middleware\ResponseTimeMiddlewareTest" classname="HotTubController.Tests.Unit.Application.Middleware.ResponseTimeMiddlewareTest" assertions="1" time="0.000090"/>
        <testcase name="testLoggingCanBeEnabled" file="/home/steve/dev/hot-tub-controller/backend/tests/Unit/Application/Middleware/ResponseTimeMiddlewareTest.php" line="101" class="HotTubController\Tests\Unit\Application\Middleware\ResponseTimeMiddlewareTest" classname="HotTubController.Tests.Unit.Application.Middleware.ResponseTimeMiddlewareTest" assertions="1" time="0.000521"/>
        <testcase name="testDifferentHttpMethods" file="/home/steve/dev/hot-tub-controller/backend/tests/Unit/Application/Middleware/ResponseTimeMiddlewareTest.php" line="153" class="HotTubController\Tests\Unit\Application\Middleware\ResponseTimeMiddlewareTest" classname="HotTubController.Tests.Unit.Application.Middleware.ResponseTimeMiddlewareTest" assertions="5" time="0.000265"/>
        <testcase name="testStatusEndpointRecognition" file="/home/steve/dev/hot-tub-controller/backend/tests/Unit/Application/Middleware/ResponseTimeMiddlewareTest.php" line="168" class="HotTubController\Tests\Unit\Application\Middleware\ResponseTimeMiddlewareTest" classname="HotTubController.Tests.Unit.Application.Middleware.ResponseTimeMiddlewareTest" assertions="3" time="0.000128"/>
        <testcase name="testOriginalResponseIsPreserved" file="/home/steve/dev/hot-tub-controller/backend/tests/Unit/Application/Middleware/ResponseTimeMiddlewareTest.php" line="183" class="HotTubController\Tests\Unit\Application\Middleware\ResponseTimeMiddlewareTest" classname="HotTubController.Tests.Unit.Application.Middleware.ResponseTimeMiddlewareTest" assertions="4" time="0.000123"/>
        <testcase name="testResponseBodyIsPreserved" file="/home/steve/dev/hot-tub-controller/backend/tests/Unit/Application/Middleware/ResponseTimeMiddlewareTest.php" line="207" class="HotTubController\Tests\Unit\Application\Middleware\ResponseTimeMiddlewareTest" classname="HotTubController.Tests.Unit.Application.Middleware.ResponseTimeMiddlewareTest" assertions="2" time="0.000105"/>
        <testcase name="testMultipleCallsGiveUniqueTimings" file="/home/steve/dev/hot-tub-controller/backend/tests/Unit/Application/Middleware/ResponseTimeMiddlewareTest.php" line="228" class="HotTubController\Tests\Unit\Application\Middleware\ResponseTimeMiddlewareTest" classname="HotTubController.Tests.Unit.Application.Middleware.ResponseTimeMiddlewareTest" assertions="10" time="0.002333"/>
        <testcase name="testSlowRequestThreshold" file="/home/steve/dev/hot-tub-controller/backend/tests/Unit/Application/Middleware/ResponseTimeMiddlewareTest.php" line="130" class="HotTubController\Tests\Unit\Application\Middleware\ResponseTimeMiddlewareTest" classname="HotTubController.Tests.Unit.Application.Middleware.ResponseTimeMiddlewareTest" assertions="1" time="0.035563"/>
        <testcase name="testMeasuresTimeAccurately" file="/home/steve/dev/hot-tub-controller/backend/tests/Unit/Application/Middleware/ResponseTimeMiddlewareTest.php" line="66" class="HotTubController\Tests\Unit\Application\Middleware\ResponseTimeMiddlewareTest" classname="HotTubController.Tests.Unit.Application.Middleware.ResponseTimeMiddlewareTest" assertions="4" time="0.050561"/>
      </testsuite>
      <testsuite name="HotTubController\Tests\Unit\Application\Middleware\TokenValidationMiddlewareTest" file="/home/steve/dev/hot-tub-controller/backend/tests/Unit/Application/Middleware/TokenValidationMiddlewareTest.php" tests="9" assertions="39" errors="0" failures="0" skipped="0" time="0.002142">
        <testcase name="testValidTokenPassesThrough" file="/home/steve/dev/hot-tub-controller/backend/tests/Unit/Application/Middleware/TokenValidationMiddlewareTest.php" line="34" class="HotTubController\Tests\Unit\Application\Middleware\TokenValidationMiddlewareTest" classname="HotTubController.Tests.Unit.Application.Middleware.TokenValidationMiddlewareTest" assertions="3" time="0.000999"/>
        <testcase name="testMissingAuthorizationHeaderReturns401" file="/home/steve/dev/hot-tub-controller/backend/tests/Unit/Application/Middleware/TokenValidationMiddlewareTest.php" line="62" class="HotTubController\Tests\Unit\Application\Middleware\TokenValidationMiddlewareTest" classname="HotTubController.Tests.Unit.Application.Middleware.TokenValidationMiddlewareTest" assertions="5" time="0.000174"/>
        <testcase name="testInvalidAuthorizationFormatReturns401" file="/home/steve/dev/hot-tub-controller/backend/tests/Unit/Application/Middleware/TokenValidationMiddlewareTest.php" line="79" class="HotTubController\Tests\Unit\Application\Middleware\TokenValidationMiddlewareTest" classname="HotTubController.Tests.Unit.Application.Middleware.TokenValidationMiddlewareTest" assertions="4" time="0.000130"/>
        <testcase name="testInvalidTokenReturns401" file="/home/steve/dev/hot-tub-controller/backend/tests/Unit/Application/Middleware/TokenValidationMiddlewareTest.php" line="96" class="HotTubController\Tests\Unit\Application\Middleware\TokenValidationMiddlewareTest" classname="HotTubController.Tests.Unit.Application.Middleware.TokenValidationMiddlewareTest" assertions="6" time="0.000156"/>
        <testcase name="testTokenServiceExceptionReturns401" file="/home/steve/dev/hot-tub-controller/backend/tests/Unit/Application/Middleware/TokenValidationMiddlewareTest.php" line="133" class="HotTubController\Tests\Unit\Application\Middleware\TokenValidationMiddlewareTest" classname="HotTubController.Tests.Unit.Application.Middleware.TokenValidationMiddlewareTest" assertions="6" time="0.000145"/>
        <testcase name="testUnexpectedExceptionReturns500" file="/home/steve/dev/hot-tub-controller/backend/tests/Unit/Application/Middleware/TokenValidationMiddlewareTest.php" line="165" class="HotTubController\Tests\Unit\Application\Middleware\TokenValidationMiddlewareTest" classname="HotTubController.Tests.Unit.Application.Middleware.TokenValidationMiddlewareTest" assertions="6" time="0.000169"/>
        <testcase name="testBearerTokenIsCaseInsensitive" file="/home/steve/dev/hot-tub-controller/backend/tests/Unit/Application/Middleware/TokenValidationMiddlewareTest.php" line="195" class="HotTubController\Tests\Unit\Application\Middleware\TokenValidationMiddlewareTest" classname="HotTubController.Tests.Unit.Application.Middleware.TokenValidationMiddlewareTest" assertions="3" time="0.000125"/>
        <testcase name="testDebugLoggingOnSuccessfulValidation" file="/home/steve/dev/hot-tub-controller/backend/tests/Unit/Application/Middleware/TokenValidationMiddlewareTest.php" line="219" class="HotTubController\Tests\Unit\Application\Middleware\TokenValidationMiddlewareTest" classname="HotTubController.Tests.Unit.Application.Middleware.TokenValidationMiddlewareTest" assertions="3" time="0.000121"/>
        <testcase name="testResponseContainsTimestamp" file="/home/steve/dev/hot-tub-controller/backend/tests/Unit/Application/Middleware/TokenValidationMiddlewareTest.php" line="246" class="HotTubController\Tests\Unit\Application\Middleware\TokenValidationMiddlewareTest" classname="HotTubController.Tests.Unit.Application.Middleware.TokenValidationMiddlewareTest" assertions="3" time="0.000122"/>
      </testsuite>
      <testsuite name="Tests\Unit\Config\HeatingConfigTest" file="/home/steve/dev/hot-tub-controller/backend/tests/Unit/Config/HeatingConfigTest.php" tests="15" assertions="32" errors="0" failures="0" skipped="0" time="0.001186">
        <testcase name="testDefaultConfiguration" file="/home/steve/dev/hot-tub-controller/backend/tests/Unit/Config/HeatingConfigTest.php" line="37" class="Tests\Unit\Config\HeatingConfigTest" classname="Tests.Unit.Config.HeatingConfigTest" assertions="5" time="0.000114"/>
        <testcase name="testEnvironmentConfiguration" file="/home/steve/dev/hot-tub-controller/backend/tests/Unit/Config/HeatingConfigTest.php" line="48" class="Tests\Unit\Config\HeatingConfigTest" classname="Tests.Unit.Config.HeatingConfigTest" assertions="2" time="0.000103"/>
        <testcase name="testSetValidHeatingRate" file="/home/steve/dev/hot-tub-controller/backend/tests/Unit/Config/HeatingConfigTest.php" line="59" class="Tests\Unit\Config\HeatingConfigTest" classname="Tests.Unit.Config.HeatingConfigTest" assertions="2" time="0.000067"/>
        <testcase name="testSetHeatingRateTooLow" file="/home/steve/dev/hot-tub-controller/backend/tests/Unit/Config/HeatingConfigTest.php" line="69" class="Tests\Unit\Config\HeatingConfigTest" classname="Tests.Unit.Config.HeatingConfigTest" assertions="2" time="0.000091"/>
        <testcase name="testSetHeatingRateTooHigh" file="/home/steve/dev/hot-tub-controller/backend/tests/Unit/Config/HeatingConfigTest.php" line="79" class="Tests\Unit\Config\HeatingConfigTest" classname="Tests.Unit.Config.HeatingConfigTest" assertions="2" time="0.000065"/>
        <testcase name="testSetInvalidUnit" file="/home/steve/dev/hot-tub-controller/backend/tests/Unit/Config/HeatingConfigTest.php" line="89" class="Tests\Unit\Config\HeatingConfigTest" classname="Tests.Unit.Config.HeatingConfigTest" assertions="2" time="0.000062"/>
        <testcase name="testValidateHeatingRate" file="/home/steve/dev/hot-tub-controller/backend/tests/Unit/Config/HeatingConfigTest.php" line="99" class="Tests\Unit\Config\HeatingConfigTest" classname="Tests.Unit.Config.HeatingConfigTest" assertions="3" time="0.000062"/>
        <testcase name="testValidateUnit" file="/home/steve/dev/hot-tub-controller/backend/tests/Unit/Config/HeatingConfigTest.php" line="108" class="Tests\Unit\Config\HeatingConfigTest" classname="Tests.Unit.Config.HeatingConfigTest" assertions="1" time="0.000053"/>
        <testcase name="testToArray" file="/home/steve/dev/hot-tub-controller/backend/tests/Unit/Config/HeatingConfigTest.php" line="115" class="Tests\Unit\Config\HeatingConfigTest" classname="Tests.Unit.Config.HeatingConfigTest" assertions="1" time="0.000077"/>
        <testcase name="testUpdateFromArraySuccess" file="/home/steve/dev/hot-tub-controller/backend/tests/Unit/Config/HeatingConfigTest.php" line="133" class="Tests\Unit\Config\HeatingConfigTest" classname="Tests.Unit.Config.HeatingConfigTest" assertions="2" time="0.000091"/>
        <testcase name="testUpdateFromArrayMissingHeatingRate" file="/home/steve/dev/hot-tub-controller/backend/tests/Unit/Config/HeatingConfigTest.php" line="148" class="Tests\Unit\Config\HeatingConfigTest" classname="Tests.Unit.Config.HeatingConfigTest" assertions="2" time="0.000071"/>
        <testcase name="testUpdateFromArrayMissingUnit" file="/home/steve/dev/hot-tub-controller/backend/tests/Unit/Config/HeatingConfigTest.php" line="162" class="Tests\Unit\Config\HeatingConfigTest" classname="Tests.Unit.Config.HeatingConfigTest" assertions="2" time="0.000077"/>
        <testcase name="testUpdateFromArrayInvalidHeatingRate" file="/home/steve/dev/hot-tub-controller/backend/tests/Unit/Config/HeatingConfigTest.php" line="176" class="Tests\Unit\Config\HeatingConfigTest" classname="Tests.Unit.Config.HeatingConfigTest" assertions="2" time="0.000112"/>
        <testcase name="testFromArraySuccess" file="/home/steve/dev/hot-tub-controller/backend/tests/Unit/Config/HeatingConfigTest.php" line="191" class="Tests\Unit\Config\HeatingConfigTest" classname="Tests.Unit.Config.HeatingConfigTest" assertions="2" time="0.000080"/>
        <testcase name="testFromArrayWithDefaults" file="/home/steve/dev/hot-tub-controller/backend/tests/Unit/Config/HeatingConfigTest.php" line="204" class="Tests\Unit\Config\HeatingConfigTest" classname="Tests.Unit.Config.HeatingConfigTest" assertions="2" time="0.000062"/>
      </testsuite>
      <testsuite name="HotTubController\Tests\Unit\Services\CronSecurityManagerTest" file="/home/steve/dev/hot-tub-controller/backend/tests/Unit/Services/CronSecurityManagerTest.php" tests="17" assertions="55" errors="0" failures="0" skipped="0" time="0.010158">
        <testcase name="testConstructorCreatesDirectories" file="/home/steve/dev/hot-tub-controller/backend/tests/Unit/Services/CronSecurityManagerTest.php" line="38" class="HotTubController\Tests\Unit\Services\CronSecurityManagerTest" classname="HotTubController.Tests.Unit.Services.CronSecurityManagerTest" assertions="2" time="0.001200"/>
        <testcase name="testGenerateApiKeyCreatesFile" file="/home/steve/dev/hot-tub-controller/backend/tests/Unit/Services/CronSecurityManagerTest.php" line="61" class="HotTubController\Tests\Unit\Services\CronSecurityManagerTest" classname="HotTubController.Tests.Unit.Services.CronSecurityManagerTest" assertions="4" time="0.000574"/>
        <testcase name="testApiKeyExists" file="/home/steve/dev/hot-tub-controller/backend/tests/Unit/Services/CronSecurityManagerTest.php" line="75" class="HotTubController\Tests\Unit\Services\CronSecurityManagerTest" classname="HotTubController.Tests.Unit.Services.CronSecurityManagerTest" assertions="2" time="0.000439"/>
        <testcase name="testGetCurrentApiKey" file="/home/steve/dev/hot-tub-controller/backend/tests/Unit/Services/CronSecurityManagerTest.php" line="84" class="HotTubController\Tests\Unit\Services\CronSecurityManagerTest" classname="HotTubController.Tests.Unit.Services.CronSecurityManagerTest" assertions="2" time="0.000357"/>
        <testcase name="testGetCurrentApiKeyValid" file="/home/steve/dev/hot-tub-controller/backend/tests/Unit/Services/CronSecurityManagerTest.php" line="92" class="HotTubController\Tests\Unit\Services\CronSecurityManagerTest" classname="HotTubController.Tests.Unit.Services.CronSecurityManagerTest" assertions="1" time="0.000414"/>
        <testcase name="testGetCurrentApiKeyEmpty" file="/home/steve/dev/hot-tub-controller/backend/tests/Unit/Services/CronSecurityManagerTest.php" line="100" class="HotTubController\Tests\Unit\Services\CronSecurityManagerTest" classname="HotTubController.Tests.Unit.Services.CronSecurityManagerTest" assertions="2" time="0.000941"/>
        <testcase name="testGetCurrentApiKeyInvalidFormat" file="/home/steve/dev/hot-tub-controller/backend/tests/Unit/Services/CronSecurityManagerTest.php" line="110" class="HotTubController\Tests\Unit\Services\CronSecurityManagerTest" classname="HotTubController.Tests.Unit.Services.CronSecurityManagerTest" assertions="2" time="0.000825"/>
        <testcase name="testIsValidApiKey" file="/home/steve/dev/hot-tub-controller/backend/tests/Unit/Services/CronSecurityManagerTest.php" line="121" class="HotTubController\Tests\Unit\Services\CronSecurityManagerTest" classname="HotTubController.Tests.Unit.Services.CronSecurityManagerTest" assertions="5" time="0.000412"/>
        <testcase name="testVerifyApiKey" file="/home/steve/dev/hot-tub-controller/backend/tests/Unit/Services/CronSecurityManagerTest.php" line="134" class="HotTubController\Tests\Unit\Services\CronSecurityManagerTest" classname="HotTubController.Tests.Unit.Services.CronSecurityManagerTest" assertions="3" time="0.000496"/>
        <testcase name="testVerifyApiKeyNoFile" file="/home/steve/dev/hot-tub-controller/backend/tests/Unit/Services/CronSecurityManagerTest.php" line="149" class="HotTubController\Tests\Unit\Services\CronSecurityManagerTest" classname="HotTubController.Tests.Unit.Services.CronSecurityManagerTest" assertions="1" time="0.000341"/>
        <testcase name="testInitializeApiKeyNoExisting" file="/home/steve/dev/hot-tub-controller/backend/tests/Unit/Services/CronSecurityManagerTest.php" line="175" class="HotTubController\Tests\Unit\Services\CronSecurityManagerTest" classname="HotTubController.Tests.Unit.Services.CronSecurityManagerTest" assertions="3" time="0.000485"/>
        <testcase name="testInitializeApiKeyWithExisting" file="/home/steve/dev/hot-tub-controller/backend/tests/Unit/Services/CronSecurityManagerTest.php" line="184" class="HotTubController\Tests\Unit\Services\CronSecurityManagerTest" classname="HotTubController.Tests.Unit.Services.CronSecurityManagerTest" assertions="1" time="0.000440"/>
        <testcase name="testGetApiKeyInfo" file="/home/steve/dev/hot-tub-controller/backend/tests/Unit/Services/CronSecurityManagerTest.php" line="193" class="HotTubController\Tests\Unit\Services\CronSecurityManagerTest" classname="HotTubController.Tests.Unit.Services.CronSecurityManagerTest" assertions="11" time="0.000512"/>
        <testcase name="testCleanupOldBackups" file="/home/steve/dev/hot-tub-controller/backend/tests/Unit/Services/CronSecurityManagerTest.php" line="216" class="HotTubController\Tests\Unit\Services\CronSecurityManagerTest" classname="HotTubController.Tests.Unit.Services.CronSecurityManagerTest" assertions="3" time="0.000541"/>
        <testcase name="testGenerateApiKeyFormat" file="/home/steve/dev/hot-tub-controller/backend/tests/Unit/Services/CronSecurityManagerTest.php" line="47" class="HotTubController\Tests\Unit\Services\CronSecurityManagerTest" classname="HotTubController.Tests.Unit.Services.CronSecurityManagerTest" assertions="4" time="0.000536"/>
        <testcase name="testRotateApiKey" file="/home/steve/dev/hot-tub-controller/backend/tests/Unit/Services/CronSecurityManagerTest.php" line="155" class="HotTubController\Tests\Unit\Services\CronSecurityManagerTest" classname="HotTubController.Tests.Unit.Services.CronSecurityManagerTest" assertions="6" time="0.000789"/>
        <testcase name="testBackupExistingKey" file="/home/steve/dev/hot-tub-controller/backend/tests/Unit/Services/CronSecurityManagerTest.php" line="239" class="HotTubController\Tests\Unit\Services\CronSecurityManagerTest" classname="HotTubController.Tests.Unit.Services.CronSecurityManagerTest" assertions="3" time="0.000855"/>
      </testsuite>
      <testsuite name="Tests\Unit\Services\IftttWebhookClientFactoryTest" file="/home/steve/dev/hot-tub-controller/backend/tests/Unit/Services/IftttWebhookClientFactoryTest.php" tests="17" assertions="44" errors="0" failures="0" skipped="0" time="0.002275">
        <testcase name="testFactoryCreatesClientWithApiKeyInProduction" file="/home/steve/dev/hot-tub-controller/backend/tests/Unit/Services/IftttWebhookClientFactoryTest.php" line="35" class="Tests\Unit\Services\IftttWebhookClientFactoryTest" classname="Tests.Unit.Services.IftttWebhookClientFactoryTest" assertions="3" time="0.001114"/>
        <testcase name="testFactoryCreatesTestModeClientWhenApiKeyMissing" file="/home/steve/dev/hot-tub-controller/backend/tests/Unit/Services/IftttWebhookClientFactoryTest.php" line="50" class="Tests\Unit\Services\IftttWebhookClientFactoryTest" classname="Tests.Unit.Services.IftttWebhookClientFactoryTest" assertions="3" time="0.000111"/>
        <testcase name="testFactoryCreatesTestModeClientInTestingEnvironment" file="/home/steve/dev/hot-tub-controller/backend/tests/Unit/Services/IftttWebhookClientFactoryTest.php" line="65" class="Tests\Unit\Services\IftttWebhookClientFactoryTest" classname="Tests.Unit.Services.IftttWebhookClientFactoryTest" assertions="3" time="0.000088"/>
        <testcase name="testFactoryForcesTestModeWhenApiKeyExistsInTestEnvironment" file="/home/steve/dev/hot-tub-controller/backend/tests/Unit/Services/IftttWebhookClientFactoryTest.php" line="80" class="Tests\Unit\Services\IftttWebhookClientFactoryTest" classname="Tests.Unit.Services.IftttWebhookClientFactoryTest" assertions="3" time="0.000082"/>
        <testcase name="testFactoryRespectsDryRunParameter" file="/home/steve/dev/hot-tub-controller/backend/tests/Unit/Services/IftttWebhookClientFactoryTest.php" line="95" class="Tests\Unit\Services\IftttWebhookClientFactoryTest" classname="Tests.Unit.Services.IftttWebhookClientFactoryTest" assertions="3" time="0.000069"/>
        <testcase name="testCreateProductionWithValidParameters" file="/home/steve/dev/hot-tub-controller/backend/tests/Unit/Services/IftttWebhookClientFactoryTest.php" line="110" class="Tests\Unit\Services\IftttWebhookClientFactoryTest" classname="Tests.Unit.Services.IftttWebhookClientFactoryTest" assertions="3" time="0.000068"/>
        <testcase name="testCreateProductionThrowsExceptionInTestEnvironment" file="/home/steve/dev/hot-tub-controller/backend/tests/Unit/Services/IftttWebhookClientFactoryTest.php" line="124" class="Tests\Unit\Services\IftttWebhookClientFactoryTest" classname="Tests.Unit.Services.IftttWebhookClientFactoryTest" assertions="2" time="0.000069"/>
        <testcase name="testCreateProductionThrowsExceptionWithEmptyApiKey" file="/home/steve/dev/hot-tub-controller/backend/tests/Unit/Services/IftttWebhookClientFactoryTest.php" line="137" class="Tests\Unit\Services\IftttWebhookClientFactoryTest" classname="Tests.Unit.Services.IftttWebhookClientFactoryTest" assertions="2" time="0.000062"/>
        <testcase name="testCreateSafeAlwaysCreatesSafeClient" file="/home/steve/dev/hot-tub-controller/backend/tests/Unit/Services/IftttWebhookClientFactoryTest.php" line="150" class="Tests\Unit\Services\IftttWebhookClientFactoryTest" classname="Tests.Unit.Services.IftttWebhookClientFactoryTest" assertions="3" time="0.000070"/>
        <testcase name="testCreateSafeRespectsDryRunParameter" file="/home/steve/dev/hot-tub-controller/backend/tests/Unit/Services/IftttWebhookClientFactoryTest.php" line="165" class="Tests\Unit\Services\IftttWebhookClientFactoryTest" classname="Tests.Unit.Services.IftttWebhookClientFactoryTest" assertions="3" time="0.000078"/>
        <testcase name="testGetEnvironmentInfoReturnsCorrectInformation" file="/home/steve/dev/hot-tub-controller/backend/tests/Unit/Services/IftttWebhookClientFactoryTest.php" line="177" class="Tests\Unit\Services\IftttWebhookClientFactoryTest" classname="Tests.Unit.Services.IftttWebhookClientFactoryTest" assertions="6" time="0.000092"/>
        <testcase name="testGetEnvironmentInfoDetectsTestEnvironment" file="/home/steve/dev/hot-tub-controller/backend/tests/Unit/Services/IftttWebhookClientFactoryTest.php" line="195" class="Tests\Unit\Services\IftttWebhookClientFactoryTest" classname="Tests.Unit.Services.IftttWebhookClientFactoryTest" assertions="4" time="0.000065"/>
        <testcase name="testGetEnvironmentInfoProvidesRecommendationsForProductionWithoutApiKey" file="/home/steve/dev/hot-tub-controller/backend/tests/Unit/Services/IftttWebhookClientFactoryTest.php" line="211" class="Tests\Unit\Services\IftttWebhookClientFactoryTest" classname="Tests.Unit.Services.IftttWebhookClientFactoryTest" assertions="1" time="0.000065"/>
        <testcase name="testGetEnvironmentInfoProvidesRecommendationsForTestEnvironmentWithApiKey" file="/home/steve/dev/hot-tub-controller/backend/tests/Unit/Services/IftttWebhookClientFactoryTest.php" line="225" class="Tests\Unit\Services\IftttWebhookClientFactoryTest" classname="Tests.Unit.Services.IftttWebhookClientFactoryTest" assertions="1" time="0.000062"/>
        <testcase name="testGetEnvironmentInfoProvidesRecommendationsForDevelopmentWithApiKey" file="/home/steve/dev/hot-tub-controller/backend/tests/Unit/Services/IftttWebhookClientFactoryTest.php" line="239" class="Tests\Unit\Services\IftttWebhookClientFactoryTest" classname="Tests.Unit.Services.IftttWebhookClientFactoryTest" assertions="1" time="0.000062"/>
        <testcase name="testGetEnvironmentInfoShowsGoodConfiguration" file="/home/steve/dev/hot-tub-controller/backend/tests/Unit/Services/IftttWebhookClientFactoryTest.php" line="253" class="Tests\Unit\Services\IftttWebhookClientFactoryTest" classname="Tests.Unit.Services.IftttWebhookClientFactoryTest" assertions="1" time="0.000057"/>
        <testcase name="testFactoryDefaultsToProductionEnvironmentWhenAppEnvNotSet" file="/home/steve/dev/hot-tub-controller/backend/tests/Unit/Services/IftttWebhookClientFactoryTest.php" line="267" class="Tests\Unit\Services\IftttWebhookClientFactoryTest" classname="Tests.Unit.Services.IftttWebhookClientFactoryTest" assertions="2" time="0.000060"/>
      </testsuite>
      <testsuite name="Tests\Unit\Services\IftttWebhookClientTest" file="/home/steve/dev/hot-tub-controller/backend/tests/Unit/Services/IftttWebhookClientTest.php" tests="15" assertions="65" errors="0" failures="0" skipped="0" time="0.848298">
        <testcase name="testClientInitializationWithValidApiKey" file="/home/steve/dev/hot-tub-controller/backend/tests/Unit/Services/IftttWebhookClientTest.php" line="37" class="Tests\Unit\Services\IftttWebhookClientTest" classname="Tests.Unit.Services.IftttWebhookClientTest" assertions="3" time="0.000127"/>
        <testcase name="testClientInitializationWithNullApiKeyTriggersTestMode" file="/home/steve/dev/hot-tub-controller/backend/tests/Unit/Services/IftttWebhookClientTest.php" line="49" class="Tests\Unit\Services\IftttWebhookClientTest" classname="Tests.Unit.Services.IftttWebhookClientTest" assertions="2" time="0.000112"/>
        <testcase name="testClientInitializationWithEmptyApiKeyTriggersTestMode" file="/home/steve/dev/hot-tub-controller/backend/tests/Unit/Services/IftttWebhookClientTest.php" line="60" class="Tests\Unit\Services\IftttWebhookClientTest" classname="Tests.Unit.Services.IftttWebhookClientTest" assertions="2" time="0.000126"/>
        <testcase name="testClientInitializationWithDryRunMode" file="/home/steve/dev/hot-tub-controller/backend/tests/Unit/Services/IftttWebhookClientTest.php" line="71" class="Tests\Unit\Services\IftttWebhookClientTest" classname="Tests.Unit.Services.IftttWebhookClientTest" assertions="2" time="0.000092"/>
        <testcase name="testClientInitializationWithTestModeAndDryRun" file="/home/steve/dev/hot-tub-controller/backend/tests/Unit/Services/IftttWebhookClientTest.php" line="82" class="Tests\Unit\Services\IftttWebhookClientTest" classname="Tests.Unit.Services.IftttWebhookClientTest" assertions="2" time="0.000088"/>
        <testcase name="testAuditLoggingDuringInitialization" file="/home/steve/dev/hot-tub-controller/backend/tests/Unit/Services/IftttWebhookClientTest.php" line="93" class="Tests\Unit\Services\IftttWebhookClientTest" classname="Tests.Unit.Services.IftttWebhookClientTest" assertions="6" time="0.000124"/>
        <testcase name="testConnectivityTestInTestMode" file="/home/steve/dev/hot-tub-controller/backend/tests/Unit/Services/IftttWebhookClientTest.php" line="170" class="Tests\Unit\Services\IftttWebhookClientTest" classname="Tests.Unit.Services.IftttWebhookClientTest" assertions="8" time="0.000154"/>
        <testcase name="testConnectivityTestInDryRunMode" file="/home/steve/dev/hot-tub-controller/backend/tests/Unit/Services/IftttWebhookClientTest.php" line="190" class="Tests\Unit\Services\IftttWebhookClientTest" classname="Tests.Unit.Services.IftttWebhookClientTest" assertions="5" time="0.000163"/>
        <testcase name="testAuditLoggingCreatesDirectoryIfNotExists" file="/home/steve/dev/hot-tub-controller/backend/tests/Unit/Services/IftttWebhookClientTest.php" line="206" class="Tests\Unit\Services\IftttWebhookClientTest" classname="Tests.Unit.Services.IftttWebhookClientTest" assertions="2" time="0.000221"/>
        <testcase name="testDefaultTimeoutValue" file="/home/steve/dev/hot-tub-controller/backend/tests/Unit/Services/IftttWebhookClientTest.php" line="250" class="Tests\Unit\Services\IftttWebhookClientTest" classname="Tests.Unit.Services.IftttWebhookClientTest" assertions="1" time="0.000122"/>
        <testcase name="testAuditLogContainsProperJsonStructure" file="/home/steve/dev/hot-tub-controller/backend/tests/Unit/Services/IftttWebhookClientTest.php" line="224" class="Tests\Unit\Services\IftttWebhookClientTest" classname="Tests.Unit.Services.IftttWebhookClientTest" assertions="15" time="0.144120"/>
        <testcase name="testTriggerInTestModeReturnsSimulatedSuccess" file="/home/steve/dev/hot-tub-controller/backend/tests/Unit/Services/IftttWebhookClientTest.php" line="116" class="Tests\Unit\Services\IftttWebhookClientTest" classname="Tests.Unit.Services.IftttWebhookClientTest" assertions="3" time="0.100512"/>
        <testcase name="testTriggerInDryRunModeReturnsSimulatedSuccess" file="/home/steve/dev/hot-tub-controller/backend/tests/Unit/Services/IftttWebhookClientTest.php" line="133" class="Tests\Unit\Services\IftttWebhookClientTest" classname="Tests.Unit.Services.IftttWebhookClientTest" assertions="3" time="0.100530"/>
        <testcase name="testSimulatedTriggersHaveRealisticTiming" file="/home/steve/dev/hot-tub-controller/backend/tests/Unit/Services/IftttWebhookClientTest.php" line="263" class="Tests\Unit\Services\IftttWebhookClientTest" classname="Tests.Unit.Services.IftttWebhookClientTest" assertions="3" time="0.100433"/>
        <testcase name="testHotTubControlMethodsInTestMode" file="/home/steve/dev/hot-tub-controller/backend/tests/Unit/Services/IftttWebhookClientTest.php" line="150" class="Tests\Unit\Services\IftttWebhookClientTest" classname="Tests.Unit.Services.IftttWebhookClientTest" assertions="8" time="0.401373"/>
      </testsuite>
    </testsuite>
    <testsuite name="integration" tests="58" assertions="695" errors="0" failures="0" skipped="0" time="5.785431">
      <testsuite name="HotTubController\Tests\Integration\Actions\StatusActionTest" file="/home/steve/dev/hot-tub-controller/backend/tests/Integration/Actions/StatusActionTest.php" tests="10" assertions="79" errors="0" failures="0" skipped="0" time="0.609158">
        <testcase name="testTimestampIsValid" file="/home/steve/dev/hot-tub-controller/backend/tests/Integration/Actions/StatusActionTest.php" line="240" class="HotTubController\Tests\Integration\Actions\StatusActionTest" classname="HotTubController.Tests.Integration.Actions.StatusActionTest" assertions="5" time="0.102170"/>
        <testcase name="testStatusEndpointRequiresAuthentication" file="/home/steve/dev/hot-tub-controller/backend/tests/Integration/Actions/StatusActionTest.php" line="60" class="HotTubController\Tests\Integration\Actions\StatusActionTest" classname="HotTubController.Tests.Integration.Actions.StatusActionTest" assertions="9" time="0.050006"/>
        <testcase name="testOptionsRequestReturnsCorsHeaders" file="/home/steve/dev/hot-tub-controller/backend/tests/Integration/Actions/StatusActionTest.php" line="102" class="HotTubController\Tests\Integration\Actions\StatusActionTest" classname="HotTubController.Tests.Integration.Actions.StatusActionTest" assertions="4" time="0.049950"/>
        <testcase name="testStatusEndpointReturnsCorrectStructure" file="/home/steve/dev/hot-tub-controller/backend/tests/Integration/Actions/StatusActionTest.php" line="68" class="HotTubController\Tests\Integration\Actions\StatusActionTest" classname="HotTubController.Tests.Integration.Actions.StatusActionTest" assertions="13" time="0.057281"/>
        <testcase name="testStatusEndpointAlsoWorksOnIndexPhp" file="/home/steve/dev/hot-tub-controller/backend/tests/Integration/Actions/StatusActionTest.php" line="92" class="HotTubController\Tests\Integration\Actions\StatusActionTest" classname="HotTubController.Tests.Integration.Actions.StatusActionTest" assertions="2" time="0.056128"/>
        <testcase name="testEnhancedStatusEndpoint" file="/home/steve/dev/hot-tub-controller/backend/tests/Integration/Actions/StatusActionTest.php" line="112" class="HotTubController\Tests\Integration\Actions\StatusActionTest" classname="HotTubController.Tests.Integration.Actions.StatusActionTest" assertions="27" time="0.059607"/>
        <testcase name="testMemoryInformationIsRealistic" file="/home/steve/dev/hot-tub-controller/backend/tests/Integration/Actions/StatusActionTest.php" line="183" class="HotTubController\Tests\Integration\Actions\StatusActionTest" classname="HotTubController.Tests.Integration.Actions.StatusActionTest" assertions="11" time="0.061120"/>
        <testcase name="testStatusDeterminationBasedOnMemory" file="/home/steve/dev/hot-tub-controller/backend/tests/Integration/Actions/StatusActionTest.php" line="222" class="HotTubController\Tests\Integration\Actions\StatusActionTest" classname="HotTubController.Tests.Integration.Actions.StatusActionTest" assertions="1" time="0.058581"/>
        <testcase name="testResponseTimeHeader" file="/home/steve/dev/hot-tub-controller/backend/tests/Integration/Actions/StatusActionTest.php" line="156" class="HotTubController\Tests\Integration\Actions\StatusActionTest" classname="HotTubController.Tests.Integration.Actions.StatusActionTest" assertions="5" time="0.056742"/>
        <testcase name="testResponseTimeHeaderOnRootEndpoint" file="/home/steve/dev/hot-tub-controller/backend/tests/Integration/Actions/StatusActionTest.php" line="172" class="HotTubController\Tests\Integration\Actions\StatusActionTest" classname="HotTubController.Tests.Integration.Actions.StatusActionTest" assertions="2" time="0.057572"/>
      </testsuite>
      <testsuite name="Tests\Integration\Admin\HeatingConfigEndpointsTest" file="/home/steve/dev/hot-tub-controller/backend/tests/Integration/Admin/HeatingConfigEndpointsTest.php" tests="11" assertions="36" errors="0" failures="0" skipped="0" time="0.629595">
        <testcase name="testGetHeatingConfigRequiresAuth" file="/home/steve/dev/hot-tub-controller/backend/tests/Integration/Admin/HeatingConfigEndpointsTest.php" line="140" class="Tests\Integration\Admin\HeatingConfigEndpointsTest" classname="Tests.Integration.Admin.HeatingConfigEndpointsTest" assertions="1" time="0.050740"/>
        <testcase name="testUpdateHeatingConfigRequiresAuth" file="/home/steve/dev/hot-tub-controller/backend/tests/Integration/Admin/HeatingConfigEndpointsTest.php" line="295" class="Tests\Integration\Admin\HeatingConfigEndpointsTest" classname="Tests.Integration.Admin.HeatingConfigEndpointsTest" assertions="1" time="0.051887"/>
        <testcase name="testUpdateHeatingConfigInvalidHeatingRate" file="/home/steve/dev/hot-tub-controller/backend/tests/Integration/Admin/HeatingConfigEndpointsTest.php" line="215" class="Tests\Integration\Admin\HeatingConfigEndpointsTest" classname="Tests.Integration.Admin.HeatingConfigEndpointsTest" assertions="3" time="0.056402"/>
        <testcase name="testUpdateHeatingConfigInvalidUnit" file="/home/steve/dev/hot-tub-controller/backend/tests/Integration/Admin/HeatingConfigEndpointsTest.php" line="235" class="Tests\Integration\Admin\HeatingConfigEndpointsTest" classname="Tests.Integration.Admin.HeatingConfigEndpointsTest" assertions="3" time="0.057334"/>
        <testcase name="testUpdateHeatingConfigMissingHeatingRate" file="/home/steve/dev/hot-tub-controller/backend/tests/Integration/Admin/HeatingConfigEndpointsTest.php" line="178" class="Tests\Integration\Admin\HeatingConfigEndpointsTest" classname="Tests.Integration.Admin.HeatingConfigEndpointsTest" assertions="3" time="0.055669"/>
        <testcase name="testUpdateHeatingConfigRequiresAdminAuth" file="/home/steve/dev/hot-tub-controller/backend/tests/Integration/Admin/HeatingConfigEndpointsTest.php" line="279" class="Tests\Integration\Admin\HeatingConfigEndpointsTest" classname="Tests.Integration.Admin.HeatingConfigEndpointsTest" assertions="1" time="0.057386"/>
        <testcase name="testGetHeatingConfigSuccess" file="/home/steve/dev/hot-tub-controller/backend/tests/Integration/Admin/HeatingConfigEndpointsTest.php" line="93" class="Tests\Integration\Admin\HeatingConfigEndpointsTest" classname="Tests.Integration.Admin.HeatingConfigEndpointsTest" assertions="12" time="0.058817"/>
        <testcase name="testGetHeatingConfigRequiresAdminAuth" file="/home/steve/dev/hot-tub-controller/backend/tests/Integration/Admin/HeatingConfigEndpointsTest.php" line="125" class="Tests\Integration\Admin\HeatingConfigEndpointsTest" classname="Tests.Integration.Admin.HeatingConfigEndpointsTest" assertions="1" time="0.056981"/>
        <testcase name="testUpdateHeatingConfigMissingUnit" file="/home/steve/dev/hot-tub-controller/backend/tests/Integration/Admin/HeatingConfigEndpointsTest.php" line="196" class="Tests\Integration\Admin\HeatingConfigEndpointsTest" classname="Tests.Integration.Admin.HeatingConfigEndpointsTest" assertions="3" time="0.058296"/>
        <testcase name="testUpdateHeatingConfigInvalidJSON" file="/home/steve/dev/hot-tub-controller/backend/tests/Integration/Admin/HeatingConfigEndpointsTest.php" line="255" class="Tests\Integration\Admin\HeatingConfigEndpointsTest" classname="Tests.Integration.Admin.HeatingConfigEndpointsTest" assertions="3" time="0.068205"/>
        <testcase name="testUpdateHeatingConfigSuccess" file="/home/steve/dev/hot-tub-controller/backend/tests/Integration/Admin/HeatingConfigEndpointsTest.php" line="155" class="Tests\Integration\Admin\HeatingConfigEndpointsTest" classname="Tests.Integration.Admin.HeatingConfigEndpointsTest" assertions="5" time="0.057878"/>
      </testsuite>
      <testsuite name="Tests\Integration\HeatingCycleSimulationTest" file="/home/steve/dev/hot-tub-controller/backend/tests/Integration/HeatingCycleSimulationTest.php" tests="6" assertions="175" errors="0" failures="0" skipped="0" time="0.002781">
        <testcase name="testVariousStartingTemperatures" file="/home/steve/dev/hot-tub-controller/backend/tests/Integration/HeatingCycleSimulationTest.php" line="167" class="Tests\Integration\HeatingCycleSimulationTest" classname="Tests.Integration.HeatingCycleSimulationTest" assertions="28" time="0.001089"/>
        <testcase name="testPrecisionMonitoringNearTarget" file="/home/steve/dev/hot-tub-controller/backend/tests/Integration/HeatingCycleSimulationTest.php" line="132" class="Tests\Integration\HeatingCycleSimulationTest" classname="Tests.Integration.HeatingCycleSimulationTest" assertions="40" time="0.000270"/>
        <testcase name="testTemperatureDataProcessingAccuracy" file="/home/steve/dev/hot-tub-controller/backend/tests/Integration/HeatingCycleSimulationTest.php" line="201" class="Tests\Integration\HeatingCycleSimulationTest" classname="Tests.Integration.HeatingCycleSimulationTest" assertions="16" time="0.000206"/>
        <testcase name="testHeatingRateCalculationPrecision" file="/home/steve/dev/hot-tub-controller/backend/tests/Integration/HeatingCycleSimulationTest.php" line="251" class="Tests\Integration\HeatingCycleSimulationTest" classname="Tests.Integration.HeatingCycleSimulationTest" assertions="5" time="0.000080"/>
        <testcase name="testCompleteHeatingCycle88To102" file="/home/steve/dev/hot-tub-controller/backend/tests/Integration/HeatingCycleSimulationTest.php" line="45" class="Tests\Integration\HeatingCycleSimulationTest" classname="Tests.Integration.HeatingCycleSimulationTest" assertions="81" time="0.000780"/>
        <testcase name="testPrecisionMonitoringThreshold" file="/home/steve/dev/hot-tub-controller/backend/tests/Integration/HeatingCycleSimulationTest.php" line="283" class="Tests\Integration\HeatingCycleSimulationTest" classname="Tests.Integration.HeatingCycleSimulationTest" assertions="5" time="0.000357"/>
      </testsuite>
      <testsuite name="HotTubController\Tests\Integration\HeatingManagementWorkflowTest" file="/home/steve/dev/hot-tub-controller/backend/tests/Integration/HeatingManagementWorkflowTest.php" tests="3" assertions="37" errors="0" failures="0" skipped="0" time="0.008126">
        <testcase name="testSchedulingWithOverlapPrevention" file="/home/steve/dev/hot-tub-controller/backend/tests/Integration/HeatingManagementWorkflowTest.php" line="262" class="HotTubController\Tests\Integration\HeatingManagementWorkflowTest" classname="HotTubController.Tests.Integration.HeatingManagementWorkflowTest" assertions="3" time="0.002935"/>
        <testcase name="testListEventsWithPagination" file="/home/steve/dev/hot-tub-controller/backend/tests/Integration/HeatingManagementWorkflowTest.php" line="298" class="HotTubController\Tests\Integration\HeatingManagementWorkflowTest" classname="HotTubController.Tests.Integration.HeatingManagementWorkflowTest" assertions="5" time="0.002689"/>
        <testcase name="testCompleteHeatingManagementWorkflow" file="/home/steve/dev/hot-tub-controller/backend/tests/Integration/HeatingManagementWorkflowTest.php" line="117" class="HotTubController\Tests\Integration\HeatingManagementWorkflowTest" classname="HotTubController.Tests.Integration.HeatingManagementWorkflowTest" assertions="29" time="0.002503"/>
      </testsuite>
      <testsuite name="Tests\Integration\Services\IftttWebhookClientIntegrationTest" file="/home/steve/dev/hot-tub-controller/backend/tests/Integration/Services/IftttWebhookClientIntegrationTest.php" tests="10" assertions="88" errors="0" failures="0" skipped="0" time="1.810599">
        <testcase name="testIonizerControlWithTestMode" file="/home/steve/dev/hot-tub-controller/backend/tests/Integration/Services/IftttWebhookClientIntegrationTest.php" line="142" class="Tests\Integration\Services\IftttWebhookClientIntegrationTest" classname="Tests.Integration.Services.IftttWebhookClientIntegrationTest" assertions="9" time="0.203200"/>
        <testcase name="testCompleteHotTubCycleWithTestMode" file="/home/steve/dev/hot-tub-controller/backend/tests/Integration/Services/IftttWebhookClientIntegrationTest.php" line="169" class="Tests\Integration\Services\IftttWebhookClientIntegrationTest" classname="Tests.Integration.Services.IftttWebhookClientIntegrationTest" assertions="13" time="0.401627"/>
        <testcase name="testConnectivityTestWithDifferentModes" file="/home/steve/dev/hot-tub-controller/backend/tests/Integration/Services/IftttWebhookClientIntegrationTest.php" line="226" class="Tests\Integration\Services\IftttWebhookClientIntegrationTest" classname="Tests.Integration.Services.IftttWebhookClientIntegrationTest" assertions="7" time="0.000442"/>
        <testcase name="testHeatingSequenceWithTestMode" file="/home/steve/dev/hot-tub-controller/backend/tests/Integration/Services/IftttWebhookClientIntegrationTest.php" line="114" class="Tests\Integration\Services\IftttWebhookClientIntegrationTest" classname="Tests.Integration.Services.IftttWebhookClientIntegrationTest" assertions="9" time="0.201005"/>
        <testcase name="testFactoryCreatesSafeClientInTestEnvironment" file="/home/steve/dev/hot-tub-controller/backend/tests/Integration/Services/IftttWebhookClientIntegrationTest.php" line="60" class="Tests\Integration\Services\IftttWebhookClientIntegrationTest" classname="Tests.Integration.Services.IftttWebhookClientIntegrationTest" assertions="2" time="0.000285"/>
        <testcase name="testDryRunModePreventsActualHttpCalls" file="/home/steve/dev/hot-tub-controller/backend/tests/Integration/Services/IftttWebhookClientIntegrationTest.php" line="207" class="Tests\Integration\Services\IftttWebhookClientIntegrationTest" classname="Tests.Integration.Services.IftttWebhookClientIntegrationTest" assertions="3" time="0.100506"/>
        <testcase name="testAuditLoggingContainsEnvironmentInformation" file="/home/steve/dev/hot-tub-controller/backend/tests/Integration/Services/IftttWebhookClientIntegrationTest.php" line="250" class="Tests\Integration\Services\IftttWebhookClientIntegrationTest" classname="Tests.Integration.Services.IftttWebhookClientIntegrationTest" assertions="2" time="0.100577"/>
        <testcase name="testHeatingSequenceInTestMode" file="/home/steve/dev/hot-tub-controller/backend/tests/Integration/Services/IftttWebhookClientIntegrationTest.php" line="71" class="Tests\Integration\Services\IftttWebhookClientIntegrationTest" classname="Tests.Integration.Services.IftttWebhookClientIntegrationTest" assertions="5" time="0.200742"/>
        <testcase name="testIonizerControlInTestMode" file="/home/steve/dev/hot-tub-controller/backend/tests/Integration/Services/IftttWebhookClientIntegrationTest.php" line="93" class="Tests\Integration\Services\IftttWebhookClientIntegrationTest" classname="Tests.Integration.Services.IftttWebhookClientIntegrationTest" assertions="4" time="0.200754"/>
        <testcase name="testMultipleOperationsCreateProperAuditTrail" file="/home/steve/dev/hot-tub-controller/backend/tests/Integration/Services/IftttWebhookClientIntegrationTest.php" line="263" class="Tests\Integration\Services\IftttWebhookClientIntegrationTest" classname="Tests.Integration.Services.IftttWebhookClientIntegrationTest" assertions="34" time="0.401461"/>
      </testsuite>
      <testsuite name="HotTubController\Tests\Integration\AdminAuthenticationFlowTest" file="/home/steve/dev/hot-tub-controller/backend/tests/Integration/AdminAuthenticationFlowTest.php" tests="5" assertions="51" errors="0" failures="0" skipped="0" time="0.149126">
        <testcase name="testBootstrapFailsWithWrongMasterPassword" file="/home/steve/dev/hot-tub-controller/backend/tests/Integration/AdminAuthenticationFlowTest.php" line="101" class="HotTubController\Tests\Integration\AdminAuthenticationFlowTest" classname="HotTubController.Tests.Integration.AdminAuthenticationFlowTest" assertions="3" time="0.040553"/>
        <testcase name="testCompleteAdminAuthenticationFlow" file="/home/steve/dev/hot-tub-controller/backend/tests/Integration/AdminAuthenticationFlowTest.php" line="25" class="HotTubController\Tests\Integration\AdminAuthenticationFlowTest" classname="HotTubController.Tests.Integration.AdminAuthenticationFlowTest" assertions="30" time="0.103679"/>
        <testcase name="testAdminEndpointsNoLongerAcceptMasterPassword" file="/home/steve/dev/hot-tub-controller/backend/tests/Integration/AdminAuthenticationFlowTest.php" line="114" class="HotTubController\Tests\Integration\AdminAuthenticationFlowTest" classname="HotTubController.Tests.Integration.AdminAuthenticationFlowTest" assertions="6" time="0.001000"/>
        <testcase name="testMissingAuthorizationHeaderIsRejected" file="/home/steve/dev/hot-tub-controller/backend/tests/Integration/AdminAuthenticationFlowTest.php" line="143" class="HotTubController\Tests\Integration\AdminAuthenticationFlowTest" classname="HotTubController.Tests.Integration.AdminAuthenticationFlowTest" assertions="6" time="0.000855"/>
        <testcase name="testInvalidTokensAreRejected" file="/home/steve/dev/hot-tub-controller/backend/tests/Integration/AdminAuthenticationFlowTest.php" line="132" class="HotTubController\Tests\Integration\AdminAuthenticationFlowTest" classname="HotTubController.Tests.Integration.AdminAuthenticationFlowTest" assertions="6" time="0.003038"/>
      </testsuite>
      <testsuite name="Tests\Integration\Domain\Storage\StorageIntegrationTest" file="/home/steve/dev/hot-tub-controller/backend/tests/Integration/Domain/Storage/StorageIntegrationTest.php" tests="4" assertions="98" errors="0" failures="0" skipped="0" time="0.017175">
        <testcase name="testFullHeatingCycleWorkflow" file="/home/steve/dev/hot-tub-controller/backend/tests/Integration/Domain/Storage/StorageIntegrationTest.php" line="36" class="Tests\Integration\Domain\Storage\StorageIntegrationTest" classname="Tests.Integration.Domain.Storage.StorageIntegrationTest" assertions="22" time="0.001406"/>
        <testcase name="testQueryBuilderIntegration" file="/home/steve/dev/hot-tub-controller/backend/tests/Integration/Domain/Storage/StorageIntegrationTest.php" line="156" class="Tests\Integration\Domain\Storage\StorageIntegrationTest" classname="Tests.Integration.Domain.Storage.StorageIntegrationTest" assertions="12" time="0.001298"/>
        <testcase name="testScheduledEventManagement" file="/home/steve/dev/hot-tub-controller/backend/tests/Integration/Domain/Storage/StorageIntegrationTest.php" line="108" class="Tests\Integration\Domain\Storage\StorageIntegrationTest" classname="Tests.Integration.Domain.Storage.StorageIntegrationTest" assertions="11" time="0.001298"/>
        <testcase name="testFileRotationAndCleanup" file="/home/steve/dev/hot-tub-controller/backend/tests/Integration/Domain/Storage/StorageIntegrationTest.php" line="201" class="Tests\Integration\Domain\Storage\StorageIntegrationTest" classname="Tests.Integration.Domain.Storage.StorageIntegrationTest" assertions="53" time="0.013172"/>
      </testsuite>
      <testsuite name="HotTubController\Tests\Integration\WarmingWorkflowTest" file="/home/steve/dev/hot-tub-controller/backend/tests/Integration/WarmingWorkflowTest.php" tests="9" assertions="131" errors="0" failures="0" skipped="0" time="2.558870">
        <testcase name="testOptionsRequestForStatusEndpoint" file="/home/steve/dev/hot-tub-controller/backend/tests/Integration/WarmingWorkflowTest.php" line="164" class="HotTubController\Tests\Integration\WarmingWorkflowTest" classname="HotTubController.Tests.Integration.WarmingWorkflowTest" assertions="2" time="0.054064"/>
        <testcase name="testStatusEndpointForWarming" file="/home/steve/dev/hot-tub-controller/backend/tests/Integration/WarmingWorkflowTest.php" line="57" class="HotTubController\Tests\Integration\WarmingWorkflowTest" classname="HotTubController.Tests.Integration.WarmingWorkflowTest" assertions="16" time="0.058851"/>
        <testcase name="testRootStatusEndpointStillWorks" file="/home/steve/dev/hot-tub-controller/backend/tests/Integration/WarmingWorkflowTest.php" line="86" class="HotTubController\Tests\Integration\WarmingWorkflowTest" classname="HotTubController.Tests.Integration.WarmingWorkflowTest" assertions="4" time="0.058022"/>
        <testcase name="testCorsHeadersForStatusEndpoint" file="/home/steve/dev/hot-tub-controller/backend/tests/Integration/WarmingWorkflowTest.php" line="151" class="HotTubController\Tests\Integration\WarmingWorkflowTest" classname="HotTubController.Tests.Integration.WarmingWorkflowTest" assertions="3" time="0.058867"/>
        <testcase name="testMemoryAndSystemInformationForWarming" file="/home/steve/dev/hot-tub-controller/backend/tests/Integration/WarmingWorkflowTest.php" line="226" class="HotTubController\Tests\Integration\WarmingWorkflowTest" classname="HotTubController.Tests.Integration.WarmingWorkflowTest" assertions="19" time="0.059852"/>
        <testcase name="testConcurrentWarmingRequests" file="/home/steve/dev/hot-tub-controller/backend/tests/Integration/WarmingWorkflowTest.php" line="287" class="HotTubController\Tests\Integration\WarmingWorkflowTest" classname="HotTubController.Tests.Integration.WarmingWorkflowTest" assertions="19" time="0.120666"/>
        <testcase name="testMultipleWarmingCalls" file="/home/steve/dev/hot-tub-controller/backend/tests/Integration/WarmingWorkflowTest.php" line="99" class="HotTubController\Tests\Integration\WarmingWorkflowTest" classname="HotTubController.Tests.Integration.WarmingWorkflowTest" assertions="38" time="0.490079"/>
        <testcase name="testWarmingPerformanceCharacteristics" file="/home/steve/dev/hot-tub-controller/backend/tests/Integration/WarmingWorkflowTest.php" line="179" class="HotTubController\Tests\Integration\WarmingWorkflowTest" classname="HotTubController.Tests.Integration.WarmingWorkflowTest" assertions="24" time="0.593396"/>
        <testcase name="testWarmingSequenceDetectsColdStart" file="/home/steve/dev/hot-tub-controller/backend/tests/Integration/WarmingWorkflowTest.php" line="260" class="HotTubController\Tests\Integration\WarmingWorkflowTest" classname="HotTubController.Tests.Integration.WarmingWorkflowTest" assertions="6" time="1.065072"/>
      </testsuite>
    </testsuite>
    <testsuite name="all" tests="323" assertions="1715" errors="0" failures="0" skipped="2" time="8.436687">
      <testsuite name="HotTubController\Tests\Integration\Actions\StatusActionTest" file="/home/steve/dev/hot-tub-controller/backend/tests/Integration/Actions/StatusActionTest.php" tests="10" assertions="79" errors="0" failures="0" skipped="0" time="0.580289">
        <testcase name="testTimestampIsValid" file="/home/steve/dev/hot-tub-controller/backend/tests/Integration/Actions/StatusActionTest.php" line="240" class="HotTubController\Tests\Integration\Actions\StatusActionTest" classname="HotTubController.Tests.Integration.Actions.StatusActionTest" assertions="5" time="0.060116"/>
        <testcase name="testStatusEndpointRequiresAuthentication" file="/home/steve/dev/hot-tub-controller/backend/tests/Integration/Actions/StatusActionTest.php" line="60" class="HotTubController\Tests\Integration\Actions\StatusActionTest" classname="HotTubController.Tests.Integration.Actions.StatusActionTest" assertions="9" time="0.053935"/>
        <testcase name="testOptionsRequestReturnsCorsHeaders" file="/home/steve/dev/hot-tub-controller/backend/tests/Integration/Actions/StatusActionTest.php" line="102" class="HotTubController\Tests\Integration\Actions\StatusActionTest" classname="HotTubController.Tests.Integration.Actions.StatusActionTest" assertions="4" time="0.053350"/>
        <testcase name="testStatusEndpointReturnsCorrectStructure" file="/home/steve/dev/hot-tub-controller/backend/tests/Integration/Actions/StatusActionTest.php" line="68" class="HotTubController\Tests\Integration\Actions\StatusActionTest" classname="HotTubController.Tests.Integration.Actions.StatusActionTest" assertions="13" time="0.057743"/>
        <testcase name="testStatusEndpointAlsoWorksOnIndexPhp" file="/home/steve/dev/hot-tub-controller/backend/tests/Integration/Actions/StatusActionTest.php" line="92" class="HotTubController\Tests\Integration\Actions\StatusActionTest" classname="HotTubController.Tests.Integration.Actions.StatusActionTest" assertions="2" time="0.059641"/>
        <testcase name="testEnhancedStatusEndpoint" file="/home/steve/dev/hot-tub-controller/backend/tests/Integration/Actions/StatusActionTest.php" line="112" class="HotTubController\Tests\Integration\Actions\StatusActionTest" classname="HotTubController.Tests.Integration.Actions.StatusActionTest" assertions="27" time="0.059815"/>
        <testcase name="testMemoryInformationIsRealistic" file="/home/steve/dev/hot-tub-controller/backend/tests/Integration/Actions/StatusActionTest.php" line="183" class="HotTubController\Tests\Integration\Actions\StatusActionTest" classname="HotTubController.Tests.Integration.Actions.StatusActionTest" assertions="11" time="0.059164"/>
        <testcase name="testStatusDeterminationBasedOnMemory" file="/home/steve/dev/hot-tub-controller/backend/tests/Integration/Actions/StatusActionTest.php" line="222" class="HotTubController\Tests\Integration\Actions\StatusActionTest" classname="HotTubController.Tests.Integration.Actions.StatusActionTest" assertions="1" time="0.058105"/>
        <testcase name="testResponseTimeHeader" file="/home/steve/dev/hot-tub-controller/backend/tests/Integration/Actions/StatusActionTest.php" line="156" class="HotTubController\Tests\Integration\Actions\StatusActionTest" classname="HotTubController.Tests.Integration.Actions.StatusActionTest" assertions="5" time="0.059742"/>
        <testcase name="testResponseTimeHeaderOnRootEndpoint" file="/home/steve/dev/hot-tub-controller/backend/tests/Integration/Actions/StatusActionTest.php" line="172" class="HotTubController\Tests\Integration\Actions\StatusActionTest" classname="HotTubController.Tests.Integration.Actions.StatusActionTest" assertions="2" time="0.058679"/>
      </testsuite>
      <testsuite name="Tests\Integration\Admin\HeatingConfigEndpointsTest" file="/home/steve/dev/hot-tub-controller/backend/tests/Integration/Admin/HeatingConfigEndpointsTest.php" tests="11" assertions="36" errors="0" failures="0" skipped="0" time="0.665870">
        <testcase name="testGetHeatingConfigRequiresAuth" file="/home/steve/dev/hot-tub-controller/backend/tests/Integration/Admin/HeatingConfigEndpointsTest.php" line="140" class="Tests\Integration\Admin\HeatingConfigEndpointsTest" classname="Tests.Integration.Admin.HeatingConfigEndpointsTest" assertions="1" time="0.051793"/>
        <testcase name="testUpdateHeatingConfigRequiresAuth" file="/home/steve/dev/hot-tub-controller/backend/tests/Integration/Admin/HeatingConfigEndpointsTest.php" line="295" class="Tests\Integration\Admin\HeatingConfigEndpointsTest" classname="Tests.Integration.Admin.HeatingConfigEndpointsTest" assertions="1" time="0.053291"/>
        <testcase name="testUpdateHeatingConfigInvalidHeatingRate" file="/home/steve/dev/hot-tub-controller/backend/tests/Integration/Admin/HeatingConfigEndpointsTest.php" line="215" class="Tests\Integration\Admin\HeatingConfigEndpointsTest" classname="Tests.Integration.Admin.HeatingConfigEndpointsTest" assertions="3" time="0.059359"/>
        <testcase name="testUpdateHeatingConfigInvalidUnit" file="/home/steve/dev/hot-tub-controller/backend/tests/Integration/Admin/HeatingConfigEndpointsTest.php" line="235" class="Tests\Integration\Admin\HeatingConfigEndpointsTest" classname="Tests.Integration.Admin.HeatingConfigEndpointsTest" assertions="3" time="0.060046"/>
        <testcase name="testUpdateHeatingConfigMissingHeatingRate" file="/home/steve/dev/hot-tub-controller/backend/tests/Integration/Admin/HeatingConfigEndpointsTest.php" line="178" class="Tests\Integration\Admin\HeatingConfigEndpointsTest" classname="Tests.Integration.Admin.HeatingConfigEndpointsTest" assertions="3" time="0.059647"/>
        <testcase name="testUpdateHeatingConfigRequiresAdminAuth" file="/home/steve/dev/hot-tub-controller/backend/tests/Integration/Admin/HeatingConfigEndpointsTest.php" line="279" class="Tests\Integration\Admin\HeatingConfigEndpointsTest" classname="Tests.Integration.Admin.HeatingConfigEndpointsTest" assertions="1" time="0.062231"/>
        <testcase name="testGetHeatingConfigSuccess" file="/home/steve/dev/hot-tub-controller/backend/tests/Integration/Admin/HeatingConfigEndpointsTest.php" line="93" class="Tests\Integration\Admin\HeatingConfigEndpointsTest" classname="Tests.Integration.Admin.HeatingConfigEndpointsTest" assertions="12" time="0.062452"/>
        <testcase name="testGetHeatingConfigRequiresAdminAuth" file="/home/steve/dev/hot-tub-controller/backend/tests/Integration/Admin/HeatingConfigEndpointsTest.php" line="125" class="Tests\Integration\Admin\HeatingConfigEndpointsTest" classname="Tests.Integration.Admin.HeatingConfigEndpointsTest" assertions="1" time="0.066149"/>
        <testcase name="testUpdateHeatingConfigMissingUnit" file="/home/steve/dev/hot-tub-controller/backend/tests/Integration/Admin/HeatingConfigEndpointsTest.php" line="196" class="Tests\Integration\Admin\HeatingConfigEndpointsTest" classname="Tests.Integration.Admin.HeatingConfigEndpointsTest" assertions="3" time="0.060219"/>
        <testcase name="testUpdateHeatingConfigInvalidJSON" file="/home/steve/dev/hot-tub-controller/backend/tests/Integration/Admin/HeatingConfigEndpointsTest.php" line="255" class="Tests\Integration\Admin\HeatingConfigEndpointsTest" classname="Tests.Integration.Admin.HeatingConfigEndpointsTest" assertions="3" time="0.067287"/>
        <testcase name="testUpdateHeatingConfigSuccess" file="/home/steve/dev/hot-tub-controller/backend/tests/Integration/Admin/HeatingConfigEndpointsTest.php" line="155" class="Tests\Integration\Admin\HeatingConfigEndpointsTest" classname="Tests.Integration.Admin.HeatingConfigEndpointsTest" assertions="5" time="0.063395"/>
      </testsuite>
      <testsuite name="HotTubController\Tests\Integration\AdminAuthenticationFlowTest" file="/home/steve/dev/hot-tub-controller/backend/tests/Integration/AdminAuthenticationFlowTest.php" tests="5" assertions="51" errors="0" failures="0" skipped="0" time="0.159257">
        <testcase name="testBootstrapFailsWithWrongMasterPassword" file="/home/steve/dev/hot-tub-controller/backend/tests/Integration/AdminAuthenticationFlowTest.php" line="101" class="HotTubController\Tests\Integration\AdminAuthenticationFlowTest" classname="HotTubController.Tests.Integration.AdminAuthenticationFlowTest" assertions="3" time="0.040412"/>
        <testcase name="testCompleteAdminAuthenticationFlow" file="/home/steve/dev/hot-tub-controller/backend/tests/Integration/AdminAuthenticationFlowTest.php" line="25" class="HotTubController\Tests\Integration\AdminAuthenticationFlowTest" classname="HotTubController.Tests.Integration.AdminAuthenticationFlowTest" assertions="30" time="0.112386"/>
        <testcase name="testAdminEndpointsNoLongerAcceptMasterPassword" file="/home/steve/dev/hot-tub-controller/backend/tests/Integration/AdminAuthenticationFlowTest.php" line="114" class="HotTubController\Tests\Integration\AdminAuthenticationFlowTest" classname="HotTubController.Tests.Integration.AdminAuthenticationFlowTest" assertions="6" time="0.001041"/>
        <testcase name="testMissingAuthorizationHeaderIsRejected" file="/home/steve/dev/hot-tub-controller/backend/tests/Integration/AdminAuthenticationFlowTest.php" line="143" class="HotTubController\Tests\Integration\AdminAuthenticationFlowTest" classname="HotTubController.Tests.Integration.AdminAuthenticationFlowTest" assertions="6" time="0.000842"/>
        <testcase name="testInvalidTokensAreRejected" file="/home/steve/dev/hot-tub-controller/backend/tests/Integration/AdminAuthenticationFlowTest.php" line="132" class="HotTubController\Tests\Integration\AdminAuthenticationFlowTest" classname="HotTubController.Tests.Integration.AdminAuthenticationFlowTest" assertions="6" time="0.004576"/>
      </testsuite>
      <testsuite name="Tests\Integration\Domain\Storage\StorageIntegrationTest" file="/home/steve/dev/hot-tub-controller/backend/tests/Integration/Domain/Storage/StorageIntegrationTest.php" tests="4" assertions="98" errors="0" failures="0" skipped="0" time="0.015225">
        <testcase name="testFullHeatingCycleWorkflow" file="/home/steve/dev/hot-tub-controller/backend/tests/Integration/Domain/Storage/StorageIntegrationTest.php" line="36" class="Tests\Integration\Domain\Storage\StorageIntegrationTest" classname="Tests.Integration.Domain.Storage.StorageIntegrationTest" assertions="22" time="0.001584"/>
        <testcase name="testQueryBuilderIntegration" file="/home/steve/dev/hot-tub-controller/backend/tests/Integration/Domain/Storage/StorageIntegrationTest.php" line="156" class="Tests\Integration\Domain\Storage\StorageIntegrationTest" classname="Tests.Integration.Domain.Storage.StorageIntegrationTest" assertions="12" time="0.001677"/>
        <testcase name="testScheduledEventManagement" file="/home/steve/dev/hot-tub-controller/backend/tests/Integration/Domain/Storage/StorageIntegrationTest.php" line="108" class="Tests\Integration\Domain\Storage\StorageIntegrationTest" classname="Tests.Integration.Domain.Storage.StorageIntegrationTest" assertions="11" time="0.001300"/>
        <testcase name="testFileRotationAndCleanup" file="/home/steve/dev/hot-tub-controller/backend/tests/Integration/Domain/Storage/StorageIntegrationTest.php" line="201" class="Tests\Integration\Domain\Storage\StorageIntegrationTest" classname="Tests.Integration.Domain.Storage.StorageIntegrationTest" assertions="53" time="0.010662"/>
      </testsuite>
      <testsuite name="Tests\Integration\HeatingCycleSimulationTest" file="/home/steve/dev/hot-tub-controller/backend/tests/Integration/HeatingCycleSimulationTest.php" tests="6" assertions="175" errors="0" failures="0" skipped="0" time="0.001667">
        <testcase name="testVariousStartingTemperatures" file="/home/steve/dev/hot-tub-controller/backend/tests/Integration/HeatingCycleSimulationTest.php" line="167" class="Tests\Integration\HeatingCycleSimulationTest" classname="Tests.Integration.HeatingCycleSimulationTest" assertions="28" time="0.000271"/>
        <testcase name="testPrecisionMonitoringNearTarget" file="/home/steve/dev/hot-tub-controller/backend/tests/Integration/HeatingCycleSimulationTest.php" line="132" class="Tests\Integration\HeatingCycleSimulationTest" classname="Tests.Integration.HeatingCycleSimulationTest" assertions="40" time="0.000254"/>
        <testcase name="testTemperatureDataProcessingAccuracy" file="/home/steve/dev/hot-tub-controller/backend/tests/Integration/HeatingCycleSimulationTest.php" line="201" class="Tests\Integration\HeatingCycleSimulationTest" classname="Tests.Integration.HeatingCycleSimulationTest" assertions="16" time="0.000194"/>
        <testcase name="testHeatingRateCalculationPrecision" file="/home/steve/dev/hot-tub-controller/backend/tests/Integration/HeatingCycleSimulationTest.php" line="251" class="Tests\Integration\HeatingCycleSimulationTest" classname="Tests.Integration.HeatingCycleSimulationTest" assertions="5" time="0.000075"/>
        <testcase name="testCompleteHeatingCycle88To102" file="/home/steve/dev/hot-tub-controller/backend/tests/Integration/HeatingCycleSimulationTest.php" line="45" class="Tests\Integration\HeatingCycleSimulationTest" classname="Tests.Integration.HeatingCycleSimulationTest" assertions="81" time="0.000776"/>
        <testcase name="testPrecisionMonitoringThreshold" file="/home/steve/dev/hot-tub-controller/backend/tests/Integration/HeatingCycleSimulationTest.php" line="283" class="Tests\Integration\HeatingCycleSimulationTest" classname="Tests.Integration.HeatingCycleSimulationTest" assertions="5" time="0.000097"/>
      </testsuite>
      <testsuite name="HotTubController\Tests\Integration\HeatingManagementWorkflowTest" file="/home/steve/dev/hot-tub-controller/backend/tests/Integration/HeatingManagementWorkflowTest.php" tests="3" assertions="37" errors="0" failures="0" skipped="0" time="0.006308">
        <testcase name="testSchedulingWithOverlapPrevention" file="/home/steve/dev/hot-tub-controller/backend/tests/Integration/HeatingManagementWorkflowTest.php" line="262" class="HotTubController\Tests\Integration\HeatingManagementWorkflowTest" classname="HotTubController.Tests.Integration.HeatingManagementWorkflowTest" assertions="3" time="0.001122"/>
        <testcase name="testListEventsWithPagination" file="/home/steve/dev/hot-tub-controller/backend/tests/Integration/HeatingManagementWorkflowTest.php" line="298" class="HotTubController\Tests\Integration\HeatingManagementWorkflowTest" classname="HotTubController.Tests.Integration.HeatingManagementWorkflowTest" assertions="5" time="0.002847"/>
        <testcase name="testCompleteHeatingManagementWorkflow" file="/home/steve/dev/hot-tub-controller/backend/tests/Integration/HeatingManagementWorkflowTest.php" line="117" class="HotTubController\Tests\Integration\HeatingManagementWorkflowTest" classname="HotTubController.Tests.Integration.HeatingManagementWorkflowTest" assertions="29" time="0.002339"/>
      </testsuite>
      <testsuite name="Tests\Integration\Services\IftttWebhookClientIntegrationTest" file="/home/steve/dev/hot-tub-controller/backend/tests/Integration/Services/IftttWebhookClientIntegrationTest.php" tests="10" assertions="88" errors="0" failures="0" skipped="0" time="1.808133">
        <testcase name="testIonizerControlWithTestMode" file="/home/steve/dev/hot-tub-controller/backend/tests/Integration/Services/IftttWebhookClientIntegrationTest.php" line="142" class="Tests\Integration\Services\IftttWebhookClientIntegrationTest" classname="Tests.Integration.Services.IftttWebhookClientIntegrationTest" assertions="9" time="0.200763"/>
        <testcase name="testCompleteHotTubCycleWithTestMode" file="/home/steve/dev/hot-tub-controller/backend/tests/Integration/Services/IftttWebhookClientIntegrationTest.php" line="169" class="Tests\Integration\Services\IftttWebhookClientIntegrationTest" classname="Tests.Integration.Services.IftttWebhookClientIntegrationTest" assertions="13" time="0.401191"/>
        <testcase name="testConnectivityTestWithDifferentModes" file="/home/steve/dev/hot-tub-controller/backend/tests/Integration/Services/IftttWebhookClientIntegrationTest.php" line="226" class="Tests\Integration\Services\IftttWebhookClientIntegrationTest" classname="Tests.Integration.Services.IftttWebhookClientIntegrationTest" assertions="7" time="0.000242"/>
        <testcase name="testHeatingSequenceWithTestMode" file="/home/steve/dev/hot-tub-controller/backend/tests/Integration/Services/IftttWebhookClientIntegrationTest.php" line="114" class="Tests\Integration\Services\IftttWebhookClientIntegrationTest" classname="Tests.Integration.Services.IftttWebhookClientIntegrationTest" assertions="9" time="0.200949"/>
        <testcase name="testFactoryCreatesSafeClientInTestEnvironment" file="/home/steve/dev/hot-tub-controller/backend/tests/Integration/Services/IftttWebhookClientIntegrationTest.php" line="60" class="Tests\Integration\Services\IftttWebhookClientIntegrationTest" classname="Tests.Integration.Services.IftttWebhookClientIntegrationTest" assertions="2" time="0.000162"/>
        <testcase name="testDryRunModePreventsActualHttpCalls" file="/home/steve/dev/hot-tub-controller/backend/tests/Integration/Services/IftttWebhookClientIntegrationTest.php" line="207" class="Tests\Integration\Services\IftttWebhookClientIntegrationTest" classname="Tests.Integration.Services.IftttWebhookClientIntegrationTest" assertions="3" time="0.100560"/>
        <testcase name="testAuditLoggingContainsEnvironmentInformation" file="/home/steve/dev/hot-tub-controller/backend/tests/Integration/Services/IftttWebhookClientIntegrationTest.php" line="250" class="Tests\Integration\Services\IftttWebhookClientIntegrationTest" classname="Tests.Integration.Services.IftttWebhookClientIntegrationTest" assertions="2" time="0.100659"/>
        <testcase name="testHeatingSequenceInTestMode" file="/home/steve/dev/hot-tub-controller/backend/tests/Integration/Services/IftttWebhookClientIntegrationTest.php" line="71" class="Tests\Integration\Services\IftttWebhookClientIntegrationTest" classname="Tests.Integration.Services.IftttWebhookClientIntegrationTest" assertions="5" time="0.200817"/>
        <testcase name="testIonizerControlInTestMode" file="/home/steve/dev/hot-tub-controller/backend/tests/Integration/Services/IftttWebhookClientIntegrationTest.php" line="93" class="Tests\Integration\Services\IftttWebhookClientIntegrationTest" classname="Tests.Integration.Services.IftttWebhookClientIntegrationTest" assertions="4" time="0.200758"/>
        <testcase name="testMultipleOperationsCreateProperAuditTrail" file="/home/steve/dev/hot-tub-controller/backend/tests/Integration/Services/IftttWebhookClientIntegrationTest.php" line="263" class="Tests\Integration\Services\IftttWebhookClientIntegrationTest" classname="Tests.Integration.Services.IftttWebhookClientIntegrationTest" assertions="34" time="0.402032"/>
      </testsuite>
      <testsuite name="HotTubController\Tests\Integration\WarmingWorkflowTest" file="/home/steve/dev/hot-tub-controller/backend/tests/Integration/WarmingWorkflowTest.php" tests="9" assertions="131" errors="0" failures="0" skipped="0" time="2.598509">
        <testcase name="testOptionsRequestForStatusEndpoint" file="/home/steve/dev/hot-tub-controller/backend/tests/Integration/WarmingWorkflowTest.php" line="164" class="HotTubController\Tests\Integration\WarmingWorkflowTest" classname="HotTubController.Tests.Integration.WarmingWorkflowTest" assertions="2" time="0.053700"/>
        <testcase name="testStatusEndpointForWarming" file="/home/steve/dev/hot-tub-controller/backend/tests/Integration/WarmingWorkflowTest.php" line="57" class="HotTubController\Tests\Integration\WarmingWorkflowTest" classname="HotTubController.Tests.Integration.WarmingWorkflowTest" assertions="16" time="0.059408"/>
        <testcase name="testRootStatusEndpointStillWorks" file="/home/steve/dev/hot-tub-controller/backend/tests/Integration/WarmingWorkflowTest.php" line="86" class="HotTubController\Tests\Integration\WarmingWorkflowTest" classname="HotTubController.Tests.Integration.WarmingWorkflowTest" assertions="4" time="0.059504"/>
        <testcase name="testCorsHeadersForStatusEndpoint" file="/home/steve/dev/hot-tub-controller/backend/tests/Integration/WarmingWorkflowTest.php" line="151" class="HotTubController\Tests\Integration\WarmingWorkflowTest" classname="HotTubController.Tests.Integration.WarmingWorkflowTest" assertions="3" time="0.059344"/>
        <testcase name="testMemoryAndSystemInformationForWarming" file="/home/steve/dev/hot-tub-controller/backend/tests/Integration/WarmingWorkflowTest.php" line="226" class="HotTubController\Tests\Integration\WarmingWorkflowTest" classname="HotTubController.Tests.Integration.WarmingWorkflowTest" assertions="19" time="0.061961"/>
        <testcase name="testConcurrentWarmingRequests" file="/home/steve/dev/hot-tub-controller/backend/tests/Integration/WarmingWorkflowTest.php" line="287" class="HotTubController\Tests\Integration\WarmingWorkflowTest" classname="HotTubController.Tests.Integration.WarmingWorkflowTest" assertions="19" time="0.126924"/>
        <testcase name="testMultipleWarmingCalls" file="/home/steve/dev/hot-tub-controller/backend/tests/Integration/WarmingWorkflowTest.php" line="99" class="HotTubController\Tests\Integration\WarmingWorkflowTest" classname="HotTubController.Tests.Integration.WarmingWorkflowTest" assertions="38" time="0.501181"/>
        <testcase name="testWarmingPerformanceCharacteristics" file="/home/steve/dev/hot-tub-controller/backend/tests/Integration/WarmingWorkflowTest.php" line="179" class="HotTubController\Tests\Integration\WarmingWorkflowTest" classname="HotTubController.Tests.Integration.WarmingWorkflowTest" assertions="24" time="0.607433"/>
        <testcase name="testWarmingSequenceDetectsColdStart" file="/home/steve/dev/hot-tub-controller/backend/tests/Integration/WarmingWorkflowTest.php" line="260" class="HotTubController\Tests\Integration\WarmingWorkflowTest" classname="HotTubController.Tests.Integration.WarmingWorkflowTest" assertions="6" time="1.069054"/>
      </testsuite>
      <testsuite name="HotTubController\Tests\Unit\Application\Actions\Admin\BootstrapActionTest" file="/home/steve/dev/hot-tub-controller/backend/tests/Unit/Application/Actions/Admin/BootstrapActionTest.php" tests="6" assertions="33" errors="0" failures="0" skipped="0" time="0.398612">
        <testcase name="testBootstrapFailsWithMissingName" file="/home/steve/dev/hot-tub-controller/backend/tests/Unit/Application/Actions/Admin/BootstrapActionTest.php" line="121" class="HotTubController\Tests\Unit\Application\Actions\Admin\BootstrapActionTest" classname="HotTubController.Tests.Unit.Application.Actions.Admin.BootstrapActionTest" assertions="4" time="0.039702"/>
        <testcase name="testBootstrapSuccessfullyCreatesAdminToken" file="/home/steve/dev/hot-tub-controller/backend/tests/Unit/Application/Actions/Admin/BootstrapActionTest.php" line="33" class="HotTubController\Tests\Unit\Application\Actions\Admin\BootstrapActionTest" classname="HotTubController.Tests.Unit.Application.Actions.Admin.BootstrapActionTest" assertions="12" time="0.079848"/>
        <testcase name="testBootstrapHandlesTokenServiceException" file="/home/steve/dev/hot-tub-controller/backend/tests/Unit/Application/Actions/Admin/BootstrapActionTest.php" line="164" class="HotTubController\Tests\Unit\Application\Actions\Admin\BootstrapActionTest" classname="HotTubController.Tests.Unit.Application.Actions.Admin.BootstrapActionTest" assertions="5" time="0.079810"/>
        <testcase name="testBootstrapFailsWithInvalidMasterPassword" file="/home/steve/dev/hot-tub-controller/backend/tests/Unit/Application/Actions/Admin/BootstrapActionTest.php" line="78" class="HotTubController\Tests\Unit\Application\Actions\Admin\BootstrapActionTest" classname="HotTubController.Tests.Unit.Application.Actions.Admin.BootstrapActionTest" assertions="4" time="0.079002"/>
        <testcase name="testBootstrapFailsWithInvalidNameLength" file="/home/steve/dev/hot-tub-controller/backend/tests/Unit/Application/Actions/Admin/BootstrapActionTest.php" line="142" class="HotTubController\Tests\Unit\Application\Actions\Admin\BootstrapActionTest" classname="HotTubController.Tests.Unit.Application.Actions.Admin.BootstrapActionTest" assertions="4" time="0.079210"/>
        <testcase name="testBootstrapFailsWithMissingMasterPassword" file="/home/steve/dev/hot-tub-controller/backend/tests/Unit/Application/Actions/Admin/BootstrapActionTest.php" line="100" class="HotTubController\Tests\Unit\Application\Actions\Admin\BootstrapActionTest" classname="HotTubController.Tests.Unit.Application.Actions.Admin.BootstrapActionTest" assertions="4" time="0.041040"/>
      </testsuite>
      <testsuite name="HotTubController\Tests\Unit\Application\Actions\Admin\CreateUserActionTest" file="/home/steve/dev/hot-tub-controller/backend/tests/Unit/Application/Actions/Admin/CreateUserActionTest.php" tests="8" assertions="34" errors="0" failures="0" skipped="0" time="0.004875">
        <testcase name="testCreateUserFailsWithUserToken" file="/home/steve/dev/hot-tub-controller/backend/tests/Unit/Application/Actions/Admin/CreateUserActionTest.php" line="137" class="HotTubController\Tests\Unit\Application\Actions\Admin\CreateUserActionTest" classname="HotTubController.Tests.Unit.Application.Actions.Admin.CreateUserActionTest" assertions="3" time="0.000800"/>
        <testcase name="testCreateUserFailsWithInvalidNameLength" file="/home/steve/dev/hot-tub-controller/backend/tests/Unit/Application/Actions/Admin/CreateUserActionTest.php" line="181" class="HotTubController\Tests\Unit\Application\Actions\Admin\CreateUserActionTest" classname="HotTubController.Tests.Unit.Application.Actions.Admin.CreateUserActionTest" assertions="3" time="0.000589"/>
        <testcase name="testCreateUserWithAdminTokenSucceeds" file="/home/steve/dev/hot-tub-controller/backend/tests/Unit/Application/Actions/Admin/CreateUserActionTest.php" line="34" class="HotTubController\Tests\Unit\Application\Actions\Admin\CreateUserActionTest" classname="HotTubController.Tests.Unit.Application.Actions.Admin.CreateUserActionTest" assertions="10" time="0.000645"/>
        <testcase name="testCreateUserCanCreateAdminToken" file="/home/steve/dev/hot-tub-controller/backend/tests/Unit/Application/Actions/Admin/CreateUserActionTest.php" line="79" class="HotTubController\Tests\Unit\Application\Actions\Admin\CreateUserActionTest" classname="HotTubController.Tests.Unit.Application.Actions.Admin.CreateUserActionTest" assertions="5" time="0.000629"/>
        <testcase name="testCreateUserFailsWithoutAuthentication" file="/home/steve/dev/hot-tub-controller/backend/tests/Unit/Application/Actions/Admin/CreateUserActionTest.php" line="119" class="HotTubController\Tests\Unit\Application\Actions\Admin\CreateUserActionTest" classname="HotTubController.Tests.Unit.Application.Actions.Admin.CreateUserActionTest" assertions="2" time="0.000542"/>
        <testcase name="testCreateUserFailsWithMissingName" file="/home/steve/dev/hot-tub-controller/backend/tests/Unit/Application/Actions/Admin/CreateUserActionTest.php" line="162" class="HotTubController\Tests\Unit\Application\Actions\Admin\CreateUserActionTest" classname="HotTubController.Tests.Unit.Application.Actions.Admin.CreateUserActionTest" assertions="3" time="0.000545"/>
        <testcase name="testCreateUserFailsWithInvalidRole" file="/home/steve/dev/hot-tub-controller/backend/tests/Unit/Application/Actions/Admin/CreateUserActionTest.php" line="202" class="HotTubController\Tests\Unit\Application\Actions\Admin\CreateUserActionTest" classname="HotTubController.Tests.Unit.Application.Actions.Admin.CreateUserActionTest" assertions="3" time="0.000542"/>
        <testcase name="testCreateUserHandlesTokenServiceException" file="/home/steve/dev/hot-tub-controller/backend/tests/Unit/Application/Actions/Admin/CreateUserActionTest.php" line="224" class="HotTubController\Tests\Unit\Application\Actions\Admin\CreateUserActionTest" classname="HotTubController.Tests.Unit.Application.Actions.Admin.CreateUserActionTest" assertions="5" time="0.000583"/>
      </testsuite>
      <testsuite name="HotTubController\Tests\Unit\Application\Actions\Admin\ListUsersActionTest" file="/home/steve/dev/hot-tub-controller/backend/tests/Unit/Application/Actions/Admin/ListUsersActionTest.php" tests="6" assertions="40" errors="0" failures="0" skipped="0" time="0.003452">
        <testcase name="testListUsersFailsWithUserToken" file="/home/steve/dev/hot-tub-controller/backend/tests/Unit/Application/Actions/Admin/ListUsersActionTest.php" line="117" class="HotTubController\Tests\Unit\Application\Actions\Admin\ListUsersActionTest" classname="HotTubController.Tests.Unit.Application.Actions.Admin.ListUsersActionTest" assertions="3" time="0.000571"/>
        <testcase name="testListUsersWithAdminTokenSucceeds" file="/home/steve/dev/hot-tub-controller/backend/tests/Unit/Application/Actions/Admin/ListUsersActionTest.php" line="34" class="HotTubController\Tests\Unit\Application\Actions\Admin\ListUsersActionTest" classname="HotTubController.Tests.Unit.Application.Actions.Admin.ListUsersActionTest" assertions="23" time="0.000710"/>
        <testcase name="testListUsersFailsWithoutAuthentication" file="/home/steve/dev/hot-tub-controller/backend/tests/Unit/Application/Actions/Admin/ListUsersActionTest.php" line="102" class="HotTubController\Tests\Unit\Application\Actions\Admin\ListUsersActionTest" classname="HotTubController.Tests.Unit.Application.Actions.Admin.ListUsersActionTest" assertions="2" time="0.000525"/>
        <testcase name="testListUsersWithEmptyTokenList" file="/home/steve/dev/hot-tub-controller/backend/tests/Unit/Application/Actions/Admin/ListUsersActionTest.php" line="139" class="HotTubController\Tests\Unit\Application\Actions\Admin\ListUsersActionTest" classname="HotTubController.Tests.Unit.Application.Actions.Admin.ListUsersActionTest" assertions="5" time="0.000548"/>
        <testcase name="testListUsersHandlesTokenServiceException" file="/home/steve/dev/hot-tub-controller/backend/tests/Unit/Application/Actions/Admin/ListUsersActionTest.php" line="164" class="HotTubController\Tests\Unit\Application\Actions\Admin\ListUsersActionTest" classname="HotTubController.Tests.Unit.Application.Actions.Admin.ListUsersActionTest" assertions="5" time="0.000558"/>
        <testcase name="testListUsersLogsSuccessfulRequest" file="/home/steve/dev/hot-tub-controller/backend/tests/Unit/Application/Actions/Admin/ListUsersActionTest.php" line="193" class="HotTubController\Tests\Unit\Application\Actions\Admin\ListUsersActionTest" classname="HotTubController.Tests.Unit.Application.Actions.Admin.ListUsersActionTest" assertions="2" time="0.000540"/>
      </testsuite>
      <testsuite name="HotTubController\Tests\Unit\Application\Actions\Heating\HeatingStatusActionTest" file="/home/steve/dev/hot-tub-controller/backend/tests/Unit/Application/Actions/Heating/HeatingStatusActionTest.php" tests="5" assertions="42" errors="0" failures="0" skipped="0" time="0.001719">
        <testcase name="testStatusWithNoActiveCycleOrScheduledEvents" file="/home/steve/dev/hot-tub-controller/backend/tests/Unit/Application/Actions/Heating/HeatingStatusActionTest.php" line="170" class="HotTubController\Tests\Unit\Application\Actions\Heating\HeatingStatusActionTest" classname="HotTubController.Tests.Unit.Application.Actions.Heating.HeatingStatusActionTest" assertions="6" time="0.000282"/>
        <testcase name="testStatusWithTemperatureSensorFailure" file="/home/steve/dev/hot-tub-controller/backend/tests/Unit/Application/Actions/Heating/HeatingStatusActionTest.php" line="216" class="HotTubController\Tests\Unit\Application\Actions\Heating\HeatingStatusActionTest" classname="HotTubController.Tests.Unit.Application.Actions.Heating.HeatingStatusActionTest" assertions="1" time="0.000218"/>
        <testcase name="testSystemHealthWithIssues" file="/home/steve/dev/hot-tub-controller/backend/tests/Unit/Application/Actions/Heating/HeatingStatusActionTest.php" line="245" class="HotTubController\Tests\Unit\Application\Actions\Heating\HeatingStatusActionTest" classname="HotTubController.Tests.Unit.Application.Actions.Heating.HeatingStatusActionTest" assertions="4" time="0.000320"/>
        <testcase name="testActionHandlesExceptionsGracefully" file="/home/steve/dev/hot-tub-controller/backend/tests/Unit/Application/Actions/Heating/HeatingStatusActionTest.php" line="293" class="HotTubController\Tests\Unit\Application\Actions\Heating\HeatingStatusActionTest" classname="HotTubController.Tests.Unit.Application.Actions.Heating.HeatingStatusActionTest" assertions="6" time="0.000198"/>
        <testcase name="testFullSystemStatus" file="/home/steve/dev/hot-tub-controller/backend/tests/Unit/Application/Actions/Heating/HeatingStatusActionTest.php" line="50" class="HotTubController\Tests\Unit\Application\Actions\Heating\HeatingStatusActionTest" classname="HotTubController.Tests.Unit.Application.Actions.Heating.HeatingStatusActionTest" assertions="25" time="0.000700"/>
      </testsuite>
      <testsuite name="HotTubController\Tests\Unit\Application\Actions\Heating\ScheduleHeatingActionTest" file="/home/steve/dev/hot-tub-controller/backend/tests/Unit/Application/Actions/Heating/ScheduleHeatingActionTest.php" tests="7" assertions="17" errors="0" failures="0" skipped="2" time="0.001073">
        <testcase name="testSuccessfulHeatingSchedule" file="/home/steve/dev/hot-tub-controller/backend/tests/Unit/Application/Actions/Heating/ScheduleHeatingActionTest.php" line="48" class="HotTubController\Tests\Unit\Application\Actions\Heating\ScheduleHeatingActionTest" classname="HotTubController.Tests.Unit.Application.Actions.Heating.ScheduleHeatingActionTest" assertions="7" time="0.000262"/>
        <testcase name="testSchedulingFailsWithPastTime" file="/home/steve/dev/hot-tub-controller/backend/tests/Unit/Application/Actions/Heating/ScheduleHeatingActionTest.php" line="118" class="HotTubController\Tests\Unit\Application\Actions\Heating\ScheduleHeatingActionTest" classname="HotTubController.Tests.Unit.Application.Actions.Heating.ScheduleHeatingActionTest" assertions="2" time="0.000145"/>
        <testcase name="testSchedulingFailsWithTemperatureOutOfRange" file="/home/steve/dev/hot-tub-controller/backend/tests/Unit/Application/Actions/Heating/ScheduleHeatingActionTest.php" line="138" class="HotTubController\Tests\Unit\Application\Actions\Heating\ScheduleHeatingActionTest" classname="HotTubController.Tests.Unit.Application.Actions.Heating.ScheduleHeatingActionTest" assertions="2" time="0.000132"/>
        <testcase name="testSchedulingFailsWithOverlappingEvent" file="/home/steve/dev/hot-tub-controller/backend/tests/Unit/Application/Actions/Heating/ScheduleHeatingActionTest.php" line="156" class="HotTubController\Tests\Unit\Application\Actions\Heating\ScheduleHeatingActionTest" classname="HotTubController.Tests.Unit.Application.Actions.Heating.ScheduleHeatingActionTest" assertions="3" time="0.000186"/>
        <testcase name="testSchedulingWithDefaultValues" file="/home/steve/dev/hot-tub-controller/backend/tests/Unit/Application/Actions/Heating/ScheduleHeatingActionTest.php" line="185" class="HotTubController\Tests\Unit\Application\Actions\Heating\ScheduleHeatingActionTest" classname="HotTubController.Tests.Unit.Application.Actions.Heating.ScheduleHeatingActionTest" assertions="3" time="0.000199"/>
        <testcase name="testSchedulingFailsWithMissingAuthHeader" file="/home/steve/dev/hot-tub-controller/backend/tests/Unit/Application/Actions/Heating/ScheduleHeatingActionTest.php" line="98" class="HotTubController\Tests\Unit\Application\Actions\Heating\ScheduleHeatingActionTest" classname="HotTubController.Tests.Unit.Application.Actions.Heating.ScheduleHeatingActionTest" assertions="0" time="0.000080">
          <skipped/>
        </testcase>
        <testcase name="testSchedulingFailsWithInvalidToken" file="/home/steve/dev/hot-tub-controller/backend/tests/Unit/Application/Actions/Heating/ScheduleHeatingActionTest.php" line="108" class="HotTubController\Tests\Unit\Application\Actions\Heating\ScheduleHeatingActionTest" classname="HotTubController.Tests.Unit.Application.Actions.Heating.ScheduleHeatingActionTest" assertions="0" time="0.000069">
          <skipped/>
        </testcase>
      </testsuite>
      <testsuite name="HotTubController\Tests\Unit\Application\Actions\StatusActionTest" file="/home/steve/dev/hot-tub-controller/backend/tests/Unit/Application/Actions/StatusActionTest.php" tests="10" assertions="87" errors="0" failures="0" skipped="0" time="0.013649">
        <testcase name="testStatusReturnsExpectedStructure" file="/home/steve/dev/hot-tub-controller/backend/tests/Unit/Application/Actions/StatusActionTest.php" line="53" class="HotTubController\Tests\Unit\Application\Actions\StatusActionTest" classname="HotTubController.Tests.Unit.Application.Actions.StatusActionTest" assertions="14" time="0.000348"/>
        <testcase name="testMemoryMetricsStructure" file="/home/steve/dev/hot-tub-controller/backend/tests/Unit/Application/Actions/StatusActionTest.php" line="86" class="HotTubController\Tests\Unit\Application\Actions\StatusActionTest" classname="HotTubController.Tests.Unit.Application.Actions.StatusActionTest" assertions="21" time="0.000292"/>
        <testcase name="testSystemMetricsStructure" file="/home/steve/dev/hot-tub-controller/backend/tests/Unit/Application/Actions/StatusActionTest.php" line="121" class="HotTubController\Tests\Unit\Application\Actions\StatusActionTest" classname="HotTubController.Tests.Unit.Application.Actions.StatusActionTest" assertions="13" time="0.000251"/>
        <testcase name="testResponseTimeIsTracked" file="/home/steve/dev/hot-tub-controller/backend/tests/Unit/Application/Actions/StatusActionTest.php" line="149" class="HotTubController\Tests\Unit\Application\Actions\StatusActionTest" classname="HotTubController.Tests.Unit.Application.Actions.StatusActionTest" assertions="5" time="0.000189"/>
        <testcase name="testStatusDeterminationLogic" file="/home/steve/dev/hot-tub-controller/backend/tests/Unit/Application/Actions/StatusActionTest.php" line="188" class="HotTubController\Tests\Unit\Application\Actions\StatusActionTest" classname="HotTubController.Tests.Unit.Application.Actions.StatusActionTest" assertions="2" time="0.000154"/>
        <testcase name="testTimestampFormat" file="/home/steve/dev/hot-tub-controller/backend/tests/Unit/Application/Actions/StatusActionTest.php" line="209" class="HotTubController\Tests\Unit\Application\Actions\StatusActionTest" classname="HotTubController.Tests.Unit.Application.Actions.StatusActionTest" assertions="3" time="0.000167"/>
        <testcase name="testStatusRequiresAuthentication" file="/home/steve/dev/hot-tub-controller/backend/tests/Unit/Application/Actions/StatusActionTest.php" line="249" class="HotTubController\Tests\Unit\Application\Actions\StatusActionTest" classname="HotTubController.Tests.Unit.Application.Actions.StatusActionTest" assertions="3" time="0.000155"/>
        <testcase name="testStatusRejectsInvalidToken" file="/home/steve/dev/hot-tub-controller/backend/tests/Unit/Application/Actions/StatusActionTest.php" line="265" class="HotTubController\Tests\Unit\Application\Actions\StatusActionTest" classname="HotTubController.Tests.Unit.Application.Actions.StatusActionTest" assertions="3" time="0.000531"/>
        <testcase name="testConsistentResponseStructure" file="/home/steve/dev/hot-tub-controller/backend/tests/Unit/Application/Actions/StatusActionTest.php" line="228" class="HotTubController\Tests\Unit\Application\Actions\StatusActionTest" classname="HotTubController.Tests.Unit.Application.Actions.StatusActionTest" assertions="18" time="0.000932"/>
        <testcase name="testUptimeTracking" file="/home/steve/dev/hot-tub-controller/backend/tests/Unit/Application/Actions/StatusActionTest.php" line="164" class="HotTubController\Tests\Unit\Application\Actions\StatusActionTest" classname="HotTubController.Tests.Unit.Application.Actions.StatusActionTest" assertions="5" time="0.010630"/>
      </testsuite>
      <testsuite name="HotTubController\Tests\Unit\Application\Middleware\CorsMiddlewareTest" file="/home/steve/dev/hot-tub-controller/backend/tests/Unit/Application/Middleware/CorsMiddlewareTest.php" tests="5" assertions="14" errors="0" failures="0" skipped="0" time="0.000603">
        <testcase name="testOptionsRequestReturnsCorrectCorsHeaders" file="/home/steve/dev/hot-tub-controller/backend/tests/Unit/Application/Middleware/CorsMiddlewareTest.php" line="28" class="HotTubController\Tests\Unit\Application\Middleware\CorsMiddlewareTest" classname="HotTubController.Tests.Unit.Application.Middleware.CorsMiddlewareTest" assertions="5" time="0.000137"/>
        <testcase name="testNonOptionsRequestPassesThroughWithCorsHeaders" file="/home/steve/dev/hot-tub-controller/backend/tests/Unit/Application/Middleware/CorsMiddlewareTest.php" line="44" class="HotTubController\Tests\Unit\Application\Middleware\CorsMiddlewareTest" classname="HotTubController.Tests.Unit.Application.Middleware.CorsMiddlewareTest" assertions="4" time="0.000139"/>
        <testcase name="testDisallowedOriginDoesNotReceiveCorsHeaders" file="/home/steve/dev/hot-tub-controller/backend/tests/Unit/Application/Middleware/CorsMiddlewareTest.php" line="65" class="HotTubController\Tests\Unit\Application\Middleware\CorsMiddlewareTest" classname="HotTubController.Tests.Unit.Application.Middleware.CorsMiddlewareTest" assertions="2" time="0.000106"/>
        <testcase name="testWildcardOriginAllowsAll" file="/home/steve/dev/hot-tub-controller/backend/tests/Unit/Application/Middleware/CorsMiddlewareTest.php" line="83" class="HotTubController\Tests\Unit\Application\Middleware\CorsMiddlewareTest" classname="HotTubController.Tests.Unit.Application.Middleware.CorsMiddlewareTest" assertions="2" time="0.000102"/>
        <testcase name="testNoOriginHeaderAllowsWildcard" file="/home/steve/dev/hot-tub-controller/backend/tests/Unit/Application/Middleware/CorsMiddlewareTest.php" line="99" class="HotTubController\Tests\Unit\Application\Middleware\CorsMiddlewareTest" classname="HotTubController.Tests.Unit.Application.Middleware.CorsMiddlewareTest" assertions="1" time="0.000119"/>
      </testsuite>
      <testsuite name="HotTubController\Tests\Unit\Application\Middleware\ResponseTimeMiddlewareTest" file="/home/steve/dev/hot-tub-controller/backend/tests/Unit/Application/Middleware/ResponseTimeMiddlewareTest.php" tests="11" assertions="37" errors="0" failures="0" skipped="0" time="0.088906">
        <testcase name="testAddsResponseTimeHeader" file="/home/steve/dev/hot-tub-controller/backend/tests/Unit/Application/Middleware/ResponseTimeMiddlewareTest.php" line="35" class="HotTubController\Tests\Unit\Application\Middleware\ResponseTimeMiddlewareTest" classname="HotTubController.Tests.Unit.Application.Middleware.ResponseTimeMiddlewareTest" assertions="5" time="0.000125"/>
        <testcase name="testHandlerIsCalled" file="/home/steve/dev/hot-tub-controller/backend/tests/Unit/Application/Middleware/ResponseTimeMiddlewareTest.php" line="53" class="HotTubController\Tests\Unit\Application\Middleware\ResponseTimeMiddlewareTest" classname="HotTubController.Tests.Unit.Application.Middleware.ResponseTimeMiddlewareTest" assertions="1" time="0.000094"/>
        <testcase name="testLoggingCanBeDisabled" file="/home/steve/dev/hot-tub-controller/backend/tests/Unit/Application/Middleware/ResponseTimeMiddlewareTest.php" line="89" class="HotTubController\Tests\Unit\Application\Middleware\ResponseTimeMiddlewareTest" classname="HotTubController.Tests.Unit.Application.Middleware.ResponseTimeMiddlewareTest" assertions="1" time="0.000078"/>
        <testcase name="testLoggingCanBeEnabled" file="/home/steve/dev/hot-tub-controller/backend/tests/Unit/Application/Middleware/ResponseTimeMiddlewareTest.php" line="101" class="HotTubController\Tests\Unit\Application\Middleware\ResponseTimeMiddlewareTest" classname="HotTubController.Tests.Unit.Application.Middleware.ResponseTimeMiddlewareTest" assertions="1" time="0.000210"/>
        <testcase name="testDifferentHttpMethods" file="/home/steve/dev/hot-tub-controller/backend/tests/Unit/Application/Middleware/ResponseTimeMiddlewareTest.php" line="153" class="HotTubController\Tests\Unit\Application\Middleware\ResponseTimeMiddlewareTest" classname="HotTubController.Tests.Unit.Application.Middleware.ResponseTimeMiddlewareTest" assertions="5" time="0.000127"/>
        <testcase name="testStatusEndpointRecognition" file="/home/steve/dev/hot-tub-controller/backend/tests/Unit/Application/Middleware/ResponseTimeMiddlewareTest.php" line="168" class="HotTubController\Tests\Unit\Application\Middleware\ResponseTimeMiddlewareTest" classname="HotTubController.Tests.Unit.Application.Middleware.ResponseTimeMiddlewareTest" assertions="3" time="0.000103"/>
        <testcase name="testOriginalResponseIsPreserved" file="/home/steve/dev/hot-tub-controller/backend/tests/Unit/Application/Middleware/ResponseTimeMiddlewareTest.php" line="183" class="HotTubController\Tests\Unit\Application\Middleware\ResponseTimeMiddlewareTest" classname="HotTubController.Tests.Unit.Application.Middleware.ResponseTimeMiddlewareTest" assertions="4" time="0.000109"/>
        <testcase name="testResponseBodyIsPreserved" file="/home/steve/dev/hot-tub-controller/backend/tests/Unit/Application/Middleware/ResponseTimeMiddlewareTest.php" line="207" class="HotTubController\Tests\Unit\Application\Middleware\ResponseTimeMiddlewareTest" classname="HotTubController.Tests.Unit.Application.Middleware.ResponseTimeMiddlewareTest" assertions="2" time="0.000097"/>
        <testcase name="testMultipleCallsGiveUniqueTimings" file="/home/steve/dev/hot-tub-controller/backend/tests/Unit/Application/Middleware/ResponseTimeMiddlewareTest.php" line="228" class="HotTubController\Tests\Unit\Application\Middleware\ResponseTimeMiddlewareTest" classname="HotTubController.Tests.Unit.Application.Middleware.ResponseTimeMiddlewareTest" assertions="10" time="0.002313"/>
        <testcase name="testSlowRequestThreshold" file="/home/steve/dev/hot-tub-controller/backend/tests/Unit/Application/Middleware/ResponseTimeMiddlewareTest.php" line="130" class="HotTubController\Tests\Unit\Application\Middleware\ResponseTimeMiddlewareTest" classname="HotTubController.Tests.Unit.Application.Middleware.ResponseTimeMiddlewareTest" assertions="1" time="0.035242"/>
        <testcase name="testMeasuresTimeAccurately" file="/home/steve/dev/hot-tub-controller/backend/tests/Unit/Application/Middleware/ResponseTimeMiddlewareTest.php" line="66" class="HotTubController\Tests\Unit\Application\Middleware\ResponseTimeMiddlewareTest" classname="HotTubController.Tests.Unit.Application.Middleware.ResponseTimeMiddlewareTest" assertions="4" time="0.050409"/>
      </testsuite>
      <testsuite name="HotTubController\Tests\Unit\Application\Middleware\TokenValidationMiddlewareTest" file="/home/steve/dev/hot-tub-controller/backend/tests/Unit/Application/Middleware/TokenValidationMiddlewareTest.php" tests="9" assertions="39" errors="0" failures="0" skipped="0" time="0.001416">
        <testcase name="testValidTokenPassesThrough" file="/home/steve/dev/hot-tub-controller/backend/tests/Unit/Application/Middleware/TokenValidationMiddlewareTest.php" line="34" class="HotTubController\Tests\Unit\Application\Middleware\TokenValidationMiddlewareTest" classname="HotTubController.Tests.Unit.Application.Middleware.TokenValidationMiddlewareTest" assertions="3" time="0.000246"/>
        <testcase name="testMissingAuthorizationHeaderReturns401" file="/home/steve/dev/hot-tub-controller/backend/tests/Unit/Application/Middleware/TokenValidationMiddlewareTest.php" line="62" class="HotTubController\Tests\Unit\Application\Middleware\TokenValidationMiddlewareTest" classname="HotTubController.Tests.Unit.Application.Middleware.TokenValidationMiddlewareTest" assertions="5" time="0.000181"/>
        <testcase name="testInvalidAuthorizationFormatReturns401" file="/home/steve/dev/hot-tub-controller/backend/tests/Unit/Application/Middleware/TokenValidationMiddlewareTest.php" line="79" class="HotTubController\Tests\Unit\Application\Middleware\TokenValidationMiddlewareTest" classname="HotTubController.Tests.Unit.Application.Middleware.TokenValidationMiddlewareTest" assertions="4" time="0.000132"/>
        <testcase name="testInvalidTokenReturns401" file="/home/steve/dev/hot-tub-controller/backend/tests/Unit/Application/Middleware/TokenValidationMiddlewareTest.php" line="96" class="HotTubController\Tests\Unit\Application\Middleware\TokenValidationMiddlewareTest" classname="HotTubController.Tests.Unit.Application.Middleware.TokenValidationMiddlewareTest" assertions="6" time="0.000205"/>
        <testcase name="testTokenServiceExceptionReturns401" file="/home/steve/dev/hot-tub-controller/backend/tests/Unit/Application/Middleware/TokenValidationMiddlewareTest.php" line="133" class="HotTubController\Tests\Unit\Application\Middleware\TokenValidationMiddlewareTest" classname="HotTubController.Tests.Unit.Application.Middleware.TokenValidationMiddlewareTest" assertions="6" time="0.000153"/>
        <testcase name="testUnexpectedExceptionReturns500" file="/home/steve/dev/hot-tub-controller/backend/tests/Unit/Application/Middleware/TokenValidationMiddlewareTest.php" line="165" class="HotTubController\Tests\Unit\Application\Middleware\TokenValidationMiddlewareTest" classname="HotTubController.Tests.Unit.Application.Middleware.TokenValidationMiddlewareTest" assertions="6" time="0.000143"/>
        <testcase name="testBearerTokenIsCaseInsensitive" file="/home/steve/dev/hot-tub-controller/backend/tests/Unit/Application/Middleware/TokenValidationMiddlewareTest.php" line="195" class="HotTubController\Tests\Unit\Application\Middleware\TokenValidationMiddlewareTest" classname="HotTubController.Tests.Unit.Application.Middleware.TokenValidationMiddlewareTest" assertions="3" time="0.000125"/>
        <testcase name="testDebugLoggingOnSuccessfulValidation" file="/home/steve/dev/hot-tub-controller/backend/tests/Unit/Application/Middleware/TokenValidationMiddlewareTest.php" line="219" class="HotTubController\Tests\Unit\Application\Middleware\TokenValidationMiddlewareTest" classname="HotTubController.Tests.Unit.Application.Middleware.TokenValidationMiddlewareTest" assertions="3" time="0.000113"/>
        <testcase name="testResponseContainsTimestamp" file="/home/steve/dev/hot-tub-controller/backend/tests/Unit/Application/Middleware/TokenValidationMiddlewareTest.php" line="246" class="HotTubController\Tests\Unit\Application\Middleware\TokenValidationMiddlewareTest" classname="HotTubController.Tests.Unit.Application.Middleware.TokenValidationMiddlewareTest" assertions="3" time="0.000118"/>
      </testsuite>
      <testsuite name="Tests\Unit\Config\HeatingConfigTest" file="/home/steve/dev/hot-tub-controller/backend/tests/Unit/Config/HeatingConfigTest.php" tests="15" assertions="32" errors="0" failures="0" skipped="0" time="0.001260">
        <testcase name="testDefaultConfiguration" file="/home/steve/dev/hot-tub-controller/backend/tests/Unit/Config/HeatingConfigTest.php" line="37" class="Tests\Unit\Config\HeatingConfigTest" classname="Tests.Unit.Config.HeatingConfigTest" assertions="5" time="0.000118"/>
        <testcase name="testEnvironmentConfiguration" file="/home/steve/dev/hot-tub-controller/backend/tests/Unit/Config/HeatingConfigTest.php" line="48" class="Tests\Unit\Config\HeatingConfigTest" classname="Tests.Unit.Config.HeatingConfigTest" assertions="2" time="0.000132"/>
        <testcase name="testSetValidHeatingRate" file="/home/steve/dev/hot-tub-controller/backend/tests/Unit/Config/HeatingConfigTest.php" line="59" class="Tests\Unit\Config\HeatingConfigTest" classname="Tests.Unit.Config.HeatingConfigTest" assertions="2" time="0.000069"/>
        <testcase name="testSetHeatingRateTooLow" file="/home/steve/dev/hot-tub-controller/backend/tests/Unit/Config/HeatingConfigTest.php" line="69" class="Tests\Unit\Config\HeatingConfigTest" classname="Tests.Unit.Config.HeatingConfigTest" assertions="2" time="0.000071"/>
        <testcase name="testSetHeatingRateTooHigh" file="/home/steve/dev/hot-tub-controller/backend/tests/Unit/Config/HeatingConfigTest.php" line="79" class="Tests\Unit\Config\HeatingConfigTest" classname="Tests.Unit.Config.HeatingConfigTest" assertions="2" time="0.000066"/>
        <testcase name="testSetInvalidUnit" file="/home/steve/dev/hot-tub-controller/backend/tests/Unit/Config/HeatingConfigTest.php" line="89" class="Tests\Unit\Config\HeatingConfigTest" classname="Tests.Unit.Config.HeatingConfigTest" assertions="2" time="0.000062"/>
        <testcase name="testValidateHeatingRate" file="/home/steve/dev/hot-tub-controller/backend/tests/Unit/Config/HeatingConfigTest.php" line="99" class="Tests\Unit\Config\HeatingConfigTest" classname="Tests.Unit.Config.HeatingConfigTest" assertions="3" time="0.000063"/>
        <testcase name="testValidateUnit" file="/home/steve/dev/hot-tub-controller/backend/tests/Unit/Config/HeatingConfigTest.php" line="108" class="Tests\Unit\Config\HeatingConfigTest" classname="Tests.Unit.Config.HeatingConfigTest" assertions="1" time="0.000079"/>
        <testcase name="testToArray" file="/home/steve/dev/hot-tub-controller/backend/tests/Unit/Config/HeatingConfigTest.php" line="115" class="Tests\Unit\Config\HeatingConfigTest" classname="Tests.Unit.Config.HeatingConfigTest" assertions="1" time="0.000078"/>
        <testcase name="testUpdateFromArraySuccess" file="/home/steve/dev/hot-tub-controller/backend/tests/Unit/Config/HeatingConfigTest.php" line="133" class="Tests\Unit\Config\HeatingConfigTest" classname="Tests.Unit.Config.HeatingConfigTest" assertions="2" time="0.000151"/>
        <testcase name="testUpdateFromArrayMissingHeatingRate" file="/home/steve/dev/hot-tub-controller/backend/tests/Unit/Config/HeatingConfigTest.php" line="148" class="Tests\Unit\Config\HeatingConfigTest" classname="Tests.Unit.Config.HeatingConfigTest" assertions="2" time="0.000072"/>
        <testcase name="testUpdateFromArrayMissingUnit" file="/home/steve/dev/hot-tub-controller/backend/tests/Unit/Config/HeatingConfigTest.php" line="162" class="Tests\Unit\Config\HeatingConfigTest" classname="Tests.Unit.Config.HeatingConfigTest" assertions="2" time="0.000103"/>
        <testcase name="testUpdateFromArrayInvalidHeatingRate" file="/home/steve/dev/hot-tub-controller/backend/tests/Unit/Config/HeatingConfigTest.php" line="176" class="Tests\Unit\Config\HeatingConfigTest" classname="Tests.Unit.Config.HeatingConfigTest" assertions="2" time="0.000068"/>
        <testcase name="testFromArraySuccess" file="/home/steve/dev/hot-tub-controller/backend/tests/Unit/Config/HeatingConfigTest.php" line="191" class="Tests\Unit\Config\HeatingConfigTest" classname="Tests.Unit.Config.HeatingConfigTest" assertions="2" time="0.000064"/>
        <testcase name="testFromArrayWithDefaults" file="/home/steve/dev/hot-tub-controller/backend/tests/Unit/Config/HeatingConfigTest.php" line="204" class="Tests\Unit\Config\HeatingConfigTest" classname="Tests.Unit.Config.HeatingConfigTest" assertions="2" time="0.000063"/>
      </testsuite>
      <testsuite name="HotTubController\Tests\Unit\Domain\Heating\CronJobBuilderTest" file="/home/steve/dev/hot-tub-controller/backend/tests/Unit/Domain/Heating/CronJobBuilderTest.php" tests="16" assertions="57" errors="0" failures="0" skipped="0" time="0.007014">
        <testcase name="testConstructorCreatesConfigDirectory" file="/home/steve/dev/hot-tub-controller/backend/tests/Unit/Domain/Heating/CronJobBuilderTest.php" line="38" class="HotTubController\Tests\Unit\Domain\Heating\CronJobBuilderTest" classname="HotTubController.Tests.Unit.Domain.Heating.CronJobBuilderTest" assertions="2" time="0.000466"/>
        <testcase name="testBuildStartHeatingCron" file="/home/steve/dev/hot-tub-controller/backend/tests/Unit/Domain/Heating/CronJobBuilderTest.php" line="49" class="HotTubController\Tests\Unit\Domain\Heating\CronJobBuilderTest" classname="HotTubController.Tests.Unit.Domain.Heating.CronJobBuilderTest" assertions="13" time="0.000556"/>
        <testcase name="testBuildMonitorTempCron" file="/home/steve/dev/hot-tub-controller/backend/tests/Unit/Domain/Heating/CronJobBuilderTest.php" line="81" class="HotTubController\Tests\Unit\Domain\Heating\CronJobBuilderTest" classname="HotTubController.Tests.Unit.Domain.Heating.CronJobBuilderTest" assertions="9" time="0.000666"/>
        <testcase name="testBuildStopHeatingCron" file="/home/steve/dev/hot-tub-controller/backend/tests/Unit/Domain/Heating/CronJobBuilderTest.php" line="106" class="HotTubController\Tests\Unit\Domain\Heating\CronJobBuilderTest" classname="HotTubController.Tests.Unit.Domain.Heating.CronJobBuilderTest" assertions="7" time="0.000475"/>
        <testcase name="testValidateEventIdInvalid" file="/home/steve/dev/hot-tub-controller/backend/tests/Unit/Domain/Heating/CronJobBuilderTest.php" line="126" class="HotTubController\Tests\Unit\Domain\Heating\CronJobBuilderTest" classname="HotTubController.Tests.Unit.Domain.Heating.CronJobBuilderTest" assertions="2" time="0.000404"/>
        <testcase name="testValidateEventIdTooShort" file="/home/steve/dev/hot-tub-controller/backend/tests/Unit/Domain/Heating/CronJobBuilderTest.php" line="136" class="HotTubController\Tests\Unit\Domain\Heating\CronJobBuilderTest" classname="HotTubController.Tests.Unit.Domain.Heating.CronJobBuilderTest" assertions="2" time="0.000464"/>
        <testcase name="testValidateEventIdTooLong" file="/home/steve/dev/hot-tub-controller/backend/tests/Unit/Domain/Heating/CronJobBuilderTest.php" line="146" class="HotTubController\Tests\Unit\Domain\Heating\CronJobBuilderTest" classname="HotTubController.Tests.Unit.Domain.Heating.CronJobBuilderTest" assertions="2" time="0.000373"/>
        <testcase name="testValidateTargetTempTooLow" file="/home/steve/dev/hot-tub-controller/backend/tests/Unit/Domain/Heating/CronJobBuilderTest.php" line="157" class="HotTubController\Tests\Unit\Domain\Heating\CronJobBuilderTest" classname="HotTubController.Tests.Unit.Domain.Heating.CronJobBuilderTest" assertions="2" time="0.000355"/>
        <testcase name="testValidateTargetTempTooHigh" file="/home/steve/dev/hot-tub-controller/backend/tests/Unit/Domain/Heating/CronJobBuilderTest.php" line="167" class="HotTubController\Tests\Unit\Domain\Heating\CronJobBuilderTest" classname="HotTubController.Tests.Unit.Domain.Heating.CronJobBuilderTest" assertions="2" time="0.000388"/>
        <testcase name="testCalculateHeatingTime" file="/home/steve/dev/hot-tub-controller/backend/tests/Unit/Domain/Heating/CronJobBuilderTest.php" line="177" class="HotTubController\Tests\Unit\Domain\Heating\CronJobBuilderTest" classname="HotTubController.Tests.Unit.Domain.Heating.CronJobBuilderTest" assertions="5" time="0.000398"/>
        <testcase name="testCalculateNextCheckTimeCoarse" file="/home/steve/dev/hot-tub-controller/backend/tests/Unit/Domain/Heating/CronJobBuilderTest.php" line="199" class="HotTubController\Tests\Unit\Domain\Heating\CronJobBuilderTest" classname="HotTubController.Tests.Unit.Domain.Heating.CronJobBuilderTest" assertions="4" time="0.000590"/>
        <testcase name="testCalculateNextCheckTimePrecision" file="/home/steve/dev/hot-tub-controller/backend/tests/Unit/Domain/Heating/CronJobBuilderTest.php" line="222" class="HotTubController\Tests\Unit\Domain\Heating\CronJobBuilderTest" classname="HotTubController.Tests.Unit.Domain.Heating.CronJobBuilderTest" assertions="1" time="0.000393"/>
        <testcase name="testCalculateNextCheckTimeAutoPrecsion" file="/home/steve/dev/hot-tub-controller/backend/tests/Unit/Domain/Heating/CronJobBuilderTest.php" line="242" class="HotTubController\Tests\Unit\Domain\Heating\CronJobBuilderTest" classname="HotTubController.Tests.Unit.Domain.Heating.CronJobBuilderTest" assertions="1" time="0.000353"/>
        <testcase name="testCalculateNextCheckTimeMedium" file="/home/steve/dev/hot-tub-controller/backend/tests/Unit/Domain/Heating/CronJobBuilderTest.php" line="262" class="HotTubController\Tests\Unit\Domain\Heating\CronJobBuilderTest" classname="HotTubController.Tests.Unit.Domain.Heating.CronJobBuilderTest" assertions="1" time="0.000352"/>
        <testcase name="testCleanupConfigFile" file="/home/steve/dev/hot-tub-controller/backend/tests/Unit/Domain/Heating/CronJobBuilderTest.php" line="282" class="HotTubController\Tests\Unit\Domain\Heating\CronJobBuilderTest" classname="HotTubController.Tests.Unit.Domain.Heating.CronJobBuilderTest" assertions="3" time="0.000405"/>
        <testcase name="testCleanupConfigFileNonExistent" file="/home/steve/dev/hot-tub-controller/backend/tests/Unit/Domain/Heating/CronJobBuilderTest.php" line="296" class="HotTubController\Tests\Unit\Domain\Heating\CronJobBuilderTest" classname="HotTubController.Tests.Unit.Domain.Heating.CronJobBuilderTest" assertions="1" time="0.000375"/>
      </testsuite>
      <testsuite name="Tests\Unit\Domain\Heating\Models\HeatingCycleTest" file="/home/steve/dev/hot-tub-controller/backend/tests/Unit/Domain/Heating/Models/HeatingCycleTest.php" tests="20" assertions="68" errors="0" failures="0" skipped="0" time="1.003436">
        <testcase name="testElapsedTime" file="/home/steve/dev/hot-tub-controller/backend/tests/Unit/Domain/Heating/Models/HeatingCycleTest.php" line="103" class="Tests\Unit\Domain\Heating\Models\HeatingCycleTest" classname="Tests.Unit.Domain.Heating.Models.HeatingCycleTest" assertions="8" time="1.000456"/>
        <testcase name="testInitialization" file="/home/steve/dev/hot-tub-controller/backend/tests/Unit/Domain/Heating/Models/HeatingCycleTest.php" line="20" class="Tests\Unit\Domain\Heating\Models\HeatingCycleTest" classname="Tests.Unit.Domain.Heating.Models.HeatingCycleTest" assertions="6" time="0.000187"/>
        <testcase name="testAutoGeneratedId" file="/home/steve/dev/hot-tub-controller/backend/tests/Unit/Domain/Heating/Models/HeatingCycleTest.php" line="30" class="Tests\Unit\Domain\Heating\Models\HeatingCycleTest" classname="Tests.Unit.Domain.Heating.Models.HeatingCycleTest" assertions="1" time="0.000148"/>
        <testcase name="testTargetTemperatureSetting" file="/home/steve/dev/hot-tub-controller/backend/tests/Unit/Domain/Heating/Models/HeatingCycleTest.php" line="36" class="Tests\Unit\Domain\Heating\Models\HeatingCycleTest" classname="Tests.Unit.Domain.Heating.Models.HeatingCycleTest" assertions="1" time="0.000126"/>
        <testcase name="testCurrentTemperatureSetting" file="/home/steve/dev/hot-tub-controller/backend/tests/Unit/Domain/Heating/Models/HeatingCycleTest.php" line="42" class="Tests\Unit\Domain\Heating\Models\HeatingCycleTest" classname="Tests.Unit.Domain.Heating.Models.HeatingCycleTest" assertions="2" time="0.000132"/>
        <testcase name="testStatusTransitions" file="/home/steve/dev/hot-tub-controller/backend/tests/Unit/Domain/Heating/Models/HeatingCycleTest.php" line="49" class="Tests\Unit\Domain\Heating\Models\HeatingCycleTest" classname="Tests.Unit.Domain.Heating.Models.HeatingCycleTest" assertions="10" time="0.000183"/>
        <testcase name="testInvalidStatus" file="/home/steve/dev/hot-tub-controller/backend/tests/Unit/Domain/Heating/Models/HeatingCycleTest.php" line="73" class="Tests\Unit\Domain\Heating\Models\HeatingCycleTest" classname="Tests.Unit.Domain.Heating.Models.HeatingCycleTest" assertions="1" time="0.000123"/>
        <testcase name="testEstimatedCompletion" file="/home/steve/dev/hot-tub-controller/backend/tests/Unit/Domain/Heating/Models/HeatingCycleTest.php" line="79" class="Tests\Unit\Domain\Heating\Models\HeatingCycleTest" classname="Tests.Unit.Domain.Heating.Models.HeatingCycleTest" assertions="3" time="0.000150"/>
        <testcase name="testTemperatureDifference" file="/home/steve/dev/hot-tub-controller/backend/tests/Unit/Domain/Heating/Models/HeatingCycleTest.php" line="89" class="Tests\Unit\Domain\Heating\Models\HeatingCycleTest" classname="Tests.Unit.Domain.Heating.Models.HeatingCycleTest" assertions="1" time="0.000118"/>
        <testcase name="testTemperatureDifferenceWithoutCurrentTemp" file="/home/steve/dev/hot-tub-controller/backend/tests/Unit/Domain/Heating/Models/HeatingCycleTest.php" line="97" class="Tests\Unit\Domain\Heating\Models\HeatingCycleTest" classname="Tests.Unit.Domain.Heating.Models.HeatingCycleTest" assertions="1" time="0.000120"/>
        <testcase name="testMetadata" file="/home/steve/dev/hot-tub-controller/backend/tests/Unit/Domain/Heating/Models/HeatingCycleTest.php" line="124" class="Tests\Unit\Domain\Heating\Models\HeatingCycleTest" classname="Tests.Unit.Domain.Heating.Models.HeatingCycleTest" assertions="2" time="0.000157"/>
        <testcase name="testToArray" file="/home/steve/dev/hot-tub-controller/backend/tests/Unit/Domain/Heating/Models/HeatingCycleTest.php" line="135" class="Tests\Unit\Domain\Heating\Models\HeatingCycleTest" classname="Tests.Unit.Domain.Heating.Models.HeatingCycleTest" assertions="10" time="0.000311"/>
        <testcase name="testFromArray" file="/home/steve/dev/hot-tub-controller/backend/tests/Unit/Domain/Heating/Models/HeatingCycleTest.php" line="156" class="Tests\Unit\Domain\Heating\Models\HeatingCycleTest" classname="Tests.Unit.Domain.Heating.Models.HeatingCycleTest" assertions="5" time="0.000181"/>
        <testcase name="testValidation" file="/home/steve/dev/hot-tub-controller/backend/tests/Unit/Domain/Heating/Models/HeatingCycleTest.php" line="180" class="Tests\Unit\Domain\Heating\Models\HeatingCycleTest" classname="Tests.Unit.Domain.Heating.Models.HeatingCycleTest" assertions="5" time="0.000192"/>
        <testcase name="testValidationWithNegativeCurrentTemp" file="/home/steve/dev/hot-tub-controller/backend/tests/Unit/Domain/Heating/Models/HeatingCycleTest.php" line="199" class="Tests\Unit\Domain\Heating\Models\HeatingCycleTest" classname="Tests.Unit.Domain.Heating.Models.HeatingCycleTest" assertions="2" time="0.000174"/>
        <testcase name="testValidationWithInvalidEstimatedCompletion" file="/home/steve/dev/hot-tub-controller/backend/tests/Unit/Domain/Heating/Models/HeatingCycleTest.php" line="209" class="Tests\Unit\Domain\Heating\Models\HeatingCycleTest" classname="Tests.Unit.Domain.Heating.Models.HeatingCycleTest" assertions="2" time="0.000150"/>
        <testcase name="testJsonSerialization" file="/home/steve/dev/hot-tub-controller/backend/tests/Unit/Domain/Heating/Models/HeatingCycleTest.php" line="220" class="Tests\Unit\Domain\Heating\Models\HeatingCycleTest" classname="Tests.Unit.Domain.Heating.Models.HeatingCycleTest" assertions="4" time="0.000190"/>
        <testcase name="testStorageKey" file="/home/steve/dev/hot-tub-controller/backend/tests/Unit/Domain/Heating/Models/HeatingCycleTest.php" line="234" class="Tests\Unit\Domain\Heating\Models\HeatingCycleTest" classname="Tests.Unit.Domain.Heating.Models.HeatingCycleTest" assertions="1" time="0.000104"/>
        <testcase name="testTimeHandling" file="/home/steve/dev/hot-tub-controller/backend/tests/Unit/Domain/Heating/Models/HeatingCycleTest.php" line="239" class="Tests\Unit\Domain\Heating\Models\HeatingCycleTest" classname="Tests.Unit.Domain.Heating.Models.HeatingCycleTest" assertions="2" time="0.000114"/>
        <testcase name="testEstimatedTimeRemainingPastDue" file="/home/steve/dev/hot-tub-controller/backend/tests/Unit/Domain/Heating/Models/HeatingCycleTest.php" line="248" class="Tests\Unit\Domain\Heating\Models\HeatingCycleTest" classname="Tests.Unit.Domain.Heating.Models.HeatingCycleTest" assertions="1" time="0.000120"/>
      </testsuite>
      <testsuite name="Tests\Unit\Domain\Heating\Models\HeatingEventTest" file="/home/steve/dev/hot-tub-controller/backend/tests/Unit/Domain/Heating/Models/HeatingEventTest.php" tests="24" assertions="71" errors="0" failures="0" skipped="0" time="0.003305">
        <testcase name="testCancel" file="/home/steve/dev/hot-tub-controller/backend/tests/Unit/Domain/Heating/Models/HeatingEventTest.php" line="167" class="Tests\Unit\Domain\Heating\Models\HeatingEventTest" classname="Tests.Unit.Domain.Heating.Models.HeatingEventTest" assertions="2" time="0.000120"/>
        <testcase name="testTrigger" file="/home/steve/dev/hot-tub-controller/backend/tests/Unit/Domain/Heating/Models/HeatingEventTest.php" line="179" class="Tests\Unit\Domain\Heating\Models\HeatingEventTest" classname="Tests.Unit.Domain.Heating.Models.HeatingEventTest" assertions="2" time="0.000107"/>
        <testcase name="testValidationMonitorEventWithoutCycle" file="/home/steve/dev/hot-tub-controller/backend/tests/Unit/Domain/Heating/Models/HeatingEventTest.php" line="278" class="Tests\Unit\Domain\Heating\Models\HeatingEventTest" classname="Tests.Unit.Domain.Heating.Models.HeatingEventTest" assertions="2" time="0.000148"/>
        <testcase name="testInitialization" file="/home/steve/dev/hot-tub-controller/backend/tests/Unit/Domain/Heating/Models/HeatingEventTest.php" line="20" class="Tests\Unit\Domain\Heating\Models\HeatingEventTest" classname="Tests.Unit.Domain.Heating.Models.HeatingEventTest" assertions="7" time="0.000150"/>
        <testcase name="testEventTypes" file="/home/steve/dev/hot-tub-controller/backend/tests/Unit/Domain/Heating/Models/HeatingEventTest.php" line="31" class="Tests\Unit\Domain\Heating\Models\HeatingEventTest" classname="Tests.Unit.Domain.Heating.Models.HeatingEventTest" assertions="4" time="0.000120"/>
        <testcase name="testInvalidEventType" file="/home/steve/dev/hot-tub-controller/backend/tests/Unit/Domain/Heating/Models/HeatingEventTest.php" line="44" class="Tests\Unit\Domain\Heating\Models\HeatingEventTest" classname="Tests.Unit.Domain.Heating.Models.HeatingEventTest" assertions="1" time="0.000106"/>
        <testcase name="testStatusTransitions" file="/home/steve/dev/hot-tub-controller/backend/tests/Unit/Domain/Heating/Models/HeatingEventTest.php" line="50" class="Tests\Unit\Domain\Heating\Models\HeatingEventTest" classname="Tests.Unit.Domain.Heating.Models.HeatingEventTest" assertions="8" time="0.000146"/>
        <testcase name="testInvalidStatus" file="/home/steve/dev/hot-tub-controller/backend/tests/Unit/Domain/Heating/Models/HeatingEventTest.php" line="72" class="Tests\Unit\Domain\Heating\Models\HeatingEventTest" classname="Tests.Unit.Domain.Heating.Models.HeatingEventTest" assertions="1" time="0.000102"/>
        <testcase name="testScheduledFor" file="/home/steve/dev/hot-tub-controller/backend/tests/Unit/Domain/Heating/Models/HeatingEventTest.php" line="78" class="Tests\Unit\Domain\Heating\Models\HeatingEventTest" classname="Tests.Unit.Domain.Heating.Models.HeatingEventTest" assertions="1" time="0.000101"/>
        <testcase name="testTargetTemperature" file="/home/steve/dev/hot-tub-controller/backend/tests/Unit/Domain/Heating/Models/HeatingEventTest.php" line="86" class="Tests\Unit\Domain\Heating\Models\HeatingEventTest" classname="Tests.Unit.Domain.Heating.Models.HeatingEventTest" assertions="1" time="0.000104"/>
        <testcase name="testCronExpression" file="/home/steve/dev/hot-tub-controller/backend/tests/Unit/Domain/Heating/Models/HeatingEventTest.php" line="92" class="Tests\Unit\Domain\Heating\Models\HeatingEventTest" classname="Tests.Unit.Domain.Heating.Models.HeatingEventTest" assertions="1" time="0.000103"/>
        <testcase name="testCycleId" file="/home/steve/dev/hot-tub-controller/backend/tests/Unit/Domain/Heating/Models/HeatingEventTest.php" line="100" class="Tests\Unit\Domain\Heating\Models\HeatingEventTest" classname="Tests.Unit.Domain.Heating.Models.HeatingEventTest" assertions="1" time="0.000099"/>
        <testcase name="testMetadata" file="/home/steve/dev/hot-tub-controller/backend/tests/Unit/Domain/Heating/Models/HeatingEventTest.php" line="108" class="Tests\Unit\Domain\Heating\Models\HeatingEventTest" classname="Tests.Unit.Domain.Heating.Models.HeatingEventTest" assertions="2" time="0.000125"/>
        <testcase name="testPastDueDetection" file="/home/steve/dev/hot-tub-controller/backend/tests/Unit/Domain/Heating/Models/HeatingEventTest.php" line="119" class="Tests\Unit\Domain\Heating\Models\HeatingEventTest" classname="Tests.Unit.Domain.Heating.Models.HeatingEventTest" assertions="3" time="0.000122"/>
        <testcase name="testTimeUntilExecution" file="/home/steve/dev/hot-tub-controller/backend/tests/Unit/Domain/Heating/Models/HeatingEventTest.php" line="136" class="Tests\Unit\Domain\Heating\Models\HeatingEventTest" classname="Tests.Unit.Domain.Heating.Models.HeatingEventTest" assertions="2" time="0.000119"/>
        <testcase name="testTimeUntilExecutionPastEvent" file="/home/steve/dev/hot-tub-controller/backend/tests/Unit/Domain/Heating/Models/HeatingEventTest.php" line="146" class="Tests\Unit\Domain\Heating\Models\HeatingEventTest" classname="Tests.Unit.Domain.Heating.Models.HeatingEventTest" assertions="1" time="0.000114"/>
        <testcase name="testGenerateCronComment" file="/home/steve/dev/hot-tub-controller/backend/tests/Unit/Domain/Heating/Models/HeatingEventTest.php" line="154" class="Tests\Unit\Domain\Heating\Models\HeatingEventTest" classname="Tests.Unit.Domain.Heating.Models.HeatingEventTest" assertions="2" time="0.000110"/>
        <testcase name="testToArray" file="/home/steve/dev/hot-tub-controller/backend/tests/Unit/Domain/Heating/Models/HeatingEventTest.php" line="191" class="Tests\Unit\Domain\Heating\Models\HeatingEventTest" classname="Tests.Unit.Domain.Heating.Models.HeatingEventTest" assertions="11" time="0.000297"/>
        <testcase name="testFromArray" file="/home/steve/dev/hot-tub-controller/backend/tests/Unit/Domain/Heating/Models/HeatingEventTest.php" line="216" class="Tests\Unit\Domain\Heating\Models\HeatingEventTest" classname="Tests.Unit.Domain.Heating.Models.HeatingEventTest" assertions="7" time="0.000184"/>
        <testcase name="testValidation" file="/home/steve/dev/hot-tub-controller/backend/tests/Unit/Domain/Heating/Models/HeatingEventTest.php" line="242" class="Tests\Unit\Domain\Heating\Models\HeatingEventTest" classname="Tests.Unit.Domain.Heating.Models.HeatingEventTest" assertions="1" time="0.000128"/>
        <testcase name="testValidationInvalidTemperature" file="/home/steve/dev/hot-tub-controller/backend/tests/Unit/Domain/Heating/Models/HeatingEventTest.php" line="252" class="Tests\Unit\Domain\Heating\Models\HeatingEventTest" classname="Tests.Unit.Domain.Heating.Models.HeatingEventTest" assertions="4" time="0.000222"/>
        <testcase name="testValidationPastSchedule" file="/home/steve/dev/hot-tub-controller/backend/tests/Unit/Domain/Heating/Models/HeatingEventTest.php" line="267" class="Tests\Unit\Domain\Heating\Models\HeatingEventTest" classname="Tests.Unit.Domain.Heating.Models.HeatingEventTest" assertions="2" time="0.000176"/>
        <testcase name="testJsonSerialization" file="/home/steve/dev/hot-tub-controller/backend/tests/Unit/Domain/Heating/Models/HeatingEventTest.php" line="290" class="Tests\Unit\Domain\Heating\Models\HeatingEventTest" classname="Tests.Unit.Domain.Heating.Models.HeatingEventTest" assertions="4" time="0.000197"/>
        <testcase name="testStorageKey" file="/home/steve/dev/hot-tub-controller/backend/tests/Unit/Domain/Heating/Models/HeatingEventTest.php" line="303" class="Tests\Unit\Domain\Heating\Models\HeatingEventTest" classname="Tests.Unit.Domain.Heating.Models.HeatingEventTest" assertions="1" time="0.000107"/>
      </testsuite>
      <testsuite name="Tests\Unit\Domain\Storage\JsonStorageManagerTest" file="/home/steve/dev/hot-tub-controller/backend/tests/Unit/Domain/Storage/JsonStorageManagerTest.php" tests="14" assertions="31" errors="0" failures="0" skipped="0" time="0.018945">
        <testcase name="testCleanupOldFiles" file="/home/steve/dev/hot-tub-controller/backend/tests/Unit/Domain/Storage/JsonStorageManagerTest.php" line="116" class="Tests\Unit\Domain\Storage\JsonStorageManagerTest" classname="Tests.Unit.Domain.Storage.JsonStorageManagerTest" assertions="3" time="0.001045"/>
        <testcase name="testSaveAndLoadBasicData" file="/home/steve/dev/hot-tub-controller/backend/tests/Unit/Domain/Storage/JsonStorageManagerTest.php" line="42" class="Tests\Unit\Domain\Storage\JsonStorageManagerTest" classname="Tests.Unit.Domain.Storage.JsonStorageManagerTest" assertions="2" time="0.000524"/>
        <testcase name="testLoadNonExistentFile" file="/home/steve/dev/hot-tub-controller/backend/tests/Unit/Domain/Storage/JsonStorageManagerTest.php" line="50" class="Tests\Unit\Domain\Storage\JsonStorageManagerTest" classname="Tests.Unit.Domain.Storage.JsonStorageManagerTest" assertions="1" time="0.000466"/>
        <testcase name="testSaveEmptyArray" file="/home/steve/dev/hot-tub-controller/backend/tests/Unit/Domain/Storage/JsonStorageManagerTest.php" line="56" class="Tests\Unit\Domain\Storage\JsonStorageManagerTest" classname="Tests.Unit.Domain.Storage.JsonStorageManagerTest" assertions="2" time="0.000495"/>
        <testcase name="testExists" file="/home/steve/dev/hot-tub-controller/backend/tests/Unit/Domain/Storage/JsonStorageManagerTest.php" line="62" class="Tests\Unit\Domain\Storage\JsonStorageManagerTest" classname="Tests.Unit.Domain.Storage.JsonStorageManagerTest" assertions="2" time="0.000422"/>
        <testcase name="testDelete" file="/home/steve/dev/hot-tub-controller/backend/tests/Unit/Domain/Storage/JsonStorageManagerTest.php" line="70" class="Tests\Unit\Domain\Storage\JsonStorageManagerTest" classname="Tests.Unit.Domain.Storage.JsonStorageManagerTest" assertions="3" time="0.000540"/>
        <testcase name="testDeleteNonExistentFile" file="/home/steve/dev/hot-tub-controller/backend/tests/Unit/Domain/Storage/JsonStorageManagerTest.php" line="79" class="Tests\Unit\Domain\Storage\JsonStorageManagerTest" classname="Tests.Unit.Domain.Storage.JsonStorageManagerTest" assertions="1" time="0.000399"/>
        <testcase name="testNestedDirectoryCreation" file="/home/steve/dev/hot-tub-controller/backend/tests/Unit/Domain/Storage/JsonStorageManagerTest.php" line="84" class="Tests\Unit\Domain\Storage\JsonStorageManagerTest" classname="Tests.Unit.Domain.Storage.JsonStorageManagerTest" assertions="2" time="0.000865"/>
        <testcase name="testInvalidJsonHandling" file="/home/steve/dev/hot-tub-controller/backend/tests/Unit/Domain/Storage/JsonStorageManagerTest.php" line="92" class="Tests\Unit\Domain\Storage\JsonStorageManagerTest" classname="Tests.Unit.Domain.Storage.JsonStorageManagerTest" assertions="2" time="0.000554"/>
        <testcase name="testComplexDataStructures" file="/home/steve/dev/hot-tub-controller/backend/tests/Unit/Domain/Storage/JsonStorageManagerTest.php" line="139" class="Tests\Unit\Domain\Storage\JsonStorageManagerTest" classname="Tests.Unit.Domain.Storage.JsonStorageManagerTest" assertions="2" time="0.000498"/>
        <testcase name="testUnicodeSupport" file="/home/steve/dev/hot-tub-controller/backend/tests/Unit/Domain/Storage/JsonStorageManagerTest.php" line="202" class="Tests\Unit\Domain\Storage\JsonStorageManagerTest" classname="Tests.Unit.Domain.Storage.JsonStorageManagerTest" assertions="2" time="0.000300"/>
        <testcase name="testRotationByKey" file="/home/steve/dev/hot-tub-controller/backend/tests/Unit/Domain/Storage/JsonStorageManagerTest.php" line="104" class="Tests\Unit\Domain\Storage\JsonStorageManagerTest" classname="Tests.Unit.Domain.Storage.JsonStorageManagerTest" assertions="2" time="0.000291"/>
        <testcase name="testConcurrentAccess" file="/home/steve/dev/hot-tub-controller/backend/tests/Unit/Domain/Storage/JsonStorageManagerTest.php" line="159" class="Tests\Unit\Domain\Storage\JsonStorageManagerTest" classname="Tests.Unit.Domain.Storage.JsonStorageManagerTest" assertions="3" time="0.001350"/>
        <testcase name="testLargDataHandling" file="/home/steve/dev/hot-tub-controller/backend/tests/Unit/Domain/Storage/JsonStorageManagerTest.php" line="176" class="Tests\Unit\Domain\Storage\JsonStorageManagerTest" classname="Tests.Unit.Domain.Storage.JsonStorageManagerTest" assertions="4" time="0.011197"/>
      </testsuite>
      <testsuite name="Tests\Unit\Domain\Storage\QueryBuilderTest" file="/home/steve/dev/hot-tub-controller/backend/tests/Unit/Domain/Storage/QueryBuilderTest.php" tests="23" assertions="51" errors="0" failures="0" skipped="0" time="0.001405">
        <testcase name="testWhereBetween" file="/home/steve/dev/hot-tub-controller/backend/tests/Unit/Domain/Storage/QueryBuilderTest.php" line="76" class="Tests\Unit\Domain\Storage\QueryBuilderTest" classname="Tests.Unit.Domain.Storage.QueryBuilderTest" assertions="9" time="0.000142"/>
        <testcase name="testLikeOperator" file="/home/steve/dev/hot-tub-controller/backend/tests/Unit/Domain/Storage/QueryBuilderTest.php" line="222" class="Tests\Unit\Domain\Storage\QueryBuilderTest" classname="Tests.Unit.Domain.Storage.QueryBuilderTest" assertions="3" time="0.000080"/>
        <testcase name="testBasicWhereClause" file="/home/steve/dev/hot-tub-controller/backend/tests/Unit/Domain/Storage/QueryBuilderTest.php" line="25" class="Tests\Unit\Domain\Storage\QueryBuilderTest" classname="Tests.Unit.Domain.Storage.QueryBuilderTest" assertions="3" time="0.000063"/>
        <testcase name="testWhereWithOperator" file="/home/steve/dev/hot-tub-controller/backend/tests/Unit/Domain/Storage/QueryBuilderTest.php" line="37" class="Tests\Unit\Domain\Storage\QueryBuilderTest" classname="Tests.Unit.Domain.Storage.QueryBuilderTest" assertions="3" time="0.000060"/>
        <testcase name="testWhereIn" file="/home/steve/dev/hot-tub-controller/backend/tests/Unit/Domain/Storage/QueryBuilderTest.php" line="49" class="Tests\Unit\Domain\Storage\QueryBuilderTest" classname="Tests.Unit.Domain.Storage.QueryBuilderTest" assertions="1" time="0.000050"/>
        <testcase name="testWhereNotNull" file="/home/steve/dev/hot-tub-controller/backend/tests/Unit/Domain/Storage/QueryBuilderTest.php" line="58" class="Tests\Unit\Domain\Storage\QueryBuilderTest" classname="Tests.Unit.Domain.Storage.QueryBuilderTest" assertions="1" time="0.000050"/>
        <testcase name="testWhereNull" file="/home/steve/dev/hot-tub-controller/backend/tests/Unit/Domain/Storage/QueryBuilderTest.php" line="67" class="Tests\Unit\Domain\Storage\QueryBuilderTest" classname="Tests.Unit.Domain.Storage.QueryBuilderTest" assertions="1" time="0.000046"/>
        <testcase name="testWhereBetweenInvalidRange" file="/home/steve/dev/hot-tub-controller/backend/tests/Unit/Domain/Storage/QueryBuilderTest.php" line="89" class="Tests\Unit\Domain\Storage\QueryBuilderTest" classname="Tests.Unit.Domain.Storage.QueryBuilderTest" assertions="2" time="0.000057"/>
        <testcase name="testMultipleWhereConditions" file="/home/steve/dev/hot-tub-controller/backend/tests/Unit/Domain/Storage/QueryBuilderTest.php" line="97" class="Tests\Unit\Domain\Storage\QueryBuilderTest" classname="Tests.Unit.Domain.Storage.QueryBuilderTest" assertions="1" time="0.000053"/>
        <testcase name="testOrderByAscending" file="/home/steve/dev/hot-tub-controller/backend/tests/Unit/Domain/Storage/QueryBuilderTest.php" line="107" class="Tests\Unit\Domain\Storage\QueryBuilderTest" classname="Tests.Unit.Domain.Storage.QueryBuilderTest" assertions="1" time="0.000058"/>
        <testcase name="testOrderByDescending" file="/home/steve/dev/hot-tub-controller/backend/tests/Unit/Domain/Storage/QueryBuilderTest.php" line="120" class="Tests\Unit\Domain\Storage\QueryBuilderTest" classname="Tests.Unit.Domain.Storage.QueryBuilderTest" assertions="1" time="0.000054"/>
        <testcase name="testInvalidOrderDirection" file="/home/steve/dev/hot-tub-controller/backend/tests/Unit/Domain/Storage/QueryBuilderTest.php" line="133" class="Tests\Unit\Domain\Storage\QueryBuilderTest" classname="Tests.Unit.Domain.Storage.QueryBuilderTest" assertions="2" time="0.000053"/>
        <testcase name="testLimit" file="/home/steve/dev/hot-tub-controller/backend/tests/Unit/Domain/Storage/QueryBuilderTest.php" line="141" class="Tests\Unit\Domain\Storage\QueryBuilderTest" classname="Tests.Unit.Domain.Storage.QueryBuilderTest" assertions="1" time="0.000050"/>
        <testcase name="testOffset" file="/home/steve/dev/hot-tub-controller/backend/tests/Unit/Domain/Storage/QueryBuilderTest.php" line="151" class="Tests\Unit\Domain\Storage\QueryBuilderTest" classname="Tests.Unit.Domain.Storage.QueryBuilderTest" assertions="2" time="0.000065"/>
        <testcase name="testLimitWithOffset" file="/home/steve/dev/hot-tub-controller/backend/tests/Unit/Domain/Storage/QueryBuilderTest.php" line="166" class="Tests\Unit\Domain\Storage\QueryBuilderTest" classname="Tests.Unit.Domain.Storage.QueryBuilderTest" assertions="1" time="0.000051"/>
        <testcase name="testFirst" file="/home/steve/dev/hot-tub-controller/backend/tests/Unit/Domain/Storage/QueryBuilderTest.php" line="177" class="Tests\Unit\Domain\Storage\QueryBuilderTest" classname="Tests.Unit.Domain.Storage.QueryBuilderTest" assertions="2" time="0.000065"/>
        <testcase name="testFirstReturnsNull" file="/home/steve/dev/hot-tub-controller/backend/tests/Unit/Domain/Storage/QueryBuilderTest.php" line="188" class="Tests\Unit\Domain\Storage\QueryBuilderTest" classname="Tests.Unit.Domain.Storage.QueryBuilderTest" assertions="1" time="0.000049"/>
        <testcase name="testCount" file="/home/steve/dev/hot-tub-controller/backend/tests/Unit/Domain/Storage/QueryBuilderTest.php" line="197" class="Tests\Unit\Domain\Storage\QueryBuilderTest" classname="Tests.Unit.Domain.Storage.QueryBuilderTest" assertions="1" time="0.000048"/>
        <testcase name="testExists" file="/home/steve/dev/hot-tub-controller/backend/tests/Unit/Domain/Storage/QueryBuilderTest.php" line="206" class="Tests\Unit\Domain\Storage\QueryBuilderTest" classname="Tests.Unit.Domain.Storage.QueryBuilderTest" assertions="2" time="0.000049"/>
        <testcase name="testNestedFieldAccess" file="/home/steve/dev/hot-tub-controller/backend/tests/Unit/Domain/Storage/QueryBuilderTest.php" line="212" class="Tests\Unit\Domain\Storage\QueryBuilderTest" classname="Tests.Unit.Domain.Storage.QueryBuilderTest" assertions="2" time="0.000055"/>
        <testcase name="testUnsupportedOperator" file="/home/steve/dev/hot-tub-controller/backend/tests/Unit/Domain/Storage/QueryBuilderTest.php" line="234" class="Tests\Unit\Domain\Storage\QueryBuilderTest" classname="Tests.Unit.Domain.Storage.QueryBuilderTest" assertions="2" time="0.000056"/>
        <testcase name="testOrderByWithNullValues" file="/home/steve/dev/hot-tub-controller/backend/tests/Unit/Domain/Storage/QueryBuilderTest.php" line="244" class="Tests\Unit\Domain\Storage\QueryBuilderTest" classname="Tests.Unit.Domain.Storage.QueryBuilderTest" assertions="1" time="0.000051"/>
        <testcase name="testComplexQuery" file="/home/steve/dev/hot-tub-controller/backend/tests/Unit/Domain/Storage/QueryBuilderTest.php" line="264" class="Tests\Unit\Domain\Storage\QueryBuilderTest" classname="Tests.Unit.Domain.Storage.QueryBuilderTest" assertions="8" time="0.000098"/>
      </testsuite>
      <testsuite name="Tests\Unit\Fixtures\TemperatureSequenceBuilderTest" file="/home/steve/dev/hot-tub-controller/backend/tests/Unit/Fixtures/TemperatureSequenceBuilderTest.php" tests="9" assertions="109" errors="0" failures="0" skipped="0" time="0.001114">
        <testcase name="testBuildHeatingSequence" file="/home/steve/dev/hot-tub-controller/backend/tests/Unit/Fixtures/TemperatureSequenceBuilderTest.php" line="29" class="Tests\Unit\Fixtures\TemperatureSequenceBuilderTest" classname="Tests.Unit.Fixtures.TemperatureSequenceBuilderTest" assertions="33" time="0.000329"/>
        <testcase name="testPrecisionThreshold" file="/home/steve/dev/hot-tub-controller/backend/tests/Unit/Fixtures/TemperatureSequenceBuilderTest.php" line="105" class="Tests\Unit\Fixtures\TemperatureSequenceBuilderTest" classname="Tests.Unit.Fixtures.TemperatureSequenceBuilderTest" assertions="1" time="0.000057"/>
        <testcase name="testBuildSensorFailureSequence" file="/home/steve/dev/hot-tub-controller/backend/tests/Unit/Fixtures/TemperatureSequenceBuilderTest.php" line="114" class="Tests\Unit\Fixtures\TemperatureSequenceBuilderTest" classname="Tests.Unit.Fixtures.TemperatureSequenceBuilderTest" assertions="7" time="0.000117"/>
        <testcase name="testInvalidParametersThrowExceptions" file="/home/steve/dev/hot-tub-controller/backend/tests/Unit/Fixtures/TemperatureSequenceBuilderTest.php" line="140" class="Tests\Unit\Fixtures\TemperatureSequenceBuilderTest" classname="Tests.Unit.Fixtures.TemperatureSequenceBuilderTest" assertions="1" time="0.000056"/>
        <testcase name="testTemperatureConversions" file="/home/steve/dev/hot-tub-controller/backend/tests/Unit/Fixtures/TemperatureSequenceBuilderTest.php" line="152" class="Tests\Unit\Fixtures\TemperatureSequenceBuilderTest" classname="Tests.Unit.Fixtures.TemperatureSequenceBuilderTest" assertions="2" time="0.000060"/>
        <testcase name="testTimestampGeneration" file="/home/steve/dev/hot-tub-controller/backend/tests/Unit/Fixtures/TemperatureSequenceBuilderTest.php" line="168" class="Tests\Unit\Fixtures\TemperatureSequenceBuilderTest" classname="Tests.Unit.Fixtures.TemperatureSequenceBuilderTest" assertions="8" time="0.000077"/>
        <testcase name="testSensorDataGeneration" file="/home/steve/dev/hot-tub-controller/backend/tests/Unit/Fixtures/TemperatureSequenceBuilderTest.php" line="185" class="Tests\Unit\Fixtures\TemperatureSequenceBuilderTest" classname="Tests.Unit.Fixtures.TemperatureSequenceBuilderTest" assertions="18" time="0.000103"/>
        <testcase name="testHeatingRateCalculation" file="/home/steve/dev/hot-tub-controller/backend/tests/Unit/Fixtures/TemperatureSequenceBuilderTest.php" line="59" class="Tests\Unit\Fixtures\TemperatureSequenceBuilderTest" classname="Tests.Unit.Fixtures.TemperatureSequenceBuilderTest" assertions="3" time="0.000057"/>
        <testcase name="testBuildPrecisionSequence" file="/home/steve/dev/hot-tub-controller/backend/tests/Unit/Fixtures/TemperatureSequenceBuilderTest.php" line="75" class="Tests\Unit\Fixtures\TemperatureSequenceBuilderTest" classname="Tests.Unit.Fixtures.TemperatureSequenceBuilderTest" assertions="36" time="0.000259"/>
      </testsuite>
      <testsuite name="HotTubController\Tests\Unit\Services\CronManagerTest" file="/home/steve/dev/hot-tub-controller/backend/tests/Unit/Services/CronManagerTest.php" tests="13" assertions="38" errors="0" failures="0" skipped="0" time="0.008960">
        <testcase name="testParseCronLine" file="/home/steve/dev/hot-tub-controller/backend/tests/Unit/Services/CronManagerTest.php" line="185" class="HotTubController\Tests\Unit\Services\CronManagerTest" classname="HotTubController.Tests.Unit.Services.CronManagerTest" assertions="5" time="0.000578"/>
        <testcase name="testBuildCronCommand" file="/home/steve/dev/hot-tub-controller/backend/tests/Unit/Services/CronManagerTest.php" line="108" class="HotTubController\Tests\Unit\Services\CronManagerTest" classname="HotTubController.Tests.Unit.Services.CronManagerTest" assertions="1" time="0.000553"/>
        <testcase name="testConstructorCreatesDirectories" file="/home/steve/dev/hot-tub-controller/backend/tests/Unit/Services/CronManagerTest.php" line="37" class="HotTubController\Tests\Unit\Services\CronManagerTest" classname="HotTubController.Tests.Unit.Services.CronManagerTest" assertions="4" time="0.001264"/>
        <testcase name="testValidateTag" file="/home/steve/dev/hot-tub-controller/backend/tests/Unit/Services/CronManagerTest.php" line="52" class="HotTubController\Tests\Unit\Services\CronManagerTest" classname="HotTubController.Tests.Unit.Services.CronManagerTest" assertions="1" time="0.001116"/>
        <testcase name="testValidateIdentifier" file="/home/steve/dev/hot-tub-controller/backend/tests/Unit/Services/CronManagerTest.php" line="67" class="HotTubController\Tests\Unit\Services\CronManagerTest" classname="HotTubController.Tests.Unit.Services.CronManagerTest" assertions="1" time="0.000819"/>
        <testcase name="testValidateIdentifierTooLong" file="/home/steve/dev/hot-tub-controller/backend/tests/Unit/Services/CronManagerTest.php" line="83" class="HotTubController\Tests\Unit\Services\CronManagerTest" classname="HotTubController.Tests.Unit.Services.CronManagerTest" assertions="2" time="0.000538"/>
        <testcase name="testBuildCronExpression" file="/home/steve/dev/hot-tub-controller/backend/tests/Unit/Services/CronManagerTest.php" line="96" class="HotTubController\Tests\Unit\Services\CronManagerTest" classname="HotTubController.Tests.Unit.Services.CronManagerTest" assertions="1" time="0.000544"/>
        <testcase name="testIsCronLine" file="/home/steve/dev/hot-tub-controller/backend/tests/Unit/Services/CronManagerTest.php" line="125" class="HotTubController\Tests\Unit\Services\CronManagerTest" classname="HotTubController.Tests.Unit.Services.CronManagerTest" assertions="5" time="0.000656"/>
        <testcase name="testIsApplicationCron" file="/home/steve/dev/hot-tub-controller/backend/tests/Unit/Services/CronManagerTest.php" line="141" class="HotTubController\Tests\Unit\Services\CronManagerTest" classname="HotTubController.Tests.Unit.Services.CronManagerTest" assertions="4" time="0.000577"/>
        <testcase name="testMatchesTagPattern" file="/home/steve/dev/hot-tub-controller/backend/tests/Unit/Services/CronManagerTest.php" line="168" class="HotTubController\Tests\Unit\Services\CronManagerTest" classname="HotTubController.Tests.Unit.Services.CronManagerTest" assertions="4" time="0.000548"/>
        <testcase name="testParseCronLineInvalid" file="/home/steve/dev/hot-tub-controller/backend/tests/Unit/Services/CronManagerTest.php" line="202" class="HotTubController\Tests\Unit\Services\CronManagerTest" classname="HotTubController.Tests.Unit.Services.CronManagerTest" assertions="1" time="0.000538"/>
        <testcase name="testAddSelfDeletingCronValidation" file="/home/steve/dev/hot-tub-controller/backend/tests/Unit/Services/CronManagerTest.php" line="215" class="HotTubController\Tests\Unit\Services\CronManagerTest" classname="HotTubController.Tests.Unit.Services.CronManagerTest" assertions="2" time="0.000546"/>
        <testcase name="testAddSelfDeletingCronValidatesInputs" file="/home/steve/dev/hot-tub-controller/backend/tests/Unit/Services/CronManagerTest.php" line="232" class="HotTubController\Tests\Unit\Services\CronManagerTest" classname="HotTubController.Tests.Unit.Services.CronManagerTest" assertions="7" time="0.000684"/>
      </testsuite>
      <testsuite name="HotTubController\Tests\Unit\Services\CronSecurityManagerTest" file="/home/steve/dev/hot-tub-controller/backend/tests/Unit/Services/CronSecurityManagerTest.php" tests="17" assertions="55" errors="0" failures="0" skipped="0" time="0.009850">
        <testcase name="testConstructorCreatesDirectories" file="/home/steve/dev/hot-tub-controller/backend/tests/Unit/Services/CronSecurityManagerTest.php" line="38" class="HotTubController\Tests\Unit\Services\CronSecurityManagerTest" classname="HotTubController.Tests.Unit.Services.CronSecurityManagerTest" assertions="2" time="0.000406"/>
        <testcase name="testGenerateApiKeyCreatesFile" file="/home/steve/dev/hot-tub-controller/backend/tests/Unit/Services/CronSecurityManagerTest.php" line="61" class="HotTubController\Tests\Unit\Services\CronSecurityManagerTest" classname="HotTubController.Tests.Unit.Services.CronSecurityManagerTest" assertions="4" time="0.000586"/>
        <testcase name="testApiKeyExists" file="/home/steve/dev/hot-tub-controller/backend/tests/Unit/Services/CronSecurityManagerTest.php" line="75" class="HotTubController\Tests\Unit\Services\CronSecurityManagerTest" classname="HotTubController.Tests.Unit.Services.CronSecurityManagerTest" assertions="2" time="0.000465"/>
        <testcase name="testGetCurrentApiKey" file="/home/steve/dev/hot-tub-controller/backend/tests/Unit/Services/CronSecurityManagerTest.php" line="84" class="HotTubController\Tests\Unit\Services\CronSecurityManagerTest" classname="HotTubController.Tests.Unit.Services.CronSecurityManagerTest" assertions="2" time="0.000374"/>
        <testcase name="testGetCurrentApiKeyValid" file="/home/steve/dev/hot-tub-controller/backend/tests/Unit/Services/CronSecurityManagerTest.php" line="92" class="HotTubController\Tests\Unit\Services\CronSecurityManagerTest" classname="HotTubController.Tests.Unit.Services.CronSecurityManagerTest" assertions="1" time="0.000423"/>
        <testcase name="testGetCurrentApiKeyEmpty" file="/home/steve/dev/hot-tub-controller/backend/tests/Unit/Services/CronSecurityManagerTest.php" line="100" class="HotTubController\Tests\Unit\Services\CronSecurityManagerTest" classname="HotTubController.Tests.Unit.Services.CronSecurityManagerTest" assertions="2" time="0.000472"/>
        <testcase name="testGetCurrentApiKeyInvalidFormat" file="/home/steve/dev/hot-tub-controller/backend/tests/Unit/Services/CronSecurityManagerTest.php" line="110" class="HotTubController\Tests\Unit\Services\CronSecurityManagerTest" classname="HotTubController.Tests.Unit.Services.CronSecurityManagerTest" assertions="2" time="0.000577"/>
        <testcase name="testIsValidApiKey" file="/home/steve/dev/hot-tub-controller/backend/tests/Unit/Services/CronSecurityManagerTest.php" line="121" class="HotTubController\Tests\Unit\Services\CronSecurityManagerTest" classname="HotTubController.Tests.Unit.Services.CronSecurityManagerTest" assertions="5" time="0.000394"/>
        <testcase name="testVerifyApiKey" file="/home/steve/dev/hot-tub-controller/backend/tests/Unit/Services/CronSecurityManagerTest.php" line="134" class="HotTubController\Tests\Unit\Services\CronSecurityManagerTest" classname="HotTubController.Tests.Unit.Services.CronSecurityManagerTest" assertions="3" time="0.000526"/>
        <testcase name="testVerifyApiKeyNoFile" file="/home/steve/dev/hot-tub-controller/backend/tests/Unit/Services/CronSecurityManagerTest.php" line="149" class="HotTubController\Tests\Unit\Services\CronSecurityManagerTest" classname="HotTubController.Tests.Unit.Services.CronSecurityManagerTest" assertions="1" time="0.000394"/>
        <testcase name="testInitializeApiKeyNoExisting" file="/home/steve/dev/hot-tub-controller/backend/tests/Unit/Services/CronSecurityManagerTest.php" line="175" class="HotTubController\Tests\Unit\Services\CronSecurityManagerTest" classname="HotTubController.Tests.Unit.Services.CronSecurityManagerTest" assertions="3" time="0.000501"/>
        <testcase name="testInitializeApiKeyWithExisting" file="/home/steve/dev/hot-tub-controller/backend/tests/Unit/Services/CronSecurityManagerTest.php" line="184" class="HotTubController\Tests\Unit\Services\CronSecurityManagerTest" classname="HotTubController.Tests.Unit.Services.CronSecurityManagerTest" assertions="1" time="0.000437"/>
        <testcase name="testGetApiKeyInfo" file="/home/steve/dev/hot-tub-controller/backend/tests/Unit/Services/CronSecurityManagerTest.php" line="193" class="HotTubController\Tests\Unit\Services\CronSecurityManagerTest" classname="HotTubController.Tests.Unit.Services.CronSecurityManagerTest" assertions="11" time="0.000543"/>
        <testcase name="testCleanupOldBackups" file="/home/steve/dev/hot-tub-controller/backend/tests/Unit/Services/CronSecurityManagerTest.php" line="216" class="HotTubController\Tests\Unit\Services\CronSecurityManagerTest" classname="HotTubController.Tests.Unit.Services.CronSecurityManagerTest" assertions="3" time="0.000530"/>
        <testcase name="testGenerateApiKeyFormat" file="/home/steve/dev/hot-tub-controller/backend/tests/Unit/Services/CronSecurityManagerTest.php" line="47" class="HotTubController\Tests\Unit\Services\CronSecurityManagerTest" classname="HotTubController.Tests.Unit.Services.CronSecurityManagerTest" assertions="4" time="0.000443"/>
        <testcase name="testRotateApiKey" file="/home/steve/dev/hot-tub-controller/backend/tests/Unit/Services/CronSecurityManagerTest.php" line="155" class="HotTubController\Tests\Unit\Services\CronSecurityManagerTest" classname="HotTubController.Tests.Unit.Services.CronSecurityManagerTest" assertions="6" time="0.001169"/>
        <testcase name="testBackupExistingKey" file="/home/steve/dev/hot-tub-controller/backend/tests/Unit/Services/CronSecurityManagerTest.php" line="239" class="HotTubController\Tests\Unit\Services\CronSecurityManagerTest" classname="HotTubController.Tests.Unit.Services.CronSecurityManagerTest" assertions="3" time="0.001610"/>
      </testsuite>
      <testsuite name="Tests\Unit\Services\IftttWebhookClientFactoryTest" file="/home/steve/dev/hot-tub-controller/backend/tests/Unit/Services/IftttWebhookClientFactoryTest.php" tests="17" assertions="44" errors="0" failures="0" skipped="0" time="0.003060">
        <testcase name="testFactoryCreatesClientWithApiKeyInProduction" file="/home/steve/dev/hot-tub-controller/backend/tests/Unit/Services/IftttWebhookClientFactoryTest.php" line="35" class="Tests\Unit\Services\IftttWebhookClientFactoryTest" classname="Tests.Unit.Services.IftttWebhookClientFactoryTest" assertions="3" time="0.000303"/>
        <testcase name="testFactoryCreatesTestModeClientWhenApiKeyMissing" file="/home/steve/dev/hot-tub-controller/backend/tests/Unit/Services/IftttWebhookClientFactoryTest.php" line="50" class="Tests\Unit\Services\IftttWebhookClientFactoryTest" classname="Tests.Unit.Services.IftttWebhookClientFactoryTest" assertions="3" time="0.000204"/>
        <testcase name="testFactoryCreatesTestModeClientInTestingEnvironment" file="/home/steve/dev/hot-tub-controller/backend/tests/Unit/Services/IftttWebhookClientFactoryTest.php" line="65" class="Tests\Unit\Services\IftttWebhookClientFactoryTest" classname="Tests.Unit.Services.IftttWebhookClientFactoryTest" assertions="3" time="0.000194"/>
        <testcase name="testFactoryForcesTestModeWhenApiKeyExistsInTestEnvironment" file="/home/steve/dev/hot-tub-controller/backend/tests/Unit/Services/IftttWebhookClientFactoryTest.php" line="80" class="Tests\Unit\Services\IftttWebhookClientFactoryTest" classname="Tests.Unit.Services.IftttWebhookClientFactoryTest" assertions="3" time="0.000194"/>
        <testcase name="testFactoryRespectsDryRunParameter" file="/home/steve/dev/hot-tub-controller/backend/tests/Unit/Services/IftttWebhookClientFactoryTest.php" line="95" class="Tests\Unit\Services\IftttWebhookClientFactoryTest" classname="Tests.Unit.Services.IftttWebhookClientFactoryTest" assertions="3" time="0.000190"/>
        <testcase name="testCreateProductionWithValidParameters" file="/home/steve/dev/hot-tub-controller/backend/tests/Unit/Services/IftttWebhookClientFactoryTest.php" line="110" class="Tests\Unit\Services\IftttWebhookClientFactoryTest" classname="Tests.Unit.Services.IftttWebhookClientFactoryTest" assertions="3" time="0.000170"/>
        <testcase name="testCreateProductionThrowsExceptionInTestEnvironment" file="/home/steve/dev/hot-tub-controller/backend/tests/Unit/Services/IftttWebhookClientFactoryTest.php" line="124" class="Tests\Unit\Services\IftttWebhookClientFactoryTest" classname="Tests.Unit.Services.IftttWebhookClientFactoryTest" assertions="2" time="0.000159"/>
        <testcase name="testCreateProductionThrowsExceptionWithEmptyApiKey" file="/home/steve/dev/hot-tub-controller/backend/tests/Unit/Services/IftttWebhookClientFactoryTest.php" line="137" class="Tests\Unit\Services\IftttWebhookClientFactoryTest" classname="Tests.Unit.Services.IftttWebhookClientFactoryTest" assertions="2" time="0.000139"/>
        <testcase name="testCreateSafeAlwaysCreatesSafeClient" file="/home/steve/dev/hot-tub-controller/backend/tests/Unit/Services/IftttWebhookClientFactoryTest.php" line="150" class="Tests\Unit\Services\IftttWebhookClientFactoryTest" classname="Tests.Unit.Services.IftttWebhookClientFactoryTest" assertions="3" time="0.000167"/>
        <testcase name="testCreateSafeRespectsDryRunParameter" file="/home/steve/dev/hot-tub-controller/backend/tests/Unit/Services/IftttWebhookClientFactoryTest.php" line="165" class="Tests\Unit\Services\IftttWebhookClientFactoryTest" classname="Tests.Unit.Services.IftttWebhookClientFactoryTest" assertions="3" time="0.000228"/>
        <testcase name="testGetEnvironmentInfoReturnsCorrectInformation" file="/home/steve/dev/hot-tub-controller/backend/tests/Unit/Services/IftttWebhookClientFactoryTest.php" line="177" class="Tests\Unit\Services\IftttWebhookClientFactoryTest" classname="Tests.Unit.Services.IftttWebhookClientFactoryTest" assertions="6" time="0.000202"/>
        <testcase name="testGetEnvironmentInfoDetectsTestEnvironment" file="/home/steve/dev/hot-tub-controller/backend/tests/Unit/Services/IftttWebhookClientFactoryTest.php" line="195" class="Tests\Unit\Services\IftttWebhookClientFactoryTest" classname="Tests.Unit.Services.IftttWebhookClientFactoryTest" assertions="4" time="0.000168"/>
        <testcase name="testGetEnvironmentInfoProvidesRecommendationsForProductionWithoutApiKey" file="/home/steve/dev/hot-tub-controller/backend/tests/Unit/Services/IftttWebhookClientFactoryTest.php" line="211" class="Tests\Unit\Services\IftttWebhookClientFactoryTest" classname="Tests.Unit.Services.IftttWebhookClientFactoryTest" assertions="1" time="0.000141"/>
        <testcase name="testGetEnvironmentInfoProvidesRecommendationsForTestEnvironmentWithApiKey" file="/home/steve/dev/hot-tub-controller/backend/tests/Unit/Services/IftttWebhookClientFactoryTest.php" line="225" class="Tests\Unit\Services\IftttWebhookClientFactoryTest" classname="Tests.Unit.Services.IftttWebhookClientFactoryTest" assertions="1" time="0.000149"/>
        <testcase name="testGetEnvironmentInfoProvidesRecommendationsForDevelopmentWithApiKey" file="/home/steve/dev/hot-tub-controller/backend/tests/Unit/Services/IftttWebhookClientFactoryTest.php" line="239" class="Tests\Unit\Services\IftttWebhookClientFactoryTest" classname="Tests.Unit.Services.IftttWebhookClientFactoryTest" assertions="1" time="0.000159"/>
        <testcase name="testGetEnvironmentInfoShowsGoodConfiguration" file="/home/steve/dev/hot-tub-controller/backend/tests/Unit/Services/IftttWebhookClientFactoryTest.php" line="253" class="Tests\Unit\Services\IftttWebhookClientFactoryTest" classname="Tests.Unit.Services.IftttWebhookClientFactoryTest" assertions="1" time="0.000131"/>
        <testcase name="testFactoryDefaultsToProductionEnvironmentWhenAppEnvNotSet" file="/home/steve/dev/hot-tub-controller/backend/tests/Unit/Services/IftttWebhookClientFactoryTest.php" line="267" class="Tests\Unit\Services\IftttWebhookClientFactoryTest" classname="Tests.Unit.Services.IftttWebhookClientFactoryTest" assertions="2" time="0.000160"/>
      </testsuite>
      <testsuite name="Tests\Unit\Services\IftttWebhookClientTest" file="/home/steve/dev/hot-tub-controller/backend/tests/Unit/Services/IftttWebhookClientTest.php" tests="15" assertions="65" errors="0" failures="0" skipped="0" time="1.026175">
        <testcase name="testClientInitializationWithValidApiKey" file="/home/steve/dev/hot-tub-controller/backend/tests/Unit/Services/IftttWebhookClientTest.php" line="37" class="Tests\Unit\Services\IftttWebhookClientTest" classname="Tests.Unit.Services.IftttWebhookClientTest" assertions="3" time="0.000327"/>
        <testcase name="testClientInitializationWithNullApiKeyTriggersTestMode" file="/home/steve/dev/hot-tub-controller/backend/tests/Unit/Services/IftttWebhookClientTest.php" line="49" class="Tests\Unit\Services\IftttWebhookClientTest" classname="Tests.Unit.Services.IftttWebhookClientTest" assertions="2" time="0.000269"/>
        <testcase name="testClientInitializationWithEmptyApiKeyTriggersTestMode" file="/home/steve/dev/hot-tub-controller/backend/tests/Unit/Services/IftttWebhookClientTest.php" line="60" class="Tests\Unit\Services\IftttWebhookClientTest" classname="Tests.Unit.Services.IftttWebhookClientTest" assertions="2" time="0.000226"/>
        <testcase name="testClientInitializationWithDryRunMode" file="/home/steve/dev/hot-tub-controller/backend/tests/Unit/Services/IftttWebhookClientTest.php" line="71" class="Tests\Unit\Services\IftttWebhookClientTest" classname="Tests.Unit.Services.IftttWebhookClientTest" assertions="2" time="0.000206"/>
        <testcase name="testClientInitializationWithTestModeAndDryRun" file="/home/steve/dev/hot-tub-controller/backend/tests/Unit/Services/IftttWebhookClientTest.php" line="82" class="Tests\Unit\Services\IftttWebhookClientTest" classname="Tests.Unit.Services.IftttWebhookClientTest" assertions="2" time="0.000360"/>
        <testcase name="testAuditLoggingDuringInitialization" file="/home/steve/dev/hot-tub-controller/backend/tests/Unit/Services/IftttWebhookClientTest.php" line="93" class="Tests\Unit\Services\IftttWebhookClientTest" classname="Tests.Unit.Services.IftttWebhookClientTest" assertions="6" time="0.000316"/>
        <testcase name="testConnectivityTestInTestMode" file="/home/steve/dev/hot-tub-controller/backend/tests/Unit/Services/IftttWebhookClientTest.php" line="170" class="Tests\Unit\Services\IftttWebhookClientTest" classname="Tests.Unit.Services.IftttWebhookClientTest" assertions="8" time="0.000406"/>
        <testcase name="testConnectivityTestInDryRunMode" file="/home/steve/dev/hot-tub-controller/backend/tests/Unit/Services/IftttWebhookClientTest.php" line="190" class="Tests\Unit\Services\IftttWebhookClientTest" classname="Tests.Unit.Services.IftttWebhookClientTest" assertions="5" time="0.000288"/>
        <testcase name="testAuditLoggingCreatesDirectoryIfNotExists" file="/home/steve/dev/hot-tub-controller/backend/tests/Unit/Services/IftttWebhookClientTest.php" line="206" class="Tests\Unit\Services\IftttWebhookClientTest" classname="Tests.Unit.Services.IftttWebhookClientTest" assertions="2" time="0.000538"/>
        <testcase name="testDefaultTimeoutValue" file="/home/steve/dev/hot-tub-controller/backend/tests/Unit/Services/IftttWebhookClientTest.php" line="250" class="Tests\Unit\Services\IftttWebhookClientTest" classname="Tests.Unit.Services.IftttWebhookClientTest" assertions="1" time="0.000218"/>
        <testcase name="testAuditLogContainsProperJsonStructure" file="/home/steve/dev/hot-tub-controller/backend/tests/Unit/Services/IftttWebhookClientTest.php" line="224" class="Tests\Unit\Services\IftttWebhookClientTest" classname="Tests.Unit.Services.IftttWebhookClientTest" assertions="15" time="0.306309"/>
        <testcase name="testTriggerInTestModeReturnsSimulatedSuccess" file="/home/steve/dev/hot-tub-controller/backend/tests/Unit/Services/IftttWebhookClientTest.php" line="116" class="Tests\Unit\Services\IftttWebhookClientTest" classname="Tests.Unit.Services.IftttWebhookClientTest" assertions="3" time="0.102066"/>
        <testcase name="testTriggerInDryRunModeReturnsSimulatedSuccess" file="/home/steve/dev/hot-tub-controller/backend/tests/Unit/Services/IftttWebhookClientTest.php" line="133" class="Tests\Unit\Services\IftttWebhookClientTest" classname="Tests.Unit.Services.IftttWebhookClientTest" assertions="3" time="0.103488"/>
        <testcase name="testSimulatedTriggersHaveRealisticTiming" file="/home/steve/dev/hot-tub-controller/backend/tests/Unit/Services/IftttWebhookClientTest.php" line="263" class="Tests\Unit\Services\IftttWebhookClientTest" classname="Tests.Unit.Services.IftttWebhookClientTest" assertions="3" time="0.102594"/>
        <testcase name="testHotTubControlMethodsInTestMode" file="/home/steve/dev/hot-tub-controller/backend/tests/Unit/Services/IftttWebhookClientTest.php" line="150" class="Tests\Unit\Services\IftttWebhookClientTest" classname="Tests.Unit.Services.IftttWebhookClientTest" assertions="8" time="0.408565"/>
      </testsuite>
      <testsuite name="Tests\Unit\Services\WirelessTagClientTest" file="/home/steve/dev/hot-tub-controller/backend/tests/Unit/Services/WirelessTagClientTest.php" tests="15" assertions="56" errors="0" failures="0" skipped="0" time="0.002602">
        <testcase name="testProcessTemperatureDataWithInvalidDeviceIndex" file="/home/steve/dev/hot-tub-controller/backend/tests/Unit/Services/WirelessTagClientTest.php" line="121" class="Tests\Unit\Services\WirelessTagClientTest" classname="Tests.Unit.Services.WirelessTagClientTest" assertions="2" time="0.000174"/>
        <testcase name="testTemperatureValidationWithValidTemperatures" file="/home/steve/dev/hot-tub-controller/backend/tests/Unit/Services/WirelessTagClientTest.php" line="136" class="Tests\Unit\Services\WirelessTagClientTest" classname="Tests.Unit.Services.WirelessTagClientTest" assertions="6" time="0.000175"/>
        <testcase name="testCelsiusToFahrenheitConversion" file="/home/steve/dev/hot-tub-controller/backend/tests/Unit/Services/WirelessTagClientTest.php" line="189" class="Tests\Unit\Services\WirelessTagClientTest" classname="Tests.Unit.Services.WirelessTagClientTest" assertions="5" time="0.000183"/>
        <testcase name="testWirelessTagTimestampConversion" file="/home/steve/dev/hot-tub-controller/backend/tests/Unit/Services/WirelessTagClientTest.php" line="206" class="Tests\Unit\Services\WirelessTagClientTest" classname="Tests.Unit.Services.WirelessTagClientTest" assertions="1" time="0.000129"/>
        <testcase name="testProcessTemperatureDataWithMalformedData" file="/home/steve/dev/hot-tub-controller/backend/tests/Unit/Services/WirelessTagClientTest.php" line="238" class="Tests\Unit\Services\WirelessTagClientTest" classname="Tests.Unit.Services.WirelessTagClientTest" assertions="1" time="0.000127"/>
        <testcase name="testProcessTemperatureDataWithMissingFields" file="/home/steve/dev/hot-tub-controller/backend/tests/Unit/Services/WirelessTagClientTest.php" line="219" class="Tests\Unit\Services\WirelessTagClientTest" classname="Tests.Unit.Services.WirelessTagClientTest" assertions="1" time="0.000162"/>
        <testcase name="testClientInitializationWithValidToken" file="/home/steve/dev/hot-tub-controller/backend/tests/Unit/Services/WirelessTagClientTest.php" line="31" class="Tests\Unit\Services\WirelessTagClientTest" classname="Tests.Unit.Services.WirelessTagClientTest" assertions="1" time="0.000114"/>
        <testcase name="testClientInitializationWithEmptyTokenCreatesTestMode" file="/home/steve/dev/hot-tub-controller/backend/tests/Unit/Services/WirelessTagClientTest.php" line="40" class="Tests\Unit\Services\WirelessTagClientTest" classname="Tests.Unit.Services.WirelessTagClientTest" assertions="2" time="0.000200"/>
        <testcase name="testClientInitializationWithNullTokenCreatesTestMode" file="/home/steve/dev/hot-tub-controller/backend/tests/Unit/Services/WirelessTagClientTest.php" line="50" class="Tests\Unit\Services\WirelessTagClientTest" classname="Tests.Unit.Services.WirelessTagClientTest" assertions="2" time="0.000155"/>
        <testcase name="testClientInitializationWithValidTokenCreatesProductionMode" file="/home/steve/dev/hot-tub-controller/backend/tests/Unit/Services/WirelessTagClientTest.php" line="60" class="Tests\Unit\Services\WirelessTagClientTest" classname="Tests.Unit.Services.WirelessTagClientTest" assertions="2" time="0.000133"/>
        <testcase name="testProcessTemperatureDataWithValidData" file="/home/steve/dev/hot-tub-controller/backend/tests/Unit/Services/WirelessTagClientTest.php" line="70" class="Tests\Unit\Services\WirelessTagClientTest" classname="Tests.Unit.Services.WirelessTagClientTest" assertions="15" time="0.000453"/>
        <testcase name="testTemperatureValidationWithInvalidTemperatures" file="/home/steve/dev/hot-tub-controller/backend/tests/Unit/Services/WirelessTagClientTest.php" line="152" class="Tests\Unit\Services\WirelessTagClientTest" classname="Tests.Unit.Services.WirelessTagClientTest" assertions="5" time="0.000175"/>
        <testcase name="testAmbientTemperatureCalibration" file="/home/steve/dev/hot-tub-controller/backend/tests/Unit/Services/WirelessTagClientTest.php" line="167" class="Tests\Unit\Services\WirelessTagClientTest" classname="Tests.Unit.Services.WirelessTagClientTest" assertions="3" time="0.000138"/>
        <testcase name="testBatteryLevelAssessment" file="/home/steve/dev/hot-tub-controller/backend/tests/Unit/Services/WirelessTagClientTest.php" line="258" class="Tests\Unit\Services\WirelessTagClientTest" classname="Tests.Unit.Services.WirelessTagClientTest" assertions="5" time="0.000143"/>
        <testcase name="testSignalStrengthAssessment" file="/home/steve/dev/hot-tub-controller/backend/tests/Unit/Services/WirelessTagClientTest.php" line="275" class="Tests\Unit\Services\WirelessTagClientTest" classname="Tests.Unit.Services.WirelessTagClientTest" assertions="5" time="0.000140"/>
      </testsuite>
    </testsuite>
  </testsuite>
</testsuites>
